<?xml version="1.0" encoding="UTF-8"?>
<coverage generated="1783366105779" clover="3.2.0">
  <project timestamp="1783366105779" name="All files">
    <metrics statements="637" coveredstatements="610" conditionals="241" coveredconditionals="206" methods="88" coveredmethods="85" elements="966" coveredelements="901" complexity="0" loc="637" ncloc="637" packages="5" files="15" classes="15"/>
    <package name="controllers">
      <metrics statements="545" coveredstatements="523" conditionals="218" coveredconditionals="184" methods="70" coveredmethods="67"/>
      <file name="adicionalController.ts" path="C:\dev\workspace\mestre-dos-tragos\backend\src\controllers\adicionalController.ts">
        <metrics statements="43" coveredstatements="43" conditionals="16" coveredconditionals="15" methods="7" coveredmethods="7"/>
        <line num="2" count="1" type="stmt"/>
        <line num="12" count="1" type="stmt"/>
        <line num="13" count="2" type="stmt"/>
        <line num="14" count="2" type="stmt"/>
        <line num="22" count="1" type="stmt"/>
        <line num="24" count="1" type="stmt"/>
        <line num="31" count="1" type="stmt"/>
        <line num="32" count="3" type="stmt"/>
        <line num="33" count="3" type="stmt"/>
        <line num="35" count="3" type="stmt"/>
        <line num="42" count="2" type="cond" truecount="1" falsecount="0"/>
        <line num="43" count="1" type="stmt"/>
        <line num="46" count="1" type="stmt"/>
        <line num="48" count="1" type="stmt"/>
        <line num="55" count="1" type="stmt"/>
        <line num="56" count="4" type="stmt"/>
        <line num="57" count="4" type="stmt"/>
        <line num="59" count="4" type="cond" truecount="3" falsecount="0"/>
        <line num="60" count="1" type="stmt"/>
        <line num="63" count="3" type="stmt"/>
        <line num="69" count="2" type="stmt"/>
        <line num="81" count="2" type="stmt"/>
        <line num="86" count="1" type="stmt"/>
        <line num="93" count="1" type="stmt"/>
        <line num="94" count="3" type="stmt"/>
        <line num="95" count="3" type="stmt"/>
        <line num="96" count="3" type="stmt"/>
        <line num="98" count="3" type="stmt"/>
        <line num="99" count="2" type="cond" truecount="1" falsecount="0"/>
        <line num="100" count="1" type="stmt"/>
        <line num="103" count="1" type="stmt"/>
        <line num="111" count="1" type="stmt"/>
        <line num="123" count="1" type="stmt"/>
        <line num="128" count="1" type="stmt"/>
        <line num="135" count="1" type="stmt"/>
        <line num="136" count="3" type="stmt"/>
        <line num="137" count="3" type="stmt"/>
        <line num="139" count="3" type="stmt"/>
        <line num="140" count="2" type="cond" truecount="1" falsecount="0"/>
        <line num="141" count="1" type="stmt"/>
        <line num="144" count="1" type="stmt"/>
        <line num="149" count="1" type="stmt"/>
        <line num="151" count="1" type="stmt"/>
      </file>
      <file name="authController.ts" path="C:\dev\workspace\mestre-dos-tragos\backend\src\controllers\authController.ts">
        <metrics statements="56" coveredstatements="55" conditionals="12" coveredconditionals="11" methods="5" coveredmethods="5"/>
        <line num="2" count="1" type="stmt"/>
        <line num="3" count="1" type="stmt"/>
        <line num="4" count="1" type="stmt"/>
        <line num="5" count="1" type="stmt"/>
        <line num="6" count="1" type="stmt"/>
        <line num="16" count="1" type="stmt"/>
        <line num="17" count="2" type="stmt"/>
        <line num="18" count="2" type="stmt"/>
        <line num="24" count="1" type="stmt"/>
        <line num="26" count="1" type="stmt"/>
        <line num="34" count="1" type="stmt"/>
        <line num="35" count="5" type="stmt"/>
        <line num="36" count="5" type="stmt"/>
        <line num="38" count="4" type="stmt"/>
        <line num="39" count="3" type="cond" truecount="1" falsecount="0"/>
        <line num="40" count="1" type="stmt"/>
        <line num="43" count="2" type="stmt"/>
        <line num="45" count="2" type="stmt"/>
        <line num="55" count="2" type="stmt"/>
        <line num="57" count="2" type="cond" truecount="1" falsecount="0"/>
        <line num="58" count="1" type="stmt"/>
        <line num="61" count="1" type="stmt"/>
        <line num="70" count="1" type="stmt"/>
        <line num="71" count="6" type="stmt"/>
        <line num="72" count="6" type="stmt"/>
        <line num="74" count="5" type="stmt"/>
        <line num="76" count="4" type="cond" truecount="1" falsecount="0"/>
        <line num="77" count="1" type="stmt"/>
        <line num="80" count="3" type="cond" truecount="1" falsecount="0"/>
        <line num="81" count="1" type="stmt"/>
        <line num="84" count="2" type="stmt"/>
        <line num="85" count="2" type="cond" truecount="1" falsecount="0"/>
        <line num="86" count="1" type="stmt"/>
        <line num="89" count="1" type="stmt"/>
        <line num="95" count="1" type="stmt"/>
        <line num="106" count="2" type="cond" truecount="1" falsecount="0"/>
        <line num="107" count="1" type="stmt"/>
        <line num="110" count="1" type="stmt"/>
        <line num="118" count="1" type="stmt"/>
        <line num="119" count="3" type="stmt"/>
        <line num="120" count="3" type="stmt"/>
        <line num="121" count="3" type="stmt"/>
        <line num="129" count="3" type="stmt"/>
        <line num="131" count="3" type="cond" truecount="1" falsecount="0"/>
        <line num="132" count="1" type="stmt"/>
        <line num="135" count="3" type="stmt"/>
        <line num="141" count="2" type="stmt"/>
        <line num="143" count="1" type="cond" truecount="0" falsecount="1"/>
        <line num="144" count="0" type="stmt"/>
        <line num="147" count="1" type="stmt"/>
        <line num="156" count="1" type="stmt"/>
        <line num="157" count="2" type="stmt"/>
        <line num="158" count="2" type="stmt"/>
        <line num="160" count="2" type="stmt"/>
        <line num="162" count="1" type="stmt"/>
        <line num="164" count="1" type="stmt"/>
      </file>
      <file name="categoriaController.ts" path="C:\dev\workspace\mestre-dos-tragos\backend\src\controllers\categoriaController.ts">
        <metrics statements="41" coveredstatements="41" conditionals="6" coveredconditionals="6" methods="4" coveredmethods="4"/>
        <line num="2" count="1" type="stmt"/>
        <line num="8" count="1" type="stmt"/>
        <line num="9" count="2" type="stmt"/>
        <line num="10" count="2" type="stmt"/>
        <line num="15" count="1" type="stmt"/>
        <line num="18" count="1" type="stmt"/>
        <line num="26" count="1" type="stmt"/>
        <line num="27" count="4" type="stmt"/>
        <line num="28" count="4" type="stmt"/>
        <line num="30" count="4" type="cond" truecount="1" falsecount="0"/>
        <line num="31" count="1" type="stmt"/>
        <line num="34" count="3" type="stmt"/>
        <line num="38" count="2" type="cond" truecount="1" falsecount="0"/>
        <line num="39" count="1" type="stmt"/>
        <line num="44" count="1" type="stmt"/>
        <line num="48" count="1" type="stmt"/>
        <line num="54" count="1" type="stmt"/>
        <line num="62" count="1" type="stmt"/>
        <line num="63" count="4" type="stmt"/>
        <line num="65" count="4" type="stmt"/>
        <line num="66" count="4" type="stmt"/>
        <line num="68" count="4" type="cond" truecount="1" falsecount="0"/>
        <line num="69" count="1" type="stmt"/>
        <line num="72" count="3" type="stmt"/>
        <line num="76" count="2" type="cond" truecount="1" falsecount="0"/>
        <line num="77" count="1" type="stmt"/>
        <line num="80" count="1" type="stmt"/>
        <line num="85" count="1" type="stmt"/>
        <line num="91" count="1" type="stmt"/>
        <line num="99" count="1" type="stmt"/>
        <line num="100" count="4" type="stmt"/>
        <line num="102" count="4" type="stmt"/>
        <line num="104" count="4" type="stmt"/>
        <line num="108" count="3" type="cond" truecount="1" falsecount="0"/>
        <line num="109" count="1" type="stmt"/>
        <line num="112" count="2" type="stmt"/>
        <line num="119" count="2" type="cond" truecount="1" falsecount="0"/>
        <line num="120" count="1" type="stmt"/>
        <line num="125" count="1" type="stmt"/>
        <line num="130" count="1" type="stmt"/>
        <line num="133" count="1" type="stmt"/>
      </file>
      <file name="pedidoController.ts" path="C:\dev\workspace\mestre-dos-tragos\backend\src\controllers\pedidoController.ts">
        <metrics statements="112" coveredstatements="101" conditionals="52" coveredconditionals="43" methods="11" coveredmethods="10"/>
        <line num="2" count="1" type="stmt"/>
        <line num="3" count="1" type="stmt"/>
        <line num="4" count="1" type="stmt"/>
        <line num="36" count="3" type="stmt"/>
        <line num="37" count="3" type="stmt"/>
        <line num="38" count="3" type="stmt"/>
        <line num="40" count="3" type="cond" truecount="2" falsecount="0"/>
        <line num="42" count="2" type="stmt"/>
        <line num="44" count="2" type="cond" truecount="1" falsecount="0"/>
        <line num="45" count="1" type="stmt"/>
        <line num="46" count="1" type="stmt"/>
        <line num="47" count="1" type="cond" truecount="1" falsecount="0"/>
        <line num="48" count="1" type="stmt"/>
        <line num="49" count="1" type="stmt"/>
        <line num="50" count="1" type="stmt"/>
        <line num="56" count="1" type="cond" truecount="1" falsecount="1"/>
        <line num="57" count="0" type="cond" truecount="0" falsecount="1"/>
        <line num="60" count="0" type="stmt"/>
        <line num="61" count="0" type="cond" truecount="0" falsecount="1"/>
        <line num="63" count="0" type="stmt"/>
        <line num="66" count="0" type="cond" truecount="0" falsecount="1"/>
        <line num="67" count="0" type="stmt"/>
        <line num="68" count="0" type="stmt"/>
        <line num="71" count="0" type="cond" truecount="0" falsecount="1"/>
        <line num="72" count="0" type="stmt"/>
        <line num="73" count="0" type="stmt"/>
        <line num="74" count="0" type="stmt"/>
        <line num="80" count="1" type="cond" truecount="1" falsecount="0"/>
        <line num="81" count="1" type="cond" truecount="0" falsecount="1"/>
        <line num="84" count="1" type="stmt"/>
        <line num="85" count="1" type="cond" truecount="0" falsecount="1"/>
        <line num="87" count="1" type="cond" truecount="1" falsecount="1"/>
        <line num="88" count="1" type="stmt"/>
        <line num="90" count="1" type="cond" truecount="1" falsecount="0"/>
        <line num="91" count="2" type="stmt"/>
        <line num="95" count="3" type="stmt"/>
        <line num="103" count="1" type="stmt"/>
        <line num="104" count="8" type="stmt"/>
        <line num="105" count="8" type="stmt"/>
        <line num="106" count="8" type="stmt"/>
        <line num="109" count="8" type="cond" truecount="3" falsecount="0"/>
        <line num="110" count="1" type="stmt"/>
        <line num="113" count="7" type="stmt"/>
        <line num="114" count="7" type="stmt"/>
        <line num="116" count="7" type="stmt"/>
        <line num="117" count="7" type="stmt"/>
        <line num="122" count="6" type="cond" truecount="1" falsecount="0"/>
        <line num="123" count="1" type="stmt"/>
        <line num="127" count="5" type="cond" truecount="3" falsecount="0"/>
        <line num="128" count="1" type="stmt"/>
        <line num="132" count="4" type="cond" truecount="4" falsecount="0"/>
        <line num="133" count="1" type="stmt"/>
        <line num="136" count="3" type="stmt"/>
        <line num="138" count="3" type="stmt"/>
        <line num="139" count="3" type="cond" truecount="3" falsecount="0"/>
        <line num="140" count="1" type="stmt"/>
        <line num="143" count="2" type="stmt"/>
        <line num="144" count="2" type="stmt"/>
        <line num="146" count="2" type="stmt"/>
        <line num="158" count="2" type="stmt"/>
        <line num="180" count="2" type="stmt"/>
        <line num="182" count="2" type="stmt"/>
        <line num="184" count="1" type="stmt"/>
        <line num="185" count="1" type="stmt"/>
        <line num="194" count="1" type="stmt"/>
        <line num="196" count="1" type="stmt"/>
        <line num="197" count="3" type="stmt"/>
        <line num="198" count="3" type="cond" truecount="1" falsecount="0"/>
        <line num="202" count="3" type="cond" truecount="2" falsecount="0"/>
        <line num="207" count="3" type="stmt"/>
        <line num="208" count="3" type="stmt"/>
        <line num="213" count="3" type="stmt"/>
        <line num="229" count="2" type="stmt"/>
        <line num="231" count="1" type="stmt"/>
        <line num="232" count="1" type="stmt"/>
        <line num="240" count="1" type="stmt"/>
        <line num="241" count="3" type="stmt"/>
        <line num="242" count="3" type="stmt"/>
        <line num="244" count="3" type="stmt"/>
        <line num="258" count="2" type="cond" truecount="1" falsecount="0"/>
        <line num="260" count="1" type="stmt"/>
        <line num="262" count="1" type="stmt"/>
        <line num="263" count="1" type="stmt"/>
        <line num="274" count="1" type="stmt"/>
        <line num="282" count="1" type="stmt"/>
        <line num="283" count="7" type="stmt"/>
        <line num="284" count="7" type="stmt"/>
        <line num="285" count="7" type="stmt"/>
        <line num="287" count="7" type="cond" truecount="1" falsecount="0"/>
        <line num="289" count="6" type="cond" truecount="1" falsecount="0"/>
        <line num="290" count="1" type="stmt"/>
        <line num="293" count="5" type="stmt"/>
        <line num="294" count="4" type="cond" truecount="1" falsecount="0"/>
        <line num="297" count="3" type="cond" truecount="1" falsecount="1"/>
        <line num="298" count="3" type="cond" truecount="1" falsecount="0"/>
        <line num="299" count="1" type="stmt"/>
        <line num="305" count="2" type="stmt"/>
        <line num="315" count="2" type="stmt"/>
        <line num="317" count="2" type="stmt"/>
        <line num="319" count="1" type="stmt"/>
        <line num="320" count="1" type="stmt"/>
        <line num="329" count="1" type="stmt"/>
        <line num="330" count="4" type="stmt"/>
        <line num="331" count="4" type="stmt"/>
        <line num="333" count="4" type="stmt"/>
        <line num="334" count="3" type="cond" truecount="1" falsecount="0"/>
        <line num="337" count="2" type="cond" truecount="1" falsecount="0"/>
        <line num="338" count="1" type="stmt"/>
        <line num="343" count="1" type="stmt"/>
        <line num="348" count="1" type="stmt"/>
        <line num="350" count="1" type="stmt"/>
        <line num="351" count="1" type="stmt"/>
      </file>
      <file name="produtoController.ts" path="C:\dev\workspace\mestre-dos-tragos\backend\src\controllers\produtoController.ts">
        <metrics statements="106" coveredstatements="101" conditionals="80" coveredconditionals="64" methods="11" coveredmethods="9"/>
        <line num="3" count="1" type="stmt"/>
        <line num="23" count="1" type="stmt"/>
        <line num="37" count="1" type="stmt"/>
        <line num="38" count="1" type="stmt"/>
        <line num="42" count="13" type="cond" truecount="4" falsecount="0"/>
        <line num="43" count="11" type="stmt"/>
        <line num="44" count="11" type="cond" truecount="3" falsecount="0"/>
        <line num="45" count="9" type="stmt"/>
        <line num="48" count="1" type="stmt"/>
        <line num="49" count="3" type="stmt"/>
        <line num="50" count="3" type="stmt"/>
        <line num="52" count="3" type="stmt"/>
        <line num="54" count="3" type="cond" truecount="0" falsecount="1"/>
        <line num="55" count="0" type="stmt"/>
        <line num="58" count="3" type="cond" truecount="1" falsecount="0"/>
        <line num="59" count="1" type="stmt"/>
        <line num="62" count="3" type="stmt"/>
        <line num="71" count="2" type="stmt"/>
        <line num="73" count="1" type="stmt"/>
        <line num="74" count="1" type="stmt"/>
        <line num="78" count="1" type="stmt"/>
        <line num="79" count="3" type="stmt"/>
        <line num="80" count="3" type="stmt"/>
        <line num="82" count="3" type="stmt"/>
        <line num="87" count="2" type="cond" truecount="1" falsecount="0"/>
        <line num="88" count="1" type="stmt"/>
        <line num="91" count="1" type="stmt"/>
        <line num="93" count="1" type="stmt"/>
        <line num="94" count="1" type="stmt"/>
        <line num="98" count="1" type="stmt"/>
        <line num="99" count="10" type="stmt"/>
        <line num="110" count="10" type="stmt"/>
        <line num="112" count="10" type="cond" truecount="4" falsecount="0"/>
        <line num="113" count="1" type="stmt"/>
        <line num="116" count="9" type="cond" truecount="1" falsecount="0"/>
        <line num="117" count="1" type="stmt"/>
        <line num="120" count="8" type="cond" truecount="1" falsecount="0"/>
        <line num="121" count="4" type="stmt"/>
        <line num="122" count="4" type="cond" truecount="1" falsecount="0"/>
        <line num="123" count="1" type="stmt"/>
        <line num="127" count="7" type="cond" truecount="3" falsecount="0"/>
        <line num="128" count="4" type="cond" truecount="3" falsecount="0"/>
        <line num="129" count="1" type="stmt"/>
        <line num="132" count="3" type="stmt"/>
        <line num="133" count="4" type="cond" truecount="1" falsecount="0"/>
        <line num="134" count="1" type="stmt"/>
        <line num="136" count="3" type="cond" truecount="1" falsecount="0"/>
        <line num="137" count="1" type="stmt"/>
        <line num="142" count="4" type="stmt"/>
        <line num="146" count="4" type="cond" truecount="1" falsecount="0"/>
        <line num="147" count="1" type="stmt"/>
        <line num="150" count="3" type="stmt"/>
        <line num="163" count="2" type="stmt"/>
        <line num="173" count="1" type="stmt"/>
        <line num="183" count="3" type="stmt"/>
        <line num="188" count="2" type="stmt"/>
        <line num="190" count="1" type="stmt"/>
        <line num="191" count="1" type="stmt"/>
        <line num="195" count="1" type="stmt"/>
        <line num="196" count="6" type="stmt"/>
        <line num="197" count="6" type="stmt"/>
        <line num="208" count="6" type="stmt"/>
        <line num="210" count="6" type="stmt"/>
        <line num="212" count="5" type="cond" truecount="1" falsecount="0"/>
        <line num="213" count="1" type="stmt"/>
        <line num="216" count="4" type="cond" truecount="1" falsecount="0"/>
        <line num="217" count="2" type="stmt"/>
        <line num="221" count="2" type="cond" truecount="1" falsecount="0"/>
        <line num="222" count="1" type="stmt"/>
        <line num="226" count="3" type="cond" truecount="3" falsecount="0"/>
        <line num="227" count="1" type="stmt"/>
        <line num="230" count="2" type="cond" truecount="1" falsecount="0"/>
        <line num="231" count="1" type="stmt"/>
        <line num="232" count="1" type="cond" truecount="1" falsecount="0"/>
        <line num="233" count="1" type="stmt"/>
        <line num="235" count="0" type="cond" truecount="0" falsecount="1"/>
        <line num="236" count="0" type="stmt"/>
        <line num="241" count="1" type="stmt"/>
        <line num="261" count="0" type="stmt"/>
        <line num="272" count="0" type="stmt"/>
        <line num="282" count="1" type="stmt"/>
        <line num="288" count="1" type="stmt"/>
        <line num="290" count="1" type="stmt"/>
        <line num="291" count="1" type="stmt"/>
        <line num="295" count="1" type="stmt"/>
        <line num="296" count="5" type="stmt"/>
        <line num="297" count="5" type="stmt"/>
        <line num="299" count="5" type="stmt"/>
        <line num="301" count="4" type="cond" truecount="1" falsecount="0"/>
        <line num="302" count="1" type="stmt"/>
        <line num="305" count="3" type="cond" truecount="1" falsecount="0"/>
        <line num="306" count="1" type="stmt"/>
        <line num="309" count="2" type="stmt"/>
        <line num="315" count="2" type="stmt"/>
        <line num="322" count="1" type="stmt"/>
        <line num="323" count="1" type="stmt"/>
        <line num="327" count="1" type="stmt"/>
        <line num="328" count="3" type="stmt"/>
        <line num="329" count="3" type="stmt"/>
        <line num="331" count="3" type="stmt"/>
        <line num="333" count="2" type="cond" truecount="1" falsecount="0"/>
        <line num="334" count="1" type="stmt"/>
        <line num="337" count="1" type="stmt"/>
        <line num="342" count="1" type="stmt"/>
        <line num="344" count="1" type="stmt"/>
        <line num="345" count="1" type="stmt"/>
      </file>
      <file name="relatorioController.ts" path="C:\dev\workspace\mestre-dos-tragos\backend\src\controllers\relatorioController.ts">
        <metrics statements="141" coveredstatements="136" conditionals="38" coveredconditionals="34" methods="28" coveredmethods="28"/>
        <line num="3" count="1" type="stmt"/>
        <line num="10" count="1" type="stmt"/>
        <line num="11" count="3" type="stmt"/>
        <line num="12" count="3" type="stmt"/>
        <line num="15" count="3" type="stmt"/>
        <line num="16" count="3" type="stmt"/>
        <line num="17" count="3" type="stmt"/>
        <line num="18" count="3" type="stmt"/>
        <line num="20" count="3" type="stmt"/>
        <line num="27" count="2" type="stmt"/>
        <line num="28" count="3" type="stmt"/>
        <line num="29" count="3" type="stmt"/>
        <line num="32" count="2" type="stmt"/>
        <line num="35" count="2" type="cond" truecount="2" falsecount="0"/>
        <line num="40" count="2" type="stmt"/>
        <line num="41" count="2" type="cond" truecount="2" falsecount="0"/>
        <line num="43" count="2" type="stmt"/>
        <line num="44" count="2" type="stmt"/>
        <line num="48" count="2" type="stmt"/>
        <line num="58" count="1" type="stmt"/>
        <line num="59" count="1" type="stmt"/>
        <line num="68" count="1" type="stmt"/>
        <line num="69" count="4" type="stmt"/>
        <line num="70" count="4" type="stmt"/>
        <line num="73" count="4" type="cond" truecount="3" falsecount="0"/>
        <line num="74" count="1" type="stmt"/>
        <line num="79" count="3" type="stmt"/>
        <line num="80" count="3" type="stmt"/>
        <line num="81" count="3" type="stmt"/>
        <line num="82" count="3" type="stmt"/>
        <line num="85" count="3" type="cond" truecount="3" falsecount="0"/>
        <line num="86" count="1" type="stmt"/>
        <line num="89" count="2" type="stmt"/>
        <line num="100" count="2" type="stmt"/>
        <line num="101" count="2" type="stmt"/>
        <line num="103" count="1" type="stmt"/>
        <line num="104" count="1" type="cond" truecount="1" falsecount="1"/>
        <line num="109" count="1" type="stmt"/>
        <line num="110" count="1" type="stmt"/>
        <line num="111" count="1" type="stmt"/>
        <line num="112" count="1" type="cond" truecount="2" falsecount="0"/>
        <line num="115" count="1" type="stmt"/>
        <line num="129" count="1" type="stmt"/>
        <line num="138" count="1" type="stmt"/>
        <line num="139" count="1" type="stmt"/>
        <line num="148" count="1" type="stmt"/>
        <line num="149" count="3" type="stmt"/>
        <line num="150" count="3" type="stmt"/>
        <line num="153" count="3" type="stmt"/>
        <line num="157" count="3" type="cond" truecount="3" falsecount="0"/>
        <line num="158" count="1" type="stmt"/>
        <line num="159" count="1" type="stmt"/>
        <line num="160" count="1" type="stmt"/>
        <line num="161" count="1" type="stmt"/>
        <line num="163" count="1" type="stmt"/>
        <line num="169" count="3" type="stmt"/>
        <line num="181" count="2" type="stmt"/>
        <line num="183" count="2" type="stmt"/>
        <line num="184" count="3" type="stmt"/>
        <line num="185" count="3" type="cond" truecount="1" falsecount="0"/>
        <line num="186" count="2" type="stmt"/>
        <line num="188" count="3" type="stmt"/>
        <line num="189" count="3" type="stmt"/>
        <line num="193" count="2" type="stmt"/>
        <line num="194" count="2" type="stmt"/>
        <line num="199" count="1" type="stmt"/>
        <line num="201" count="2" type="stmt"/>
        <line num="206" count="1" type="stmt"/>
        <line num="207" count="1" type="stmt"/>
        <line num="216" count="1" type="stmt"/>
        <line num="217" count="2" type="stmt"/>
        <line num="218" count="2" type="stmt"/>
        <line num="220" count="2" type="stmt"/>
        <line num="222" count="2" type="cond" truecount="1" falsecount="2"/>
        <line num="223" count="0" type="stmt"/>
        <line num="224" count="0" type="stmt"/>
        <line num="225" count="0" type="stmt"/>
        <line num="226" count="0" type="stmt"/>
        <line num="227" count="0" type="stmt"/>
        <line num="231" count="2" type="stmt"/>
        <line num="249" count="1" type="stmt"/>
        <line num="250" count="2" type="stmt"/>
        <line num="251" count="5" type="stmt"/>
        <line num="252" count="5" type="stmt"/>
        <line num="253" count="4" type="stmt"/>
        <line num="255" count="2" type="stmt"/>
        <line num="268" count="1" type="stmt"/>
        <line num="270" count="1" type="stmt"/>
        <line num="272" count="1" type="stmt"/>
        <line num="273" count="1" type="stmt"/>
        <line num="282" count="1" type="stmt"/>
        <line num="283" count="3" type="stmt"/>
        <line num="284" count="3" type="stmt"/>
        <line num="287" count="3" type="cond" truecount="2" falsecount="0"/>
        <line num="288" count="3" type="stmt"/>
        <line num="289" count="3" type="stmt"/>
        <line num="290" count="3" type="stmt"/>
        <line num="291" count="3" type="stmt"/>
        <line num="293" count="3" type="stmt"/>
        <line num="294" count="3" type="stmt"/>
        <line num="297" count="3" type="stmt"/>
        <line num="298" count="11" type="stmt"/>
        <line num="303" count="10" type="stmt"/>
        <line num="305" count="2" type="stmt"/>
        <line num="311" count="1" type="stmt"/>
        <line num="312" count="1" type="stmt"/>
        <line num="322" count="1" type="stmt"/>
        <line num="323" count="3" type="stmt"/>
        <line num="324" count="3" type="stmt"/>
        <line num="326" count="3" type="stmt"/>
        <line num="328" count="3" type="cond" truecount="3" falsecount="0"/>
        <line num="329" count="1" type="stmt"/>
        <line num="330" count="1" type="stmt"/>
        <line num="331" count="1" type="stmt"/>
        <line num="332" count="1" type="stmt"/>
        <line num="333" count="1" type="stmt"/>
        <line num="336" count="3" type="stmt"/>
        <line num="337" count="2" type="stmt"/>
        <line num="340" count="2" type="cond" truecount="2" falsecount="0"/>
        <line num="344" count="2" type="stmt"/>
        <line num="351" count="1" type="stmt"/>
        <line num="352" count="1" type="stmt"/>
        <line num="361" count="1" type="stmt"/>
        <line num="362" count="3" type="stmt"/>
        <line num="363" count="3" type="stmt"/>
        <line num="366" count="3" type="cond" truecount="1" falsecount="1"/>
        <line num="367" count="3" type="stmt"/>
        <line num="368" count="3" type="stmt"/>
        <line num="369" count="3" type="stmt"/>
        <line num="372" count="3" type="stmt"/>
        <line num="373" count="3" type="stmt"/>
        <line num="374" count="3" type="stmt"/>
        <line num="375" count="3" type="stmt"/>
        <line num="379" count="6" type="stmt"/>
        <line num="382" count="4" type="stmt"/>
        <line num="383" count="4" type="stmt"/>
        <line num="393" count="3" type="stmt"/>
        <line num="399" count="2" type="cond" truecount="2" falsecount="0"/>
        <line num="403" count="2" type="stmt"/>
        <line num="417" count="1" type="stmt"/>
        <line num="418" count="1" type="stmt"/>
      </file>
      <file name="usuarioController.ts" path="C:\dev\workspace\mestre-dos-tragos\backend\src\controllers\usuarioController.ts">
        <metrics statements="46" coveredstatements="46" conditionals="14" coveredconditionals="11" methods="4" coveredmethods="4"/>
        <line num="2" count="2" type="stmt"/>
        <line num="3" count="2" type="stmt"/>
        <line num="10" count="2" type="stmt"/>
        <line num="11" count="4" type="stmt"/>
        <line num="12" count="4" type="stmt"/>
        <line num="25" count="2" type="stmt"/>
        <line num="27" count="2" type="stmt"/>
        <line num="36" count="2" type="stmt"/>
        <line num="37" count="10" type="stmt"/>
        <line num="38" count="10" type="stmt"/>
        <line num="41" count="10" type="cond" truecount="4" falsecount="0"/>
        <line num="42" count="2" type="stmt"/>
        <line num="46" count="8" type="stmt"/>
        <line num="47" count="6" type="cond" truecount="1" falsecount="0"/>
        <line num="48" count="2" type="stmt"/>
        <line num="52" count="4" type="stmt"/>
        <line num="54" count="4" type="stmt"/>
        <line num="72" count="4" type="stmt"/>
        <line num="74" count="2" type="stmt"/>
        <line num="83" count="2" type="stmt"/>
        <line num="84" count="8" type="stmt"/>
        <line num="85" count="8" type="stmt"/>
        <line num="86" count="8" type="stmt"/>
        <line num="89" count="8" type="stmt"/>
        <line num="90" count="6" type="cond" truecount="1" falsecount="0"/>
        <line num="91" count="2" type="stmt"/>
        <line num="96" count="4" type="stmt"/>
        <line num="97" count="4" type="cond" truecount="1" falsecount="0"/>
        <line num="98" count="4" type="cond" truecount="0" falsecount="1"/>
        <line num="99" count="4" type="cond" truecount="0" falsecount="1"/>
        <line num="100" count="4" type="cond" truecount="0" falsecount="1"/>
        <line num="103" count="4" type="cond" truecount="1" falsecount="0"/>
        <line num="104" count="2" type="stmt"/>
        <line num="107" count="4" type="stmt"/>
        <line num="120" count="4" type="stmt"/>
        <line num="122" count="2" type="stmt"/>
        <line num="131" count="2" type="stmt"/>
        <line num="132" count="6" type="stmt"/>
        <line num="133" count="6" type="stmt"/>
        <line num="136" count="6" type="stmt"/>
        <line num="137" count="4" type="cond" truecount="1" falsecount="0"/>
        <line num="138" count="2" type="stmt"/>
        <line num="141" count="2" type="stmt"/>
        <line num="143" count="2" type="stmt"/>
        <line num="145" count="2" type="stmt"/>
        <line num="146" count="2" type="stmt"/>
      </file>
    </package>
    <package name="docs">
      <metrics statements="2" coveredstatements="0" conditionals="0" coveredconditionals="0" methods="0" coveredmethods="0"/>
      <file name="swagger.ts" path="C:\dev\workspace\mestre-dos-tragos\backend\src\docs\swagger.ts">
        <metrics statements="2" coveredstatements="0" conditionals="0" coveredconditionals="0" methods="0" coveredmethods="0"/>
        <line num="1" count="0" type="stmt"/>
        <line num="3" count="0" type="stmt"/>
      </file>
    </package>
    <package name="middlewares">
      <metrics statements="28" coveredstatements="25" conditionals="6" coveredconditionals="6" methods="4" coveredmethods="4"/>
      <file name="auth.ts" path="C:\dev\workspace\mestre-dos-tragos\backend\src\middlewares\auth.ts">
        <metrics statements="13" coveredstatements="13" conditionals="4" coveredconditionals="4" methods="1" coveredmethods="1"/>
        <line num="2" count="1" type="stmt"/>
        <line num="11" count="1" type="stmt"/>
        <line num="12" count="4" type="stmt"/>
        <line num="13" count="4" type="stmt"/>
        <line num="15" count="4" type="cond" truecount="1" falsecount="0"/>
        <line num="16" count="1" type="stmt"/>
        <line num="21" count="3" type="stmt"/>
        <line num="23" count="3" type="cond" truecount="1" falsecount="0"/>
        <line num="24" count="1" type="stmt"/>
        <line num="29" count="2" type="stmt"/>
        <line num="34" count="1" type="stmt"/>
        <line num="39" count="1" type="stmt"/>
        <line num="41" count="1" type="stmt"/>
      </file>
      <file name="checkRole.ts" path="C:\dev\workspace\mestre-dos-tragos\backend\src\middlewares\checkRole.ts">
        <metrics statements="9" coveredstatements="9" conditionals="2" coveredconditionals="2" methods="2" coveredmethods="2"/>
        <line num="12" count="1" type="stmt"/>
        <line num="13" count="3" type="stmt"/>
        <line num="14" count="3" type="stmt"/>
        <line num="16" count="3" type="cond" truecount="1" falsecount="0"/>
        <line num="17" count="1" type="stmt"/>
        <line num="22" count="2" type="stmt"/>
        <line num="24" count="2" type="cond" truecount="1" falsecount="0"/>
        <line num="25" count="1" type="stmt"/>
        <line num="30" count="1" type="stmt"/>
      </file>
      <file name="errorHandler.ts" path="C:\dev\workspace\mestre-dos-tragos\backend\src\middlewares\errorHandler.ts">
        <metrics statements="3" coveredstatements="3" conditionals="0" coveredconditionals="0" methods="1" coveredmethods="1"/>
        <line num="8" count="1" type="stmt"/>
        <line num="14" count="1" type="stmt"/>
        <line num="16" count="1" type="stmt"/>
      </file>
      <file name="rateLimit.ts" path="C:\dev\workspace\mestre-dos-tragos\backend\src\middlewares\rateLimit.ts">
        <metrics statements="3" coveredstatements="0" conditionals="0" coveredconditionals="0" methods="0" coveredmethods="0"/>
        <line num="1" count="0" type="stmt"/>
        <line num="3" count="0" type="stmt"/>
        <line num="13" count="0" type="stmt"/>
      </file>
    </package>
    <package name="modules.dashboard">
      <metrics statements="58" coveredstatements="58" conditionals="17" coveredconditionals="16" methods="14" coveredmethods="14"/>
      <file name="dashboard.controller.ts" path="C:\dev\workspace\mestre-dos-tragos\backend\src\modules\dashboard\dashboard.controller.ts">
        <metrics statements="24" coveredstatements="24" conditionals="3" coveredconditionals="3" methods="4" coveredmethods="4"/>
        <line num="2" count="1" type="stmt"/>
        <line num="13" count="1" type="stmt"/>
        <line num="14" count="2" type="stmt"/>
        <line num="15" count="2" type="stmt"/>
        <line num="16" count="1" type="stmt"/>
        <line num="18" count="1" type="stmt"/>
        <line num="26" count="1" type="stmt"/>
        <line num="27" count="2" type="stmt"/>
        <line num="28" count="2" type="stmt"/>
        <line num="29" count="1" type="stmt"/>
        <line num="31" count="1" type="stmt"/>
        <line num="39" count="1" type="stmt"/>
        <line num="40" count="2" type="stmt"/>
        <line num="41" count="2" type="stmt"/>
        <line num="42" count="1" type="stmt"/>
        <line num="44" count="1" type="stmt"/>
        <line num="52" count="1" type="stmt"/>
        <line num="53" count="4" type="cond" truecount="2" falsecount="0"/>
        <line num="56" count="4" type="cond" truecount="1" falsecount="0"/>
        <line num="57" count="1" type="stmt"/>
        <line num="60" count="3" type="stmt"/>
        <line num="61" count="3" type="stmt"/>
        <line num="62" count="2" type="stmt"/>
        <line num="64" count="1" type="stmt"/>
      </file>
      <file name="dashboard.service.ts" path="C:\dev\workspace\mestre-dos-tragos\backend\src\modules\dashboard\dashboard.service.ts">
        <metrics statements="34" coveredstatements="34" conditionals="14" coveredconditionals="13" methods="10" coveredmethods="10"/>
        <line num="1" count="1" type="stmt"/>
        <line num="8" count="1" type="stmt"/>
        <line num="9" count="2" type="stmt"/>
        <line num="10" count="2" type="stmt"/>
        <line num="12" count="2" type="stmt"/>
        <line num="13" count="2" type="stmt"/>
        <line num="16" count="2" type="stmt"/>
        <line num="24" count="2" type="stmt"/>
        <line num="25" count="2" type="stmt"/>
        <line num="29" count="2" type="stmt"/>
        <line num="36" count="2" type="cond" truecount="2" falsecount="0"/>
        <line num="40" count="2" type="stmt"/>
        <line num="53" count="1" type="stmt"/>
        <line num="55" count="2" type="stmt"/>
        <line num="79" count="2" type="stmt"/>
        <line num="92" count="1" type="stmt"/>
        <line num="94" count="2" type="stmt"/>
        <line num="104" count="3" type="stmt"/>
        <line num="107" count="2" type="stmt"/>
        <line num="113" count="2" type="stmt"/>
        <line num="114" count="3" type="stmt"/>
        <line num="115" count="3" type="stmt"/>
        <line num="127" count="1" type="stmt"/>
        <line num="128" count="2" type="cond" truecount="3" falsecount="1"/>
        <line num="130" count="2" type="stmt"/>
        <line num="131" count="2" type="stmt"/>
        <line num="132" count="2" type="stmt"/>
        <line num="134" count="2" type="stmt"/>
        <line num="147" count="2" type="stmt"/>
        <line num="149" count="2" type="stmt"/>
        <line num="150" count="3" type="stmt"/>
        <line num="153" count="3" type="cond" truecount="2" falsecount="0"/>
        <line num="154" count="3" type="stmt"/>
        <line num="160" count="2" type="stmt"/>
      </file>
    </package>
    <package name="validators">
      <metrics statements="4" coveredstatements="4" conditionals="0" coveredconditionals="0" methods="0" coveredmethods="0"/>
      <file name="authSchemas.ts" path="C:\dev\workspace\mestre-dos-tragos\backend\src\validators\authSchemas.ts">
        <metrics statements="4" coveredstatements="4" conditionals="0" coveredconditionals="0" methods="0" coveredmethods="0"/>
        <line num="1" count="1" type="stmt"/>
        <line num="3" count="1" type="stmt"/>
        <line num="15" count="1" type="stmt"/>
        <line num="35" count="1" type="stmt"/>
      </file>
    </package>
  </project>
</coverage>
