{"C:\\dev\\workspace\\mestre-dos-tragos\\backend\\src\\controllers\\adicionalController.ts": {"path":"C:\\dev\\workspace\\mestre-dos-tragos\\backend\\src\\controllers\\adicionalController.ts","statementMap":{"0":{"start":{"line":9,"column":0},"end":{"line":9,"column":7}},"1":{"start":{"line":28,"column":0},"end":{"line":28,"column":7}},"2":{"start":{"line":52,"column":0},"end":{"line":52,"column":7}},"3":{"start":{"line":90,"column":0},"end":{"line":90,"column":7}},"4":{"start":{"line":136,"column":0},"end":{"line":136,"column":7}},"5":{"start":{"line":2,"column":0},"end":{"line":2,"column":31}},"6":{"start":{"line":3,"column":0},"end":{"line":3,"column":38}},"7":{"start":{"line":4,"column":0},"end":{"line":4,"column":93}},"8":{"start":{"line":10,"column":2},"end":{"line":22,"column":3}},"9":{"start":{"line":11,"column":23},"end":{"line":17,"column":6}},"10":{"start":{"line":19,"column":4},"end":{"line":19,"column":32}},"11":{"start":{"line":21,"column":4},"end":{"line":21,"column":71}},"12":{"start":{"line":29,"column":2},"end":{"line":46,"column":3}},"13":{"start":{"line":30,"column":15},"end":{"line":30,"column":38}},"14":{"start":{"line":32,"column":22},"end":{"line":37,"column":6}},"15":{"start":{"line":39,"column":4},"end":{"line":41,"column":5}},"16":{"start":{"line":40,"column":6},"end":{"line":40,"column":73}},"17":{"start":{"line":43,"column":4},"end":{"line":43,"column":31}},"18":{"start":{"line":45,"column":4},"end":{"line":45,"column":70}},"19":{"start":{"line":53,"column":2},"end":{"line":84,"column":3}},"20":{"start":{"line":54,"column":45},"end":{"line":54,"column":81}},"21":{"start":{"line":56,"column":22},"end":{"line":72,"column":6}},"22":{"start":{"line":62,"column":48},"end":{"line":65,"column":14}},"23":{"start":{"line":74,"column":4},"end":{"line":77,"column":7}},"24":{"start":{"line":79,"column":4},"end":{"line":81,"column":5}},"25":{"start":{"line":80,"column":6},"end":{"line":80,"column":69}},"26":{"start":{"line":83,"column":4},"end":{"line":83,"column":69}},"27":{"start":{"line":91,"column":2},"end":{"line":130,"column":3}},"28":{"start":{"line":92,"column":15},"end":{"line":92,"column":38}},"29":{"start":{"line":93,"column":45},"end":{"line":93,"column":82}},"30":{"start":{"line":95,"column":19},"end":{"line":95,"column":71}},"31":{"start":{"line":96,"column":4},"end":{"line":98,"column":5}},"32":{"start":{"line":97,"column":6},"end":{"line":97,"column":73}},"33":{"start":{"line":100,"column":32},"end":{"line":118,"column":6}},"34":{"start":{"line":108,"column":48},"end":{"line":111,"column":14}},"35":{"start":{"line":120,"column":4},"end":{"line":123,"column":7}},"36":{"start":{"line":125,"column":4},"end":{"line":127,"column":5}},"37":{"start":{"line":126,"column":6},"end":{"line":126,"column":69}},"38":{"start":{"line":129,"column":4},"end":{"line":129,"column":70}},"39":{"start":{"line":137,"column":2},"end":{"line":153,"column":3}},"40":{"start":{"line":138,"column":15},"end":{"line":138,"column":38}},"41":{"start":{"line":140,"column":19},"end":{"line":140,"column":71}},"42":{"start":{"line":141,"column":4},"end":{"line":143,"column":5}},"43":{"start":{"line":142,"column":6},"end":{"line":142,"column":73}},"44":{"start":{"line":145,"column":4},"end":{"line":148,"column":7}},"45":{"start":{"line":150,"column":4},"end":{"line":150,"column":71}},"46":{"start":{"line":152,"column":4},"end":{"line":152,"column":73}}},"fnMap":{"0":{"name":"listar","decl":{"start":{"line":9,"column":22},"end":{"line":9,"column":28}},"loc":{"start":{"line":9,"column":56},"end":{"line":23,"column":1}}},"1":{"name":"buscarPorId","decl":{"start":{"line":28,"column":22},"end":{"line":28,"column":33}},"loc":{"start":{"line":28,"column":61},"end":{"line":47,"column":1}}},"2":{"name":"criar","decl":{"start":{"line":52,"column":22},"end":{"line":52,"column":27}},"loc":{"start":{"line":52,"column":55},"end":{"line":85,"column":1}}},"3":{"name":"(anonymous_4)","decl":{"start":{"line":62,"column":40},"end":{"line":62,"column":41}},"loc":{"start":{"line":62,"column":48},"end":{"line":65,"column":14}}},"4":{"name":"editar","decl":{"start":{"line":90,"column":22},"end":{"line":90,"column":28}},"loc":{"start":{"line":90,"column":56},"end":{"line":131,"column":1}}},"5":{"name":"(anonymous_6)","decl":{"start":{"line":108,"column":40},"end":{"line":108,"column":41}},"loc":{"start":{"line":108,"column":48},"end":{"line":111,"column":14}}},"6":{"name":"desativar","decl":{"start":{"line":136,"column":22},"end":{"line":136,"column":31}},"loc":{"start":{"line":136,"column":59},"end":{"line":154,"column":1}}}},"branchMap":{"0":{"loc":{"start":{"line":39,"column":4},"end":{"line":41,"column":5}},"type":"if","locations":[{"start":{"line":39,"column":4},"end":{"line":41,"column":5}}]},"1":{"loc":{"start":{"line":60,"column":12},"end":{"line":67,"column":10}},"type":"binary-expr","locations":[{"start":{"line":60,"column":12},"end":{"line":60,"column":27}},{"start":{"line":60,"column":31},"end":{"line":60,"column":57}},{"start":{"line":60,"column":61},"end":{"line":67,"column":10}}]},"2":{"loc":{"start":{"line":79,"column":4},"end":{"line":81,"column":5}},"type":"if","locations":[{"start":{"line":79,"column":4},"end":{"line":81,"column":5}}]},"3":{"loc":{"start":{"line":96,"column":4},"end":{"line":98,"column":5}},"type":"if","locations":[{"start":{"line":96,"column":4},"end":{"line":98,"column":5}}]},"4":{"loc":{"start":{"line":103,"column":12},"end":{"line":103,"column":28}},"type":"binary-expr","locations":[{"start":{"line":103,"column":12},"end":{"line":103,"column":16}},{"start":{"line":103,"column":20},"end":{"line":103,"column":28}}]},"5":{"loc":{"start":{"line":104,"column":12},"end":{"line":104,"column":59}},"type":"binary-expr","locations":[{"start":{"line":104,"column":12},"end":{"line":104,"column":31}},{"start":{"line":104,"column":35},"end":{"line":104,"column":59}}]},"6":{"loc":{"start":{"line":105,"column":12},"end":{"line":113,"column":10}},"type":"binary-expr","locations":[{"start":{"line":105,"column":12},"end":{"line":105,"column":27}},{"start":{"line":105,"column":31},"end":{"line":105,"column":57}},{"start":{"line":105,"column":61},"end":{"line":113,"column":10}}]},"7":{"loc":{"start":{"line":125,"column":4},"end":{"line":127,"column":5}},"type":"if","locations":[{"start":{"line":125,"column":4},"end":{"line":127,"column":5}}]},"8":{"loc":{"start":{"line":141,"column":4},"end":{"line":143,"column":5}},"type":"if","locations":[{"start":{"line":141,"column":4},"end":{"line":143,"column":5}}]}},"s":{"0":1,"1":1,"2":1,"3":1,"4":1,"5":1,"6":1,"7":1,"8":2,"9":2,"10":1,"11":1,"12":3,"13":3,"14":3,"15":2,"16":1,"17":1,"18":1,"19":4,"20":4,"21":3,"22":2,"23":2,"24":2,"25":1,"26":1,"27":3,"28":3,"29":3,"30":3,"31":2,"32":1,"33":1,"34":1,"35":1,"36":1,"37":0,"38":1,"39":3,"40":3,"41":3,"42":2,"43":1,"44":1,"45":1,"46":1},"f":{"0":2,"1":3,"2":4,"3":2,"4":3,"5":1,"6":3},"b":{"0":[1],"1":[3,1,1],"2":[1],"3":[1],"4":[1,1],"5":[1,0],"6":[1,1,1],"7":[0],"8":[1]}}
,"C:\\dev\\workspace\\mestre-dos-tragos\\backend\\src\\controllers\\authController.ts": {"path":"C:\\dev\\workspace\\mestre-dos-tragos\\backend\\src\\controllers\\authController.ts","statementMap":{"0":{"start":{"line":16,"column":0},"end":{"line":16,"column":7}},"1":{"start":{"line":34,"column":0},"end":{"line":34,"column":7}},"2":{"start":{"line":70,"column":0},"end":{"line":70,"column":7}},"3":{"start":{"line":118,"column":0},"end":{"line":118,"column":7}},"4":{"start":{"line":156,"column":0},"end":{"line":156,"column":7}},"5":{"start":{"line":2,"column":0},"end":{"line":2,"column":28}},"6":{"start":{"line":3,"column":0},"end":{"line":3,"column":31}},"7":{"start":{"line":4,"column":0},"end":{"line":4,"column":38}},"8":{"start":{"line":5,"column":0},"end":{"line":5,"column":31}},"9":{"start":{"line":6,"column":0},"end":{"line":6,"column":null}},"10":{"start":{"line":17,"column":2},"end":{"line":27,"column":3}},"11":{"start":{"line":18,"column":25},"end":{"line":22,"column":6}},"12":{"start":{"line":24,"column":4},"end":{"line":24,"column":34}},"13":{"start":{"line":26,"column":4},"end":{"line":26,"column":70}},"14":{"start":{"line":35,"column":2},"end":{"line":62,"column":3}},"15":{"start":{"line":36,"column":43},"end":{"line":36,"column":85}},"16":{"start":{"line":38,"column":19},"end":{"line":38,"column":74}},"17":{"start":{"line":39,"column":4},"end":{"line":41,"column":5}},"18":{"start":{"line":40,"column":6},"end":{"line":40,"column":66}},"19":{"start":{"line":43,"column":31},"end":{"line":43,"column":59}},"20":{"start":{"line":45,"column":17},"end":{"line":53,"column":6}},"21":{"start":{"line":55,"column":4},"end":{"line":55,"column":88}},"22":{"start":{"line":57,"column":4},"end":{"line":59,"column":5}},"23":{"start":{"line":58,"column":6},"end":{"line":58,"column":89}},"24":{"start":{"line":61,"column":4},"end":{"line":61,"column":70}},"25":{"start":{"line":71,"column":2},"end":{"line":111,"column":3}},"26":{"start":{"line":72,"column":31},"end":{"line":72,"column":58}},"27":{"start":{"line":74,"column":24},"end":{"line":74,"column":79}},"28":{"start":{"line":76,"column":4},"end":{"line":78,"column":5}},"29":{"start":{"line":77,"column":6},"end":{"line":77,"column":75}},"30":{"start":{"line":80,"column":4},"end":{"line":82,"column":5}},"31":{"start":{"line":81,"column":6},"end":{"line":81,"column":67}},"32":{"start":{"line":84,"column":25},"end":{"line":84,"column":71}},"33":{"start":{"line":85,"column":4},"end":{"line":87,"column":5}},"34":{"start":{"line":86,"column":6},"end":{"line":86,"column":75}},"35":{"start":{"line":89,"column":18},"end":{"line":92,"column":null}},"36":{"start":{"line":95,"column":4},"end":{"line":104,"column":7}},"37":{"start":{"line":106,"column":4},"end":{"line":108,"column":5}},"38":{"start":{"line":107,"column":6},"end":{"line":107,"column":71}},"39":{"start":{"line":110,"column":4},"end":{"line":110,"column":70}},"40":{"start":{"line":119,"column":2},"end":{"line":148,"column":3}},"41":{"start":{"line":120,"column":15},"end":{"line":120,"column":38}},"42":{"start":{"line":121,"column":50},"end":{"line":121,"column":89}},"43":{"start":{"line":129,"column":8},"end":{"line":129,"column":38}},"44":{"start":{"line":131,"column":4},"end":{"line":133,"column":5}},"45":{"start":{"line":132,"column":6},"end":{"line":132,"column":49}},"46":{"start":{"line":135,"column":23},"end":{"line":139,"column":6}},"47":{"start":{"line":141,"column":4},"end":{"line":141,"column":82}},"48":{"start":{"line":143,"column":4},"end":{"line":145,"column":5}},"49":{"start":{"line":144,"column":6},"end":{"line":144,"column":90}},"50":{"start":{"line":147,"column":4},"end":{"line":147,"column":70}},"51":{"start":{"line":157,"column":2},"end":{"line":165,"column":3}},"52":{"start":{"line":158,"column":15},"end":{"line":158,"column":38}},"53":{"start":{"line":160,"column":4},"end":{"line":160,"column":51}},"54":{"start":{"line":162,"column":4},"end":{"line":162,"column":71}},"55":{"start":{"line":164,"column":4},"end":{"line":164,"column":70}}},"fnMap":{"0":{"name":"listarFuncionarios","decl":{"start":{"line":16,"column":22},"end":{"line":16,"column":40}},"loc":{"start":{"line":16,"column":68},"end":{"line":28,"column":1}}},"1":{"name":"cadastrar","decl":{"start":{"line":34,"column":22},"end":{"line":34,"column":31}},"loc":{"start":{"line":34,"column":59},"end":{"line":63,"column":1}}},"2":{"name":"login","decl":{"start":{"line":70,"column":22},"end":{"line":70,"column":27}},"loc":{"start":{"line":70,"column":55},"end":{"line":112,"column":1}}},"3":{"name":"editarFuncionario","decl":{"start":{"line":118,"column":22},"end":{"line":118,"column":39}},"loc":{"start":{"line":118,"column":67},"end":{"line":149,"column":1}}},"4":{"name":"deletarFuncionario","decl":{"start":{"line":156,"column":22},"end":{"line":156,"column":40}},"loc":{"start":{"line":156,"column":68},"end":{"line":166,"column":1}}}},"branchMap":{"0":{"loc":{"start":{"line":39,"column":4},"end":{"line":41,"column":5}},"type":"if","locations":[{"start":{"line":39,"column":4},"end":{"line":41,"column":5}}]},"1":{"loc":{"start":{"line":50,"column":14},"end":{"line":50,"column":33}},"type":"binary-expr","locations":[{"start":{"line":50,"column":14},"end":{"line":50,"column":18}},{"start":{"line":50,"column":22},"end":{"line":50,"column":33}}]},"2":{"loc":{"start":{"line":57,"column":4},"end":{"line":59,"column":5}},"type":"if","locations":[{"start":{"line":57,"column":4},"end":{"line":59,"column":5}}]},"3":{"loc":{"start":{"line":76,"column":4},"end":{"line":78,"column":5}},"type":"if","locations":[{"start":{"line":76,"column":4},"end":{"line":78,"column":5}}]},"4":{"loc":{"start":{"line":80,"column":4},"end":{"line":82,"column":5}},"type":"if","locations":[{"start":{"line":80,"column":4},"end":{"line":82,"column":5}}]},"5":{"loc":{"start":{"line":85,"column":4},"end":{"line":87,"column":5}},"type":"if","locations":[{"start":{"line":85,"column":4},"end":{"line":87,"column":5}}]},"6":{"loc":{"start":{"line":91,"column":6},"end":{"line":91,"column":47}},"type":"binary-expr","locations":[{"start":{"line":91,"column":6},"end":{"line":91,"column":28}},{"start":{"line":91,"column":32},"end":{"line":91,"column":47}}]},"7":{"loc":{"start":{"line":106,"column":4},"end":{"line":108,"column":5}},"type":"if","locations":[{"start":{"line":106,"column":4},"end":{"line":108,"column":5}}]},"8":{"loc":{"start":{"line":131,"column":4},"end":{"line":133,"column":5}},"type":"if","locations":[{"start":{"line":131,"column":4},"end":{"line":133,"column":5}}]},"9":{"loc":{"start":{"line":143,"column":4},"end":{"line":145,"column":5}},"type":"if","locations":[{"start":{"line":143,"column":4},"end":{"line":145,"column":5}}]}},"s":{"0":1,"1":1,"2":1,"3":1,"4":1,"5":1,"6":1,"7":1,"8":1,"9":1,"10":2,"11":2,"12":1,"13":1,"14":5,"15":5,"16":4,"17":3,"18":1,"19":2,"20":2,"21":2,"22":2,"23":1,"24":1,"25":6,"26":6,"27":5,"28":4,"29":1,"30":3,"31":1,"32":2,"33":2,"34":1,"35":1,"36":1,"37":2,"38":1,"39":1,"40":3,"41":3,"42":3,"43":3,"44":3,"45":1,"46":3,"47":2,"48":1,"49":0,"50":1,"51":2,"52":2,"53":2,"54":1,"55":1},"f":{"0":2,"1":5,"2":6,"3":3,"4":2},"b":{"0":[1],"1":[2,1],"2":[1],"3":[1],"4":[1],"5":[1],"6":[1,1],"7":[1],"8":[1],"9":[0]}}
,"C:\\dev\\workspace\\mestre-dos-tragos\\backend\\src\\controllers\\categoriaController.ts": {"path":"C:\\dev\\workspace\\mestre-dos-tragos\\backend\\src\\controllers\\categoriaController.ts","statementMap":{"0":{"start":{"line":10,"column":0},"end":{"line":10,"column":7}},"1":{"start":{"line":28,"column":0},"end":{"line":28,"column":7}},"2":{"start":{"line":64,"column":0},"end":{"line":64,"column":7}},"3":{"start":{"line":101,"column":0},"end":{"line":101,"column":7}},"4":{"start":{"line":2,"column":0},"end":{"line":2,"column":31}},"5":{"start":{"line":3,"column":0},"end":{"line":3,"column":38}},"6":{"start":{"line":4,"column":0},"end":{"line":4,"column":65}},"7":{"start":{"line":11,"column":2},"end":{"line":21,"column":3}},"8":{"start":{"line":12,"column":23},"end":{"line":15,"column":6}},"9":{"start":{"line":17,"column":4},"end":{"line":17,"column":32}},"10":{"start":{"line":20,"column":4},"end":{"line":20,"column":71}},"11":{"start":{"line":29,"column":2},"end":{"line":57,"column":3}},"12":{"start":{"line":30,"column":21},"end":{"line":30,"column":52}},"13":{"start":{"line":32,"column":19},"end":{"line":34,"column":6}},"14":{"start":{"line":36,"column":4},"end":{"line":40,"column":5}},"15":{"start":{"line":37,"column":6},"end":{"line":39,"column":9}},"16":{"start":{"line":42,"column":22},"end":{"line":44,"column":6}},"17":{"start":{"line":46,"column":4},"end":{"line":49,"column":7}},"18":{"start":{"line":52,"column":4},"end":{"line":54,"column":5}},"19":{"start":{"line":53,"column":6},"end":{"line":53,"column":69}},"20":{"start":{"line":56,"column":4},"end":{"line":56,"column":69}},"21":{"start":{"line":65,"column":2},"end":{"line":94,"column":3}},"22":{"start":{"line":67,"column":15},"end":{"line":67,"column":38}},"23":{"start":{"line":68,"column":21},"end":{"line":68,"column":52}},"24":{"start":{"line":70,"column":19},"end":{"line":72,"column":6}},"25":{"start":{"line":74,"column":4},"end":{"line":76,"column":5}},"26":{"start":{"line":75,"column":6},"end":{"line":75,"column":73}},"27":{"start":{"line":78,"column":32},"end":{"line":81,"column":6}},"28":{"start":{"line":83,"column":4},"end":{"line":86,"column":7}},"29":{"start":{"line":89,"column":4},"end":{"line":91,"column":5}},"30":{"start":{"line":90,"column":6},"end":{"line":90,"column":69}},"31":{"start":{"line":93,"column":4},"end":{"line":93,"column":70}},"32":{"start":{"line":102,"column":2},"end":{"line":136,"column":3}},"33":{"start":{"line":104,"column":15},"end":{"line":104,"column":38}},"34":{"start":{"line":106,"column":19},"end":{"line":108,"column":6}},"35":{"start":{"line":110,"column":4},"end":{"line":112,"column":5}},"36":{"start":{"line":111,"column":6},"end":{"line":111,"column":73}},"37":{"start":{"line":114,"column":24},"end":{"line":119,"column":6}},"38":{"start":{"line":121,"column":4},"end":{"line":125,"column":5}},"39":{"start":{"line":122,"column":6},"end":{"line":124,"column":9}},"40":{"start":{"line":127,"column":4},"end":{"line":130,"column":7}},"41":{"start":{"line":132,"column":4},"end":{"line":132,"column":71}},"42":{"start":{"line":135,"column":4},"end":{"line":135,"column":73}}},"fnMap":{"0":{"name":"listar","decl":{"start":{"line":10,"column":22},"end":{"line":10,"column":28}},"loc":{"start":{"line":10,"column":56},"end":{"line":22,"column":1}}},"1":{"name":"criar","decl":{"start":{"line":28,"column":22},"end":{"line":28,"column":27}},"loc":{"start":{"line":28,"column":55},"end":{"line":58,"column":1}}},"2":{"name":"editar","decl":{"start":{"line":64,"column":22},"end":{"line":64,"column":28}},"loc":{"start":{"line":64,"column":56},"end":{"line":95,"column":1}}},"3":{"name":"desativar","decl":{"start":{"line":101,"column":22},"end":{"line":101,"column":31}},"loc":{"start":{"line":101,"column":59},"end":{"line":137,"column":1}}}},"branchMap":{"0":{"loc":{"start":{"line":36,"column":4},"end":{"line":40,"column":5}},"type":"if","locations":[{"start":{"line":36,"column":4},"end":{"line":40,"column":5}}]},"1":{"loc":{"start":{"line":52,"column":4},"end":{"line":54,"column":5}},"type":"if","locations":[{"start":{"line":52,"column":4},"end":{"line":54,"column":5}}]},"2":{"loc":{"start":{"line":74,"column":4},"end":{"line":76,"column":5}},"type":"if","locations":[{"start":{"line":74,"column":4},"end":{"line":76,"column":5}}]},"3":{"loc":{"start":{"line":89,"column":4},"end":{"line":91,"column":5}},"type":"if","locations":[{"start":{"line":89,"column":4},"end":{"line":91,"column":5}}]},"4":{"loc":{"start":{"line":110,"column":4},"end":{"line":112,"column":5}},"type":"if","locations":[{"start":{"line":110,"column":4},"end":{"line":112,"column":5}}]},"5":{"loc":{"start":{"line":121,"column":4},"end":{"line":125,"column":5}},"type":"if","locations":[{"start":{"line":121,"column":4},"end":{"line":125,"column":5}}]}},"s":{"0":1,"1":1,"2":1,"3":1,"4":1,"5":1,"6":1,"7":2,"8":2,"9":1,"10":1,"11":4,"12":4,"13":3,"14":2,"15":1,"16":1,"17":1,"18":2,"19":1,"20":1,"21":4,"22":4,"23":4,"24":3,"25":2,"26":1,"27":1,"28":1,"29":2,"30":1,"31":1,"32":4,"33":4,"34":4,"35":3,"36":1,"37":2,"38":2,"39":1,"40":1,"41":1,"42":1},"f":{"0":2,"1":4,"2":4,"3":4},"b":{"0":[1],"1":[1],"2":[1],"3":[1],"4":[1],"5":[1]}}
,"C:\\dev\\workspace\\mestre-dos-tragos\\backend\\src\\controllers\\pedidoController.ts": {"path":"C:\\dev\\workspace\\mestre-dos-tragos\\backend\\src\\controllers\\pedidoController.ts","statementMap":{"0":{"start":{"line":90,"column":0},"end":{"line":90,"column":7}},"1":{"start":{"line":170,"column":0},"end":{"line":170,"column":7}},"2":{"start":{"line":208,"column":0},"end":{"line":208,"column":7}},"3":{"start":{"line":243,"column":0},"end":{"line":243,"column":7}},"4":{"start":{"line":286,"column":0},"end":{"line":286,"column":7}},"5":{"start":{"line":2,"column":0},"end":{"line":2,"column":63}},"6":{"start":{"line":3,"column":0},"end":{"line":3,"column":31}},"7":{"start":{"line":4,"column":0},"end":{"line":4,"column":38}},"8":{"start":{"line":5,"column":0},"end":{"line":5,"column":41}},"9":{"start":{"line":6,"column":0},"end":{"line":6,"column":87}},"10":{"start":{"line":32,"column":18},"end":{"line":32,"column":19}},"11":{"start":{"line":33,"column":67},"end":{"line":33,"column":69}},"12":{"start":{"line":34,"column":45},"end":{"line":34,"column":47}},"13":{"start":{"line":36,"column":2},"end":{"line":85,"column":3}},"14":{"start":{"line":37,"column":4},"end":{"line":37,"column":38}},"15":{"start":{"line":39,"column":4},"end":{"line":48,"column":5}},"16":{"start":{"line":40,"column":6},"end":{"line":47,"column":7}},"17":{"start":{"line":41,"column":26},"end":{"line":41,"column":78}},"18":{"start":{"line":42,"column":8},"end":{"line":46,"column":9}},"19":{"start":{"line":43,"column":24},"end":{"line":43,"column":47}},"20":{"start":{"line":44,"column":10},"end":{"line":44,"column":29}},"21":{"start":{"line":45,"column":10},"end":{"line":45,"column":58}},"22":{"start":{"line":51,"column":7},"end":{"line":85,"column":3}},"23":{"start":{"line":52,"column":4},"end":{"line":52,"column":65}},"24":{"start":{"line":52,"column":23},"end":{"line":52,"column":65}},"25":{"start":{"line":54,"column":27},"end":{"line":54,"column":83}},"26":{"start":{"line":54,"column":56},"end":{"line":54,"column":82}},"27":{"start":{"line":55,"column":4},"end":{"line":55,"column":84}},"28":{"start":{"line":55,"column":25},"end":{"line":55,"column":84}},"29":{"start":{"line":57,"column":4},"end":{"line":57,"column":45}},"30":{"start":{"line":59,"column":4},"end":{"line":70,"column":5}},"31":{"start":{"line":60,"column":6},"end":{"line":69,"column":7}},"32":{"start":{"line":61,"column":33},"end":{"line":63,"column":10}},"33":{"start":{"line":64,"column":8},"end":{"line":68,"column":9}},"34":{"start":{"line":65,"column":24},"end":{"line":65,"column":54}},"35":{"start":{"line":66,"column":10},"end":{"line":66,"column":29}},"36":{"start":{"line":67,"column":10},"end":{"line":67,"column":58}},"37":{"start":{"line":73,"column":7},"end":{"line":85,"column":3}},"38":{"start":{"line":74,"column":4},"end":{"line":74,"column":65}},"39":{"start":{"line":74,"column":23},"end":{"line":74,"column":65}},"40":{"start":{"line":76,"column":27},"end":{"line":76,"column":83}},"41":{"start":{"line":76,"column":56},"end":{"line":76,"column":82}},"42":{"start":{"line":77,"column":4},"end":{"line":77,"column":84}},"43":{"start":{"line":77,"column":25},"end":{"line":77,"column":84}},"44":{"start":{"line":79,"column":23},"end":{"line":79,"column":48}},"45":{"start":{"line":80,"column":4},"end":{"line":80,"column":58}},"46":{"start":{"line":82,"column":4},"end":{"line":84,"column":5}},"47":{"start":{"line":83,"column":6},"end":{"line":83,"column":64}},"48":{"start":{"line":83,"column":52},"end":{"line":83,"column":60}},"49":{"start":{"line":87,"column":2},"end":{"line":87,"column":52}},"50":{"start":{"line":91,"column":2},"end":{"line":165,"column":3}},"51":{"start":{"line":92,"column":22},"end":{"line":92,"column":36}},"52":{"start":{"line":93,"column":48},"end":{"line":93,"column":81}},"53":{"start":{"line":95,"column":21},"end":{"line":95,"column":22}},"54":{"start":{"line":96,"column":43},"end":{"line":96,"column":45}},"55":{"start":{"line":98,"column":4},"end":{"line":132,"column":5}},"56":{"start":{"line":99,"column":22},"end":{"line":102,"column":8}},"57":{"start":{"line":104,"column":6},"end":{"line":106,"column":7}},"58":{"start":{"line":105,"column":8},"end":{"line":105,"column":91}},"59":{"start":{"line":108,"column":6},"end":{"line":110,"column":7}},"60":{"start":{"line":109,"column":8},"end":{"line":109,"column":98}},"61":{"start":{"line":112,"column":6},"end":{"line":114,"column":7}},"62":{"start":{"line":113,"column":8},"end":{"line":113,"column":106}},"63":{"start":{"line":116,"column":57},"end":{"line":116,"column":95}},"64":{"start":{"line":118,"column":25},"end":{"line":118,"column":48}},"65":{"start":{"line":119,"column":23},"end":{"line":119,"column":45}},"66":{"start":{"line":120,"column":6},"end":{"line":120,"column":29}},"67":{"start":{"line":122,"column":6},"end":{"line":131,"column":9}},"68":{"start":{"line":134,"column":19},"end":{"line":153,"column":6}},"69":{"start":{"line":155,"column":4},"end":{"line":155,"column":40}},"70":{"start":{"line":157,"column":4},"end":{"line":157,"column":84}},"71":{"start":{"line":159,"column":4},"end":{"line":161,"column":5}},"72":{"start":{"line":160,"column":6},"end":{"line":160,"column":69}},"73":{"start":{"line":163,"column":4},"end":{"line":163,"column":25}},"74":{"start":{"line":164,"column":4},"end":{"line":164,"column":66}},"75":{"start":{"line":168,"column":23},"end":{"line":168,"column":50}},"76":{"start":{"line":171,"column":2},"end":{"line":205,"column":3}},"77":{"start":{"line":172,"column":37},"end":{"line":172,"column":46}},"78":{"start":{"line":174,"column":49},"end":{"line":183,"column":10}},"79":{"start":{"line":179,"column":24},"end":{"line":179,"column":32}},"80":{"start":{"line":180,"column":48},"end":{"line":180,"column":90}},"81":{"start":{"line":185,"column":20},"end":{"line":199,"column":6}},"82":{"start":{"line":201,"column":4},"end":{"line":201,"column":33}},"83":{"start":{"line":203,"column":4},"end":{"line":203,"column":25}},"84":{"start":{"line":204,"column":4},"end":{"line":204,"column":68}},"85":{"start":{"line":209,"column":2},"end":{"line":232,"column":3}},"86":{"start":{"line":210,"column":15},"end":{"line":210,"column":38}},"87":{"start":{"line":212,"column":19},"end":{"line":224,"column":6}},"88":{"start":{"line":226,"column":4},"end":{"line":226,"column":81}},"89":{"start":{"line":226,"column":17},"end":{"line":226,"column":81}},"90":{"start":{"line":228,"column":4},"end":{"line":228,"column":28}},"91":{"start":{"line":230,"column":4},"end":{"line":230,"column":25}},"92":{"start":{"line":231,"column":4},"end":{"line":231,"column":67}},"93":{"start":{"line":235,"column":64},"end":{"line":241,"column":2}},"94":{"start":{"line":244,"column":2},"end":{"line":283,"column":3}},"95":{"start":{"line":245,"column":15},"end":{"line":245,"column":38}},"96":{"start":{"line":246,"column":23},"end":{"line":246,"column":60}},"97":{"start":{"line":248,"column":4},"end":{"line":250,"column":5}},"98":{"start":{"line":249,"column":6},"end":{"line":249,"column":104}},"99":{"start":{"line":252,"column":27},"end":{"line":252,"column":49}},"100":{"start":{"line":254,"column":19},"end":{"line":254,"column":68}},"101":{"start":{"line":255,"column":4},"end":{"line":255,"column":81}},"102":{"start":{"line":255,"column":17},"end":{"line":255,"column":81}},"103":{"start":{"line":257,"column":23},"end":{"line":257,"column":61}},"104":{"start":{"line":258,"column":4},"end":{"line":263,"column":5}},"105":{"start":{"line":259,"column":6},"end":{"line":262,"column":9}},"106":{"start":{"line":265,"column":23},"end":{"line":271,"column":6}},"107":{"start":{"line":273,"column":4},"end":{"line":273,"column":50}},"108":{"start":{"line":275,"column":4},"end":{"line":275,"column":76}},"109":{"start":{"line":277,"column":4},"end":{"line":279,"column":5}},"110":{"start":{"line":278,"column":6},"end":{"line":278,"column":69}},"111":{"start":{"line":281,"column":4},"end":{"line":281,"column":25}},"112":{"start":{"line":282,"column":4},"end":{"line":282,"column":70}},"113":{"start":{"line":287,"column":2},"end":{"line":308,"column":3}},"114":{"start":{"line":288,"column":15},"end":{"line":288,"column":38}},"115":{"start":{"line":290,"column":19},"end":{"line":290,"column":68}},"116":{"start":{"line":291,"column":4},"end":{"line":291,"column":81}},"117":{"start":{"line":291,"column":17},"end":{"line":291,"column":81}},"118":{"start":{"line":293,"column":4},"end":{"line":297,"column":5}},"119":{"start":{"line":294,"column":6},"end":{"line":296,"column":9}},"120":{"start":{"line":299,"column":22},"end":{"line":302,"column":6}},"121":{"start":{"line":304,"column":4},"end":{"line":304,"column":74}},"122":{"start":{"line":306,"column":4},"end":{"line":306,"column":25}},"123":{"start":{"line":307,"column":4},"end":{"line":307,"column":69}}},"fnMap":{"0":{"name":"calcularPrecoItem","decl":{"start":{"line":31,"column":15},"end":{"line":31,"column":32}},"loc":{"start":{"line":31,"column":77},"end":{"line":88,"column":1}}},"1":{"name":"(anonymous_2)","decl":{"start":{"line":54,"column":49},"end":{"line":54,"column":50}},"loc":{"start":{"line":54,"column":56},"end":{"line":54,"column":82}}},"2":{"name":"(anonymous_3)","decl":{"start":{"line":76,"column":49},"end":{"line":76,"column":50}},"loc":{"start":{"line":76,"column":56},"end":{"line":76,"column":82}}},"3":{"name":"(anonymous_4)","decl":{"start":{"line":83,"column":43},"end":{"line":83,"column":47}},"loc":{"start":{"line":83,"column":52},"end":{"line":83,"column":60}}},"4":{"name":"criar","decl":{"start":{"line":90,"column":22},"end":{"line":90,"column":27}},"loc":{"start":{"line":90,"column":55},"end":{"line":166,"column":1}}},"5":{"name":"listar","decl":{"start":{"line":170,"column":22},"end":{"line":170,"column":28}},"loc":{"start":{"line":170,"column":56},"end":{"line":206,"column":1}}},"6":{"name":"(anonymous_7)","decl":{"start":{"line":179,"column":19},"end":{"line":179,"column":20}},"loc":{"start":{"line":179,"column":24},"end":{"line":179,"column":32}}},"7":{"name":"(anonymous_8)","decl":{"start":{"line":180,"column":22},"end":{"line":180,"column":23}},"loc":{"start":{"line":180,"column":48},"end":{"line":180,"column":90}}},"8":{"name":"buscarPorId","decl":{"start":{"line":208,"column":22},"end":{"line":208,"column":33}},"loc":{"start":{"line":208,"column":61},"end":{"line":233,"column":1}}},"9":{"name":"atualizarStatus","decl":{"start":{"line":243,"column":22},"end":{"line":243,"column":37}},"loc":{"start":{"line":243,"column":65},"end":{"line":284,"column":1}}},"10":{"name":"cancelar","decl":{"start":{"line":286,"column":22},"end":{"line":286,"column":30}},"loc":{"start":{"line":286,"column":58},"end":{"line":309,"column":1}}}},"branchMap":{"0":{"loc":{"start":{"line":36,"column":2},"end":{"line":85,"column":3}},"type":"if","locations":[{"start":{"line":36,"column":2},"end":{"line":85,"column":3}},{"start":{"line":51,"column":7},"end":{"line":85,"column":3}}]},"1":{"loc":{"start":{"line":39,"column":4},"end":{"line":48,"column":5}},"type":"if","locations":[{"start":{"line":39,"column":4},"end":{"line":48,"column":5}}]},"2":{"loc":{"start":{"line":42,"column":8},"end":{"line":46,"column":9}},"type":"if","locations":[{"start":{"line":42,"column":8},"end":{"line":46,"column":9}}]},"3":{"loc":{"start":{"line":51,"column":7},"end":{"line":85,"column":3}},"type":"if","locations":[{"start":{"line":51,"column":7},"end":{"line":85,"column":3}},{"start":{"line":73,"column":7},"end":{"line":85,"column":3}}]},"4":{"loc":{"start":{"line":52,"column":4},"end":{"line":52,"column":65}},"type":"if","locations":[{"start":{"line":52,"column":4},"end":{"line":52,"column":65}}]},"5":{"loc":{"start":{"line":55,"column":4},"end":{"line":55,"column":84}},"type":"if","locations":[{"start":{"line":55,"column":4},"end":{"line":55,"column":84}}]},"6":{"loc":{"start":{"line":59,"column":4},"end":{"line":70,"column":5}},"type":"if","locations":[{"start":{"line":59,"column":4},"end":{"line":70,"column":5}}]},"7":{"loc":{"start":{"line":64,"column":8},"end":{"line":68,"column":9}},"type":"if","locations":[{"start":{"line":64,"column":8},"end":{"line":68,"column":9}}]},"8":{"loc":{"start":{"line":73,"column":7},"end":{"line":85,"column":3}},"type":"if","locations":[{"start":{"line":73,"column":7},"end":{"line":85,"column":3}}]},"9":{"loc":{"start":{"line":74,"column":4},"end":{"line":74,"column":65}},"type":"if","locations":[{"start":{"line":74,"column":4},"end":{"line":74,"column":65}}]},"10":{"loc":{"start":{"line":77,"column":4},"end":{"line":77,"column":84}},"type":"if","locations":[{"start":{"line":77,"column":4},"end":{"line":77,"column":84}}]},"11":{"loc":{"start":{"line":79,"column":23},"end":{"line":79,"column":48}},"type":"binary-expr","locations":[{"start":{"line":79,"column":23},"end":{"line":79,"column":43}},{"start":{"line":79,"column":47},"end":{"line":79,"column":48}}]},"12":{"loc":{"start":{"line":82,"column":4},"end":{"line":84,"column":5}},"type":"if","locations":[{"start":{"line":82,"column":4},"end":{"line":84,"column":5}}]},"13":{"loc":{"start":{"line":104,"column":6},"end":{"line":106,"column":7}},"type":"if","locations":[{"start":{"line":104,"column":6},"end":{"line":106,"column":7}}]},"14":{"loc":{"start":{"line":108,"column":6},"end":{"line":110,"column":7}},"type":"if","locations":[{"start":{"line":108,"column":6},"end":{"line":110,"column":7}}]},"15":{"loc":{"start":{"line":108,"column":10},"end":{"line":108,"column":47}},"type":"binary-expr","locations":[{"start":{"line":108,"column":10},"end":{"line":108,"column":29}},{"start":{"line":108,"column":33},"end":{"line":108,"column":47}}]},"16":{"loc":{"start":{"line":112,"column":6},"end":{"line":114,"column":7}},"type":"if","locations":[{"start":{"line":112,"column":6},"end":{"line":114,"column":7}}]},"17":{"loc":{"start":{"line":112,"column":10},"end":{"line":112,"column":95}},"type":"binary-expr","locations":[{"start":{"line":112,"column":11},"end":{"line":112,"column":42}},{"start":{"line":112,"column":46},"end":{"line":112,"column":77}},{"start":{"line":112,"column":82},"end":{"line":112,"column":95}}]},"18":{"loc":{"start":{"line":127,"column":22},"end":{"line":127,"column":54}},"type":"binary-expr","locations":[{"start":{"line":127,"column":22},"end":{"line":127,"column":46}},{"start":{"line":127,"column":50},"end":{"line":127,"column":54}}]},"19":{"loc":{"start":{"line":128,"column":21},"end":{"line":128,"column":45}},"type":"binary-expr","locations":[{"start":{"line":128,"column":21},"end":{"line":128,"column":37}},{"start":{"line":128,"column":41},"end":{"line":128,"column":45}}]},"20":{"loc":{"start":{"line":137,"column":21},"end":{"line":137,"column":40}},"type":"binary-expr","locations":[{"start":{"line":137,"column":21},"end":{"line":137,"column":32}},{"start":{"line":137,"column":36},"end":{"line":137,"column":40}}]},"21":{"loc":{"start":{"line":138,"column":21},"end":{"line":138,"column":40}},"type":"binary-expr","locations":[{"start":{"line":138,"column":21},"end":{"line":138,"column":32}},{"start":{"line":138,"column":36},"end":{"line":138,"column":40}}]},"22":{"loc":{"start":{"line":159,"column":4},"end":{"line":161,"column":5}},"type":"if","locations":[{"start":{"line":159,"column":4},"end":{"line":161,"column":5}}]},"23":{"loc":{"start":{"line":172,"column":20},"end":{"line":172,"column":32}},"type":"default-arg","locations":[{"start":{"line":172,"column":28},"end":{"line":172,"column":32}}]},"24":{"loc":{"start":{"line":174,"column":49},"end":{"line":183,"column":10}},"type":"cond-expr","locations":[{"start":{"line":175,"column":8},"end":{"line":182,"column":null}},{"start":{"line":183,"column":8},"end":{"line":183,"column":10}}]},"25":{"loc":{"start":{"line":226,"column":4},"end":{"line":226,"column":81}},"type":"if","locations":[{"start":{"line":226,"column":4},"end":{"line":226,"column":81}}]},"26":{"loc":{"start":{"line":248,"column":4},"end":{"line":250,"column":5}},"type":"if","locations":[{"start":{"line":248,"column":4},"end":{"line":250,"column":5}}]},"27":{"loc":{"start":{"line":255,"column":4},"end":{"line":255,"column":81}},"type":"if","locations":[{"start":{"line":255,"column":4},"end":{"line":255,"column":81}}]},"28":{"loc":{"start":{"line":257,"column":23},"end":{"line":257,"column":61}},"type":"binary-expr","locations":[{"start":{"line":257,"column":23},"end":{"line":257,"column":55}},{"start":{"line":257,"column":59},"end":{"line":257,"column":61}}]},"29":{"loc":{"start":{"line":258,"column":4},"end":{"line":263,"column":5}},"type":"if","locations":[{"start":{"line":258,"column":4},"end":{"line":263,"column":5}}]},"30":{"loc":{"start":{"line":269,"column":22},"end":{"line":269,"column":76}},"type":"cond-expr","locations":[{"start":{"line":269,"column":54},"end":{"line":269,"column":64}},{"start":{"line":269,"column":67},"end":{"line":269,"column":76}}]},"31":{"loc":{"start":{"line":277,"column":4},"end":{"line":279,"column":5}},"type":"if","locations":[{"start":{"line":277,"column":4},"end":{"line":279,"column":5}}]},"32":{"loc":{"start":{"line":291,"column":4},"end":{"line":291,"column":81}},"type":"if","locations":[{"start":{"line":291,"column":4},"end":{"line":291,"column":81}}]},"33":{"loc":{"start":{"line":293,"column":4},"end":{"line":297,"column":5}},"type":"if","locations":[{"start":{"line":293,"column":4},"end":{"line":297,"column":5}}]}},"s":{"0":1,"1":1,"2":1,"3":1,"4":1,"5":1,"6":1,"7":1,"8":1,"9":1,"10":2,"11":2,"12":2,"13":2,"14":1,"15":1,"16":1,"17":1,"18":1,"19":1,"20":1,"21":1,"22":1,"23":0,"24":0,"25":0,"26":0,"27":0,"28":0,"29":0,"30":0,"31":0,"32":0,"33":0,"34":0,"35":0,"36":0,"37":1,"38":1,"39":0,"40":1,"41":1,"42":1,"43":0,"44":1,"45":1,"46":1,"47":1,"48":2,"49":2,"50":8,"51":8,"52":8,"53":6,"54":6,"55":6,"56":6,"57":5,"58":1,"59":4,"60":1,"61":3,"62":1,"63":2,"64":2,"65":2,"66":2,"67":2,"68":2,"69":2,"70":2,"71":3,"72":2,"73":1,"74":1,"75":1,"76":3,"77":3,"78":3,"79":3,"80":3,"81":3,"82":2,"83":1,"84":1,"85":3,"86":3,"87":3,"88":2,"89":1,"90":1,"91":1,"92":1,"93":1,"94":7,"95":7,"96":7,"97":6,"98":1,"99":5,"100":5,"101":4,"102":1,"103":3,"104":3,"105":1,"106":2,"107":2,"108":2,"109":2,"110":1,"111":1,"112":1,"113":4,"114":4,"115":4,"116":3,"117":1,"118":2,"119":1,"120":1,"121":1,"122":1,"123":1},"f":{"0":2,"1":0,"2":1,"3":2,"4":8,"5":3,"6":3,"7":3,"8":3,"9":7,"10":4},"b":{"0":[1,1],"1":[1],"2":[1],"3":[0,1],"4":[0],"5":[0],"6":[0],"7":[0],"8":[1],"9":[0],"10":[0],"11":[1,0],"12":[1],"13":[1],"14":[1],"15":[4,3],"16":[1],"17":[3,2,2],"18":[2,1],"19":[2,2],"20":[2,1],"21":[2,2],"22":[2],"23":[2],"24":[1,2],"25":[1],"26":[1],"27":[1],"28":[3,0],"29":[1],"30":[1,1],"31":[1],"32":[1],"33":[1]}}
,"C:\\dev\\workspace\\mestre-dos-tragos\\backend\\src\\controllers\\produtoController.ts": {"path":"C:\\dev\\workspace\\mestre-dos-tragos\\backend\\src\\controllers\\produtoController.ts","statementMap":{"0":{"start":{"line":22,"column":0},"end":{"line":22,"column":7}},"1":{"start":{"line":52,"column":0},"end":{"line":52,"column":7}},"2":{"start":{"line":72,"column":0},"end":{"line":72,"column":7}},"3":{"start":{"line":143,"column":0},"end":{"line":143,"column":7}},"4":{"start":{"line":232,"column":0},"end":{"line":232,"column":7}},"5":{"start":{"line":264,"column":0},"end":{"line":264,"column":7}},"6":{"start":{"line":3,"column":0},"end":{"line":3,"column":31}},"7":{"start":{"line":4,"column":0},"end":{"line":4,"column":38}},"8":{"start":{"line":5,"column":0},"end":{"line":5,"column":99}},"9":{"start":{"line":8,"column":23},"end":{"line":20,"column":34}},"10":{"start":{"line":23,"column":2},"end":{"line":49,"column":3}},"11":{"start":{"line":24,"column":47},"end":{"line":24,"column":56}},"12":{"start":{"line":26,"column":44},"end":{"line":26,"column":59}},"13":{"start":{"line":28,"column":4},"end":{"line":30,"column":5}},"14":{"start":{"line":29,"column":6},"end":{"line":29,"column":30}},"15":{"start":{"line":32,"column":4},"end":{"line":34,"column":5}},"16":{"start":{"line":33,"column":6},"end":{"line":33,"column":38}},"17":{"start":{"line":36,"column":21},"end":{"line":43,"column":6}},"18":{"start":{"line":45,"column":4},"end":{"line":45,"column":30}},"19":{"start":{"line":47,"column":4},"end":{"line":47,"column":45}},"20":{"start":{"line":48,"column":4},"end":{"line":48,"column":69}},"21":{"start":{"line":53,"column":2},"end":{"line":69,"column":3}},"22":{"start":{"line":54,"column":15},"end":{"line":54,"column":38}},"23":{"start":{"line":56,"column":20},"end":{"line":59,"column":6}},"24":{"start":{"line":61,"column":4},"end":{"line":63,"column":5}},"25":{"start":{"line":62,"column":6},"end":{"line":62,"column":71}},"26":{"start":{"line":65,"column":4},"end":{"line":65,"column":29}},"27":{"start":{"line":67,"column":4},"end":{"line":67,"column":50}},"28":{"start":{"line":68,"column":4},"end":{"line":68,"column":68}},"29":{"start":{"line":73,"column":2},"end":{"line":140,"column":3}},"30":{"start":{"line":84,"column":8},"end":{"line":84,"column":42}},"31":{"start":{"line":86,"column":28},"end":{"line":88,"column":6}},"32":{"start":{"line":90,"column":4},"end":{"line":92,"column":5}},"33":{"start":{"line":91,"column":6},"end":{"line":91,"column":73}},"34":{"start":{"line":94,"column":44},"end":{"line":125,"column":6}},"35":{"start":{"line":107,"column":43},"end":{"line":110,"column":16}},"36":{"start":{"line":117,"column":58},"end":{"line":121,"column":16}},"37":{"start":{"line":127,"column":20},"end":{"line":130,"column":6}},"38":{"start":{"line":132,"column":4},"end":{"line":132,"column":86}},"39":{"start":{"line":134,"column":4},"end":{"line":136,"column":5}},"40":{"start":{"line":135,"column":6},"end":{"line":135,"column":69}},"41":{"start":{"line":138,"column":4},"end":{"line":138,"column":44}},"42":{"start":{"line":139,"column":4},"end":{"line":139,"column":67}},"43":{"start":{"line":144,"column":2},"end":{"line":229,"column":3}},"44":{"start":{"line":145,"column":15},"end":{"line":145,"column":38}},"45":{"start":{"line":156,"column":8},"end":{"line":156,"column":43}},"46":{"start":{"line":158,"column":19},"end":{"line":158,"column":69}},"47":{"start":{"line":160,"column":4},"end":{"line":162,"column":5}},"48":{"start":{"line":161,"column":6},"end":{"line":161,"column":71}},"49":{"start":{"line":164,"column":4},"end":{"line":172,"column":5}},"50":{"start":{"line":165,"column":30},"end":{"line":167,"column":8}},"51":{"start":{"line":169,"column":6},"end":{"line":171,"column":7}},"52":{"start":{"line":170,"column":8},"end":{"line":170,"column":75}},"53":{"start":{"line":174,"column":44},"end":{"line":213,"column":6}},"54":{"start":{"line":194,"column":43},"end":{"line":197,"column":16}},"55":{"start":{"line":205,"column":58},"end":{"line":209,"column":16}},"56":{"start":{"line":215,"column":30},"end":{"line":219,"column":6}},"57":{"start":{"line":221,"column":4},"end":{"line":221,"column":97}},"58":{"start":{"line":223,"column":4},"end":{"line":225,"column":5}},"59":{"start":{"line":224,"column":6},"end":{"line":224,"column":69}},"60":{"start":{"line":227,"column":4},"end":{"line":227,"column":45}},"61":{"start":{"line":228,"column":4},"end":{"line":228,"column":68}},"62":{"start":{"line":233,"column":2},"end":{"line":261,"column":3}},"63":{"start":{"line":234,"column":15},"end":{"line":234,"column":38}},"64":{"start":{"line":236,"column":20},"end":{"line":236,"column":70}},"65":{"start":{"line":238,"column":4},"end":{"line":240,"column":5}},"66":{"start":{"line":239,"column":6},"end":{"line":239,"column":71}},"67":{"start":{"line":242,"column":4},"end":{"line":244,"column":5}},"68":{"start":{"line":243,"column":6},"end":{"line":243,"column":102}},"69":{"start":{"line":246,"column":30},"end":{"line":250,"column":6}},"70":{"start":{"line":252,"column":4},"end":{"line":257,"column":7}},"71":{"start":{"line":259,"column":4},"end":{"line":259,"column":62}},"72":{"start":{"line":260,"column":4},"end":{"line":260,"column":77}},"73":{"start":{"line":265,"column":2},"end":{"line":283,"column":3}},"74":{"start":{"line":266,"column":15},"end":{"line":266,"column":38}},"75":{"start":{"line":268,"column":19},"end":{"line":268,"column":69}},"76":{"start":{"line":270,"column":4},"end":{"line":272,"column":5}},"77":{"start":{"line":271,"column":6},"end":{"line":271,"column":71}},"78":{"start":{"line":274,"column":4},"end":{"line":277,"column":7}},"79":{"start":{"line":279,"column":4},"end":{"line":279,"column":69}},"80":{"start":{"line":281,"column":4},"end":{"line":281,"column":48}},"81":{"start":{"line":282,"column":4},"end":{"line":282,"column":71}}},"fnMap":{"0":{"name":"listar","decl":{"start":{"line":22,"column":22},"end":{"line":22,"column":28}},"loc":{"start":{"line":22,"column":56},"end":{"line":50,"column":1}}},"1":{"name":"buscarPorId","decl":{"start":{"line":52,"column":22},"end":{"line":52,"column":33}},"loc":{"start":{"line":52,"column":61},"end":{"line":70,"column":1}}},"2":{"name":"criar","decl":{"start":{"line":72,"column":22},"end":{"line":72,"column":27}},"loc":{"start":{"line":72,"column":55},"end":{"line":141,"column":1}}},"3":{"name":"(anonymous_4)","decl":{"start":{"line":107,"column":35},"end":{"line":107,"column":36}},"loc":{"start":{"line":107,"column":43},"end":{"line":110,"column":16}}},"4":{"name":"(anonymous_5)","decl":{"start":{"line":117,"column":40},"end":{"line":117,"column":41}},"loc":{"start":{"line":117,"column":58},"end":{"line":121,"column":16}}},"5":{"name":"editar","decl":{"start":{"line":143,"column":22},"end":{"line":143,"column":28}},"loc":{"start":{"line":143,"column":56},"end":{"line":230,"column":1}}},"6":{"name":"(anonymous_7)","decl":{"start":{"line":194,"column":35},"end":{"line":194,"column":36}},"loc":{"start":{"line":194,"column":43},"end":{"line":197,"column":16}}},"7":{"name":"(anonymous_8)","decl":{"start":{"line":205,"column":40},"end":{"line":205,"column":41}},"loc":{"start":{"line":205,"column":58},"end":{"line":209,"column":16}}},"8":{"name":"alternarDisponibilidade","decl":{"start":{"line":232,"column":22},"end":{"line":232,"column":45}},"loc":{"start":{"line":232,"column":73},"end":{"line":262,"column":1}}},"9":{"name":"desativar","decl":{"start":{"line":264,"column":22},"end":{"line":264,"column":31}},"loc":{"start":{"line":264,"column":59},"end":{"line":284,"column":1}}}},"branchMap":{"0":{"loc":{"start":{"line":28,"column":4},"end":{"line":30,"column":5}},"type":"if","locations":[{"start":{"line":28,"column":4},"end":{"line":30,"column":5}}]},"1":{"loc":{"start":{"line":32,"column":4},"end":{"line":34,"column":5}},"type":"if","locations":[{"start":{"line":32,"column":4},"end":{"line":34,"column":5}}]},"2":{"loc":{"start":{"line":61,"column":4},"end":{"line":63,"column":5}},"type":"if","locations":[{"start":{"line":61,"column":4},"end":{"line":63,"column":5}}]},"3":{"loc":{"start":{"line":90,"column":4},"end":{"line":92,"column":5}},"type":"if","locations":[{"start":{"line":90,"column":4},"end":{"line":92,"column":5}}]},"4":{"loc":{"start":{"line":96,"column":17},"end":{"line":96,"column":34}},"type":"binary-expr","locations":[{"start":{"line":96,"column":17},"end":{"line":96,"column":26}},{"start":{"line":96,"column":30},"end":{"line":96,"column":34}}]},"5":{"loc":{"start":{"line":97,"column":13},"end":{"line":97,"column":26}},"type":"binary-expr","locations":[{"start":{"line":97,"column":13},"end":{"line":97,"column":18}},{"start":{"line":97,"column":22},"end":{"line":97,"column":26}}]},"6":{"loc":{"start":{"line":98,"column":13},"end":{"line":98,"column":35}},"type":"binary-expr","locations":[{"start":{"line":98,"column":13},"end":{"line":98,"column":30}},{"start":{"line":98,"column":34},"end":{"line":98,"column":35}}]},"7":{"loc":{"start":{"line":102,"column":18},"end":{"line":102,"column":36}},"type":"binary-expr","locations":[{"start":{"line":102,"column":18},"end":{"line":102,"column":28}},{"start":{"line":102,"column":32},"end":{"line":102,"column":36}}]},"8":{"loc":{"start":{"line":104,"column":10},"end":{"line":113,"column":12}},"type":"cond-expr","locations":[{"start":{"line":105,"column":10},"end":{"line":112,"column":null}},{"start":{"line":113,"column":10},"end":{"line":113,"column":12}}]},"9":{"loc":{"start":{"line":104,"column":10},"end":{"line":104,"column":41}},"type":"binary-expr","locations":[{"start":{"line":104,"column":10},"end":{"line":104,"column":18}},{"start":{"line":104,"column":22},"end":{"line":104,"column":41}}]},"10":{"loc":{"start":{"line":109,"column":23},"end":{"line":109,"column":47}},"type":"binary-expr","locations":[{"start":{"line":109,"column":23},"end":{"line":109,"column":42}},{"start":{"line":109,"column":46},"end":{"line":109,"column":47}}]},"11":{"loc":{"start":{"line":114,"column":10},"end":{"line":124,"column":12}},"type":"cond-expr","locations":[{"start":{"line":115,"column":10},"end":{"line":123,"column":null}},{"start":{"line":124,"column":10},"end":{"line":124,"column":12}}]},"12":{"loc":{"start":{"line":114,"column":10},"end":{"line":114,"column":51}},"type":"binary-expr","locations":[{"start":{"line":114,"column":10},"end":{"line":114,"column":23}},{"start":{"line":114,"column":27},"end":{"line":114,"column":51}}]},"13":{"loc":{"start":{"line":134,"column":4},"end":{"line":136,"column":5}},"type":"if","locations":[{"start":{"line":134,"column":4},"end":{"line":136,"column":5}}]},"14":{"loc":{"start":{"line":160,"column":4},"end":{"line":162,"column":5}},"type":"if","locations":[{"start":{"line":160,"column":4},"end":{"line":162,"column":5}}]},"15":{"loc":{"start":{"line":164,"column":4},"end":{"line":172,"column":5}},"type":"if","locations":[{"start":{"line":164,"column":4},"end":{"line":172,"column":5}}]},"16":{"loc":{"start":{"line":169,"column":6},"end":{"line":171,"column":7}},"type":"if","locations":[{"start":{"line":169,"column":6},"end":{"line":171,"column":7}}]},"17":{"loc":{"start":{"line":175,"column":10},"end":{"line":175,"column":44}},"type":"cond-expr","locations":[{"start":{"line":175,"column":31},"end":{"line":175,"column":39}},{"start":{"line":175,"column":42},"end":{"line":175,"column":44}}]},"18":{"loc":{"start":{"line":176,"column":10},"end":{"line":176,"column":54}},"type":"cond-expr","locations":[{"start":{"line":176,"column":36},"end":{"line":176,"column":49}},{"start":{"line":176,"column":52},"end":{"line":176,"column":54}}]},"19":{"loc":{"start":{"line":177,"column":10},"end":{"line":177,"column":46}},"type":"cond-expr","locations":[{"start":{"line":177,"column":32},"end":{"line":177,"column":41}},{"start":{"line":177,"column":44},"end":{"line":177,"column":46}}]},"20":{"loc":{"start":{"line":178,"column":10},"end":{"line":178,"column":70}},"type":"cond-expr","locations":[{"start":{"line":178,"column":32},"end":{"line":178,"column":65}},{"start":{"line":178,"column":68},"end":{"line":178,"column":70}}]},"21":{"loc":{"start":{"line":178,"column":41},"end":{"line":178,"column":63}},"type":"binary-expr","locations":[{"start":{"line":178,"column":41},"end":{"line":178,"column":58}},{"start":{"line":178,"column":62},"end":{"line":178,"column":63}}]},"22":{"loc":{"start":{"line":179,"column":10},"end":{"line":185,"column":12}},"type":"cond-expr","locations":[{"start":{"line":180,"column":10},"end":{"line":184,"column":null}},{"start":{"line":185,"column":10},"end":{"line":185,"column":12}}]},"23":{"loc":{"start":{"line":186,"column":10},"end":{"line":186,"column":56}},"type":"cond-expr","locations":[{"start":{"line":186,"column":37},"end":{"line":186,"column":51}},{"start":{"line":186,"column":54},"end":{"line":186,"column":56}}]},"24":{"loc":{"start":{"line":190,"column":10},"end":{"line":200,"column":12}},"type":"cond-expr","locations":[{"start":{"line":191,"column":10},"end":{"line":199,"column":null}},{"start":{"line":200,"column":10},"end":{"line":200,"column":12}}]},"25":{"loc":{"start":{"line":190,"column":10},"end":{"line":190,"column":41}},"type":"binary-expr","locations":[{"start":{"line":190,"column":10},"end":{"line":190,"column":18}},{"start":{"line":190,"column":22},"end":{"line":190,"column":41}}]},"26":{"loc":{"start":{"line":196,"column":23},"end":{"line":196,"column":47}},"type":"binary-expr","locations":[{"start":{"line":196,"column":23},"end":{"line":196,"column":42}},{"start":{"line":196,"column":46},"end":{"line":196,"column":47}}]},"27":{"loc":{"start":{"line":201,"column":10},"end":{"line":212,"column":12}},"type":"cond-expr","locations":[{"start":{"line":202,"column":10},"end":{"line":211,"column":null}},{"start":{"line":212,"column":10},"end":{"line":212,"column":12}}]},"28":{"loc":{"start":{"line":223,"column":4},"end":{"line":225,"column":5}},"type":"if","locations":[{"start":{"line":223,"column":4},"end":{"line":225,"column":5}}]},"29":{"loc":{"start":{"line":238,"column":4},"end":{"line":240,"column":5}},"type":"if","locations":[{"start":{"line":238,"column":4},"end":{"line":240,"column":5}}]},"30":{"loc":{"start":{"line":242,"column":4},"end":{"line":244,"column":5}},"type":"if","locations":[{"start":{"line":242,"column":4},"end":{"line":244,"column":5}}]},"31":{"loc":{"start":{"line":253,"column":16},"end":{"line":255,"column":56}},"type":"cond-expr","locations":[{"start":{"line":254,"column":10},"end":{"line":254,"column":54}},{"start":{"line":255,"column":10},"end":{"line":255,"column":56}}]},"32":{"loc":{"start":{"line":270,"column":4},"end":{"line":272,"column":5}},"type":"if","locations":[{"start":{"line":270,"column":4},"end":{"line":272,"column":5}}]}},"s":{"0":1,"1":1,"2":1,"3":1,"4":1,"5":1,"6":1,"7":1,"8":1,"9":1,"10":3,"11":3,"12":3,"13":3,"14":0,"15":3,"16":1,"17":3,"18":2,"19":1,"20":1,"21":3,"22":3,"23":3,"24":2,"25":1,"26":1,"27":1,"28":1,"29":10,"30":10,"31":4,"32":4,"33":1,"34":3,"35":2,"36":1,"37":3,"38":2,"39":7,"40":6,"41":1,"42":1,"43":6,"44":6,"45":6,"46":4,"47":3,"48":1,"49":2,"50":2,"51":2,"52":1,"53":1,"54":0,"55":0,"56":1,"57":1,"58":3,"59":2,"60":1,"61":1,"62":5,"63":5,"64":5,"65":4,"66":1,"67":3,"68":1,"69":2,"70":2,"71":1,"72":1,"73":3,"74":3,"75":3,"76":2,"77":1,"78":1,"79":1,"80":1,"81":1},"f":{"0":3,"1":3,"2":10,"3":2,"4":1,"5":6,"6":0,"7":0,"8":5,"9":3},"b":{"0":[0],"1":[1],"2":[1],"3":[1],"4":[3,3],"5":[3,3],"6":[3,1],"7":[3,3],"8":[1,2],"9":[3,1],"10":[2,0],"11":[1,2],"12":[3,1],"13":[6],"14":[1],"15":[2],"16":[1],"17":[1,0],"18":[0,1],"19":[0,1],"20":[0,1],"21":[0,0],"22":[1,0],"23":[1,0],"24":[0,1],"25":[1,0],"26":[0,0],"27":[0,1],"28":[2],"29":[1],"30":[1],"31":[1,1],"32":[1]}}
,"C:\\dev\\workspace\\mestre-dos-tragos\\backend\\src\\controllers\\relatorioController.ts": {"path":"C:\\dev\\workspace\\mestre-dos-tragos\\backend\\src\\controllers\\relatorioController.ts","statementMap":{"0":{"start":{"line":10,"column":0},"end":{"line":10,"column":7}},"1":{"start":{"line":68,"column":0},"end":{"line":68,"column":7}},"2":{"start":{"line":148,"column":0},"end":{"line":148,"column":7}},"3":{"start":{"line":216,"column":0},"end":{"line":216,"column":7}},"4":{"start":{"line":282,"column":0},"end":{"line":282,"column":7}},"5":{"start":{"line":322,"column":0},"end":{"line":322,"column":7}},"6":{"start":{"line":361,"column":0},"end":{"line":361,"column":7}},"7":{"start":{"line":3,"column":0},"end":{"line":3,"column":38}},"8":{"start":{"line":11,"column":2},"end":{"line":60,"column":3}},"9":{"start":{"line":12,"column":17},"end":{"line":12,"column":27}},"10":{"start":{"line":15,"column":22},"end":{"line":15,"column":36}},"11":{"start":{"line":16,"column":4},"end":{"line":16,"column":35}},"12":{"start":{"line":17,"column":19},"end":{"line":17,"column":33}},"13":{"start":{"line":18,"column":4},"end":{"line":18,"column":37}},"14":{"start":{"line":20,"column":23},"end":{"line":25,"column":6}},"15":{"start":{"line":27,"column":30},"end":{"line":27,"column":47}},"16":{"start":{"line":28,"column":30},"end":{"line":28,"column":77}},"17":{"start":{"line":28,"column":53},"end":{"line":28,"column":76}},"18":{"start":{"line":29,"column":30},"end":{"line":29,"column":78}},"19":{"start":{"line":29,"column":53},"end":{"line":29,"column":77}},"20":{"start":{"line":32,"column":24},"end":{"line":32,"column":90}},"21":{"start":{"line":32,"column":60},"end":{"line":32,"column":86}},"22":{"start":{"line":35,"column":24},"end":{"line":37,"column":9}},"23":{"start":{"line":40,"column":28},"end":{"line":40,"column":72}},"24":{"start":{"line":40,"column":57},"end":{"line":40,"column":71}},"25":{"start":{"line":41,"column":30},"end":{"line":46,"column":9}},"26":{"start":{"line":43,"column":23},"end":{"line":43,"column":91}},"27":{"start":{"line":44,"column":10},"end":{"line":44,"column":36}},"28":{"start":{"line":48,"column":4},"end":{"line":56,"column":7}},"29":{"start":{"line":58,"column":4},"end":{"line":58,"column":25}},"30":{"start":{"line":59,"column":4},"end":{"line":59,"column":73}},"31":{"start":{"line":69,"column":2},"end":{"line":140,"column":3}},"32":{"start":{"line":70,"column":28},"end":{"line":70,"column":37}},"33":{"start":{"line":73,"column":4},"end":{"line":77,"column":5}},"34":{"start":{"line":74,"column":6},"end":{"line":76,"column":9}},"35":{"start":{"line":79,"column":23},"end":{"line":79,"column":49}},"36":{"start":{"line":80,"column":4},"end":{"line":80,"column":36}},"37":{"start":{"line":81,"column":20},"end":{"line":81,"column":43}},"38":{"start":{"line":82,"column":4},"end":{"line":82,"column":38}},"39":{"start":{"line":85,"column":4},"end":{"line":87,"column":5}},"40":{"start":{"line":86,"column":6},"end":{"line":86,"column":64}},"41":{"start":{"line":89,"column":20},"end":{"line":98,"column":6}},"42":{"start":{"line":100,"column":23},"end":{"line":100,"column":67}},"43":{"start":{"line":100,"column":43},"end":{"line":100,"column":66}},"44":{"start":{"line":101,"column":23},"end":{"line":101,"column":68}},"45":{"start":{"line":101,"column":43},"end":{"line":101,"column":67}},"46":{"start":{"line":103,"column":29},"end":{"line":103,"column":88}},"47":{"start":{"line":103,"column":58},"end":{"line":103,"column":84}},"48":{"start":{"line":104,"column":24},"end":{"line":106,"column":9}},"49":{"start":{"line":109,"column":54},"end":{"line":109,"column":56}},"50":{"start":{"line":110,"column":4},"end":{"line":113,"column":7}},"51":{"start":{"line":111,"column":18},"end":{"line":111,"column":71}},"52":{"start":{"line":112,"column":6},"end":{"line":112,"column":89}},"53":{"start":{"line":115,"column":4},"end":{"line":136,"column":7}},"54":{"start":{"line":129,"column":46},"end":{"line":135,"column":8}},"55":{"start":{"line":138,"column":4},"end":{"line":138,"column":25}},"56":{"start":{"line":139,"column":4},"end":{"line":139,"column":81}},"57":{"start":{"line":149,"column":2},"end":{"line":208,"column":3}},"58":{"start":{"line":150,"column":28},"end":{"line":150,"column":37}},"59":{"start":{"line":153,"column":47},"end":{"line":155,"column":6}},"60":{"start":{"line":157,"column":4},"end":{"line":167,"column":5}},"61":{"start":{"line":158,"column":25},"end":{"line":158,"column":51}},"62":{"start":{"line":159,"column":6},"end":{"line":159,"column":38}},"63":{"start":{"line":160,"column":22},"end":{"line":160,"column":45}},"64":{"start":{"line":161,"column":6},"end":{"line":161,"column":40}},"65":{"start":{"line":163,"column":6},"end":{"line":166,"column":8}},"66":{"start":{"line":169,"column":25},"end":{"line":174,"column":6}},"67":{"start":{"line":181,"column":9},"end":{"line":181,"column":11}},"68":{"start":{"line":183,"column":4},"end":{"line":190,"column":7}},"69":{"start":{"line":184,"column":17},"end":{"line":184,"column":31}},"70":{"start":{"line":185,"column":6},"end":{"line":187,"column":7}},"71":{"start":{"line":186,"column":8},"end":{"line":186,"column":88}},"72":{"start":{"line":188,"column":6},"end":{"line":188,"column":56}},"73":{"start":{"line":189,"column":6},"end":{"line":189,"column":62}},"74":{"start":{"line":193,"column":20},"end":{"line":199,"column":50}},"75":{"start":{"line":194,"column":29},"end":{"line":198,"column":8}},"76":{"start":{"line":199,"column":22},"end":{"line":199,"column":49}},"77":{"start":{"line":201,"column":4},"end":{"line":204,"column":7}},"78":{"start":{"line":206,"column":4},"end":{"line":206,"column":25}},"79":{"start":{"line":207,"column":4},"end":{"line":207,"column":79}},"80":{"start":{"line":217,"column":2},"end":{"line":274,"column":3}},"81":{"start":{"line":218,"column":28},"end":{"line":218,"column":37}},"82":{"start":{"line":220,"column":43},"end":{"line":220,"column":45}},"83":{"start":{"line":222,"column":4},"end":{"line":228,"column":5}},"84":{"start":{"line":223,"column":25},"end":{"line":223,"column":51}},"85":{"start":{"line":224,"column":6},"end":{"line":224,"column":38}},"86":{"start":{"line":225,"column":22},"end":{"line":225,"column":45}},"87":{"start":{"line":226,"column":6},"end":{"line":226,"column":40}},"88":{"start":{"line":227,"column":6},"end":{"line":227,"column":57}},"89":{"start":{"line":231,"column":23},"end":{"line":246,"column":6}},"90":{"start":{"line":249,"column":22},"end":{"line":265,"column":6}},"91":{"start":{"line":250,"column":24},"end":{"line":250,"column":41}},"92":{"start":{"line":251,"column":24},"end":{"line":251,"column":68}},"93":{"start":{"line":251,"column":44},"end":{"line":251,"column":67}},"94":{"start":{"line":252,"column":25},"end":{"line":252,"column":70}},"95":{"start":{"line":252,"column":45},"end":{"line":252,"column":69}},"96":{"start":{"line":253,"column":26},"end":{"line":253,"column":85}},"97":{"start":{"line":253,"column":55},"end":{"line":253,"column":81}},"98":{"start":{"line":255,"column":6},"end":{"line":264,"column":8}},"99":{"start":{"line":268,"column":4},"end":{"line":268,"column":62}},"100":{"start":{"line":268,"column":29},"end":{"line":268,"column":60}},"101":{"start":{"line":270,"column":4},"end":{"line":270,"column":31}},"102":{"start":{"line":272,"column":4},"end":{"line":272,"column":25}},"103":{"start":{"line":273,"column":4},"end":{"line":273,"column":83}},"104":{"start":{"line":283,"column":2},"end":{"line":313,"column":3}},"105":{"start":{"line":284,"column":21},"end":{"line":284,"column":30}},"106":{"start":{"line":287,"column":19},"end":{"line":287,"column":63}},"107":{"start":{"line":288,"column":19},"end":{"line":288,"column":33}},"108":{"start":{"line":289,"column":4},"end":{"line":289,"column":32}},"109":{"start":{"line":290,"column":16},"end":{"line":290,"column":30}},"110":{"start":{"line":291,"column":4},"end":{"line":291,"column":34}},"111":{"start":{"line":293,"column":39},"end":{"line":293,"column":100}},"112":{"start":{"line":294,"column":46},"end":{"line":294,"column":48}},"113":{"start":{"line":297,"column":4},"end":{"line":301,"column":5}},"114":{"start":{"line":298,"column":6},"end":{"line":300,"column":9}},"115":{"start":{"line":303,"column":18},"end":{"line":303,"column":73}},"116":{"start":{"line":303,"column":62},"end":{"line":303,"column":69}},"117":{"start":{"line":305,"column":4},"end":{"line":309,"column":7}},"118":{"start":{"line":311,"column":4},"end":{"line":311,"column":25}},"119":{"start":{"line":312,"column":4},"end":{"line":312,"column":80}},"120":{"start":{"line":323,"column":2},"end":{"line":353,"column":3}},"121":{"start":{"line":324,"column":28},"end":{"line":324,"column":37}},"122":{"start":{"line":326,"column":43},"end":{"line":326,"column":45}},"123":{"start":{"line":328,"column":4},"end":{"line":334,"column":5}},"124":{"start":{"line":329,"column":25},"end":{"line":329,"column":51}},"125":{"start":{"line":330,"column":6},"end":{"line":330,"column":38}},"126":{"start":{"line":331,"column":22},"end":{"line":331,"column":45}},"127":{"start":{"line":332,"column":6},"end":{"line":332,"column":40}},"128":{"start":{"line":333,"column":6},"end":{"line":333,"column":57}},"129":{"start":{"line":336,"column":23},"end":{"line":336,"column":59}},"130":{"start":{"line":337,"column":23},"end":{"line":337,"column":94}},"131":{"start":{"line":340,"column":17},"end":{"line":342,"column":14}},"132":{"start":{"line":344,"column":4},"end":{"line":349,"column":7}},"133":{"start":{"line":351,"column":4},"end":{"line":351,"column":25}},"134":{"start":{"line":352,"column":4},"end":{"line":352,"column":80}},"135":{"start":{"line":362,"column":2},"end":{"line":419,"column":3}},"136":{"start":{"line":363,"column":17},"end":{"line":363,"column":27}},"137":{"start":{"line":366,"column":22},"end":{"line":366,"column":61}},"138":{"start":{"line":367,"column":30},"end":{"line":367,"column":44}},"139":{"start":{"line":368,"column":4},"end":{"line":368,"column":64}},"140":{"start":{"line":369,"column":4},"end":{"line":369,"column":43}},"141":{"start":{"line":372,"column":32},"end":{"line":372,"column":59}},"142":{"start":{"line":373,"column":4},"end":{"line":373,"column":65}},"143":{"start":{"line":374,"column":29},"end":{"line":374,"column":56}},"144":{"start":{"line":375,"column":4},"end":{"line":375,"column":41}},"145":{"start":{"line":379,"column":22},"end":{"line":381,"column":8}},"146":{"start":{"line":382,"column":20},"end":{"line":382,"column":77}},"147":{"start":{"line":382,"column":47},"end":{"line":382,"column":73}},"148":{"start":{"line":383,"column":6},"end":{"line":389,"column":8}},"149":{"start":{"line":393,"column":41},"end":{"line":396,"column":6}},"150":{"start":{"line":399,"column":21},"end":{"line":401,"column":30}},"151":{"start":{"line":403,"column":4},"end":{"line":415,"column":7}},"152":{"start":{"line":417,"column":4},"end":{"line":417,"column":25}},"153":{"start":{"line":418,"column":4},"end":{"line":418,"column":79}}},"fnMap":{"0":{"name":"resumoDia","decl":{"start":{"line":10,"column":22},"end":{"line":10,"column":31}},"loc":{"start":{"line":10,"column":59},"end":{"line":61,"column":1}}},"1":{"name":"(anonymous_2)","decl":{"start":{"line":28,"column":48},"end":{"line":28,"column":49}},"loc":{"start":{"line":28,"column":53},"end":{"line":28,"column":76}}},"2":{"name":"(anonymous_3)","decl":{"start":{"line":29,"column":48},"end":{"line":29,"column":49}},"loc":{"start":{"line":29,"column":53},"end":{"line":29,"column":77}}},"3":{"name":"(anonymous_4)","decl":{"start":{"line":32,"column":48},"end":{"line":32,"column":49}},"loc":{"start":{"line":32,"column":60},"end":{"line":32,"column":86}}},"4":{"name":"(anonymous_5)","decl":{"start":{"line":40,"column":52},"end":{"line":40,"column":53}},"loc":{"start":{"line":40,"column":57},"end":{"line":40,"column":71}}},"5":{"name":"(anonymous_6)","decl":{"start":{"line":42,"column":31},"end":{"line":42,"column":32}},"loc":{"start":{"line":42,"column":42},"end":{"line":45,"column":9}}},"6":{"name":"faturamentoPeriodo","decl":{"start":{"line":68,"column":22},"end":{"line":68,"column":40}},"loc":{"start":{"line":68,"column":68},"end":{"line":141,"column":1}}},"7":{"name":"(anonymous_8)","decl":{"start":{"line":100,"column":38},"end":{"line":100,"column":39}},"loc":{"start":{"line":100,"column":43},"end":{"line":100,"column":66}}},"8":{"name":"(anonymous_9)","decl":{"start":{"line":101,"column":38},"end":{"line":101,"column":39}},"loc":{"start":{"line":101,"column":43},"end":{"line":101,"column":67}}},"9":{"name":"(anonymous_10)","decl":{"start":{"line":103,"column":46},"end":{"line":103,"column":47}},"loc":{"start":{"line":103,"column":58},"end":{"line":103,"column":84}}},"10":{"name":"(anonymous_11)","decl":{"start":{"line":110,"column":22},"end":{"line":110,"column":28}},"loc":{"start":{"line":110,"column":31},"end":{"line":113,"column":5}}},"11":{"name":"(anonymous_12)","decl":{"start":{"line":129,"column":40},"end":{"line":129,"column":41}},"loc":{"start":{"line":129,"column":46},"end":{"line":135,"column":8}}},"12":{"name":"rankingProdutos","decl":{"start":{"line":148,"column":22},"end":{"line":148,"column":37}},"loc":{"start":{"line":148,"column":65},"end":{"line":209,"column":1}}},"13":{"name":"(anonymous_14)","decl":{"start":{"line":183,"column":25},"end":{"line":183,"column":29}},"loc":{"start":{"line":183,"column":32},"end":{"line":190,"column":5}}},"14":{"name":"(anonymous_15)","decl":{"start":{"line":194,"column":11},"end":{"line":194,"column":12}},"loc":{"start":{"line":194,"column":29},"end":{"line":198,"column":8}}},"15":{"name":"(anonymous_16)","decl":{"start":{"line":199,"column":12},"end":{"line":199,"column":13}},"loc":{"start":{"line":199,"column":22},"end":{"line":199,"column":49}}},"16":{"name":"pedidosPorAtendente","decl":{"start":{"line":216,"column":22},"end":{"line":216,"column":41}},"loc":{"start":{"line":216,"column":69},"end":{"line":275,"column":1}}},"17":{"name":"(anonymous_18)","decl":{"start":{"line":249,"column":37},"end":{"line":249,"column":46}},"loc":{"start":{"line":249,"column":49},"end":{"line":265,"column":5}}},"18":{"name":"(anonymous_19)","decl":{"start":{"line":251,"column":39},"end":{"line":251,"column":40}},"loc":{"start":{"line":251,"column":44},"end":{"line":251,"column":67}}},"19":{"name":"(anonymous_20)","decl":{"start":{"line":252,"column":40},"end":{"line":252,"column":41}},"loc":{"start":{"line":252,"column":45},"end":{"line":252,"column":69}}},"20":{"name":"(anonymous_21)","decl":{"start":{"line":253,"column":43},"end":{"line":253,"column":44}},"loc":{"start":{"line":253,"column":55},"end":{"line":253,"column":81}}},"21":{"name":"(anonymous_22)","decl":{"start":{"line":268,"column":19},"end":{"line":268,"column":20}},"loc":{"start":{"line":268,"column":29},"end":{"line":268,"column":60}}},"22":{"name":"pedidosPorStatus","decl":{"start":{"line":282,"column":22},"end":{"line":282,"column":38}},"loc":{"start":{"line":282,"column":66},"end":{"line":314,"column":1}}},"23":{"name":"(anonymous_24)","decl":{"start":{"line":303,"column":50},"end":{"line":303,"column":51}},"loc":{"start":{"line":303,"column":62},"end":{"line":303,"column":69}}},"24":{"name":"taxaCancelamento","decl":{"start":{"line":322,"column":22},"end":{"line":322,"column":38}},"loc":{"start":{"line":322,"column":66},"end":{"line":354,"column":1}}},"25":{"name":"comparativoSemanal","decl":{"start":{"line":361,"column":22},"end":{"line":361,"column":40}},"loc":{"start":{"line":361,"column":68},"end":{"line":420,"column":1}}},"26":{"name":"resumoSemana","decl":{"start":{"line":378,"column":19},"end":{"line":378,"column":31}},"loc":{"start":{"line":378,"column":55},"end":{"line":390,"column":5}}},"27":{"name":"(anonymous_28)","decl":{"start":{"line":382,"column":35},"end":{"line":382,"column":36}},"loc":{"start":{"line":382,"column":47},"end":{"line":382,"column":73}}}},"branchMap":{"0":{"loc":{"start":{"line":35,"column":24},"end":{"line":37,"column":9}},"type":"cond-expr","locations":[{"start":{"line":36,"column":8},"end":{"line":36,"column":45}},{"start":{"line":37,"column":8},"end":{"line":37,"column":9}}]},"1":{"loc":{"start":{"line":41,"column":30},"end":{"line":46,"column":9}},"type":"cond-expr","locations":[{"start":{"line":42,"column":8},"end":{"line":45,"column":38}},{"start":{"line":46,"column":8},"end":{"line":46,"column":9}}]},"2":{"loc":{"start":{"line":73,"column":4},"end":{"line":77,"column":5}},"type":"if","locations":[{"start":{"line":73,"column":4},"end":{"line":77,"column":5}}]},"3":{"loc":{"start":{"line":73,"column":8},"end":{"line":73,"column":23}},"type":"binary-expr","locations":[{"start":{"line":73,"column":8},"end":{"line":73,"column":15}},{"start":{"line":73,"column":19},"end":{"line":73,"column":23}}]},"4":{"loc":{"start":{"line":85,"column":4},"end":{"line":87,"column":5}},"type":"if","locations":[{"start":{"line":85,"column":4},"end":{"line":87,"column":5}}]},"5":{"loc":{"start":{"line":85,"column":8},"end":{"line":85,"column":63}},"type":"binary-expr","locations":[{"start":{"line":85,"column":8},"end":{"line":85,"column":35}},{"start":{"line":85,"column":39},"end":{"line":85,"column":63}}]},"6":{"loc":{"start":{"line":104,"column":24},"end":{"line":106,"column":9}},"type":"cond-expr","locations":[{"start":{"line":105,"column":8},"end":{"line":105,"column":43}},{"start":{"line":106,"column":8},"end":{"line":106,"column":9}}]},"7":{"loc":{"start":{"line":112,"column":32},"end":{"line":112,"column":59}},"type":"binary-expr","locations":[{"start":{"line":112,"column":32},"end":{"line":112,"column":54}},{"start":{"line":112,"column":58},"end":{"line":112,"column":59}}]},"8":{"loc":{"start":{"line":157,"column":4},"end":{"line":167,"column":5}},"type":"if","locations":[{"start":{"line":157,"column":4},"end":{"line":167,"column":5}}]},"9":{"loc":{"start":{"line":157,"column":8},"end":{"line":157,"column":21}},"type":"binary-expr","locations":[{"start":{"line":157,"column":8},"end":{"line":157,"column":14}},{"start":{"line":157,"column":18},"end":{"line":157,"column":21}}]},"10":{"loc":{"start":{"line":185,"column":6},"end":{"line":187,"column":7}},"type":"if","locations":[{"start":{"line":185,"column":6},"end":{"line":187,"column":7}}]},"11":{"loc":{"start":{"line":222,"column":4},"end":{"line":228,"column":5}},"type":"if","locations":[{"start":{"line":222,"column":4},"end":{"line":228,"column":5}}]},"12":{"loc":{"start":{"line":222,"column":8},"end":{"line":222,"column":21}},"type":"binary-expr","locations":[{"start":{"line":222,"column":8},"end":{"line":222,"column":14}},{"start":{"line":222,"column":18},"end":{"line":222,"column":21}}]},"13":{"loc":{"start":{"line":287,"column":19},"end":{"line":287,"column":63}},"type":"cond-expr","locations":[{"start":{"line":287,"column":26},"end":{"line":287,"column":50}},{"start":{"line":287,"column":53},"end":{"line":287,"column":63}}]},"14":{"loc":{"start":{"line":328,"column":4},"end":{"line":334,"column":5}},"type":"if","locations":[{"start":{"line":328,"column":4},"end":{"line":334,"column":5}}]},"15":{"loc":{"start":{"line":328,"column":8},"end":{"line":328,"column":21}},"type":"binary-expr","locations":[{"start":{"line":328,"column":8},"end":{"line":328,"column":14}},{"start":{"line":328,"column":18},"end":{"line":328,"column":21}}]},"16":{"loc":{"start":{"line":340,"column":17},"end":{"line":342,"column":14}},"type":"cond-expr","locations":[{"start":{"line":341,"column":8},"end":{"line":341,"column":47}},{"start":{"line":342,"column":8},"end":{"line":342,"column":14}}]},"17":{"loc":{"start":{"line":345,"column":24},"end":{"line":345,"column":65}},"type":"cond-expr","locations":[{"start":{"line":345,"column":40},"end":{"line":345,"column":55}},{"start":{"line":345,"column":58},"end":{"line":345,"column":65}}]},"18":{"loc":{"start":{"line":345,"column":24},"end":{"line":345,"column":37}},"type":"binary-expr","locations":[{"start":{"line":345,"column":24},"end":{"line":345,"column":30}},{"start":{"line":345,"column":34},"end":{"line":345,"column":37}}]},"19":{"loc":{"start":{"line":366,"column":22},"end":{"line":366,"column":61}},"type":"cond-expr","locations":[{"start":{"line":366,"column":44},"end":{"line":366,"column":45}},{"start":{"line":366,"column":48},"end":{"line":366,"column":61}}]},"20":{"loc":{"start":{"line":386,"column":22},"end":{"line":388,"column":13}},"type":"cond-expr","locations":[{"start":{"line":387,"column":12},"end":{"line":387,"column":55}},{"start":{"line":388,"column":12},"end":{"line":388,"column":13}}]},"21":{"loc":{"start":{"line":399,"column":21},"end":{"line":401,"column":30}},"type":"cond-expr","locations":[{"start":{"line":400,"column":8},"end":{"line":400,"column":116}},{"start":{"line":401,"column":8},"end":{"line":401,"column":30}}]}},"s":{"0":1,"1":1,"2":1,"3":1,"4":1,"5":1,"6":1,"7":1,"8":3,"9":3,"10":3,"11":3,"12":3,"13":3,"14":3,"15":2,"16":2,"17":3,"18":2,"19":3,"20":2,"21":2,"22":2,"23":2,"24":2,"25":2,"26":2,"27":2,"28":2,"29":1,"30":1,"31":4,"32":4,"33":4,"34":1,"35":3,"36":3,"37":3,"38":3,"39":3,"40":1,"41":2,"42":1,"43":2,"44":1,"45":2,"46":1,"47":1,"48":1,"49":1,"50":1,"51":1,"52":1,"53":1,"54":1,"55":1,"56":1,"57":3,"58":3,"59":3,"60":3,"61":1,"62":1,"63":1,"64":1,"65":1,"66":3,"67":2,"68":2,"69":3,"70":3,"71":2,"72":3,"73":3,"74":2,"75":2,"76":1,"77":2,"78":1,"79":1,"80":2,"81":2,"82":2,"83":2,"84":0,"85":0,"86":0,"87":0,"88":0,"89":2,"90":1,"91":2,"92":2,"93":5,"94":2,"95":5,"96":2,"97":4,"98":2,"99":1,"100":1,"101":1,"102":1,"103":1,"104":3,"105":3,"106":3,"107":3,"108":3,"109":3,"110":3,"111":3,"112":3,"113":3,"114":11,"115":2,"116":10,"117":2,"118":1,"119":1,"120":3,"121":3,"122":3,"123":3,"124":1,"125":1,"126":1,"127":1,"128":1,"129":3,"130":2,"131":2,"132":2,"133":1,"134":1,"135":3,"136":3,"137":3,"138":3,"139":3,"140":3,"141":3,"142":3,"143":3,"144":3,"145":6,"146":4,"147":4,"148":4,"149":3,"150":2,"151":2,"152":1,"153":1},"f":{"0":3,"1":3,"2":3,"3":2,"4":2,"5":2,"6":4,"7":2,"8":2,"9":1,"10":1,"11":1,"12":3,"13":3,"14":2,"15":1,"16":2,"17":2,"18":5,"19":5,"20":4,"21":1,"22":3,"23":10,"24":3,"25":3,"26":6,"27":4},"b":{"0":[1,1],"1":[1,1],"2":[1],"3":[4,3],"4":[1],"5":[3,2],"6":[1,0],"7":[1,1],"8":[1],"9":[3,1],"10":[2],"11":[0],"12":[2,0],"13":[1,2],"14":[1],"15":[3,1],"16":[1,1],"17":[1,1],"18":[2,1],"19":[0,3],"20":[3,1],"21":[1,1]}}
,"C:\\dev\\workspace\\mestre-dos-tragos\\backend\\src\\controllers\\usuarioController.ts": {"path":"C:\\dev\\workspace\\mestre-dos-tragos\\backend\\src\\controllers\\usuarioController.ts","statementMap":{"0":{"start":{"line":12,"column":0},"end":{"line":12,"column":7}},"1":{"start":{"line":35,"column":0},"end":{"line":35,"column":7}},"2":{"start":{"line":76,"column":0},"end":{"line":76,"column":7}},"3":{"start":{"line":122,"column":0},"end":{"line":122,"column":7}},"4":{"start":{"line":2,"column":0},"end":{"line":2,"column":28}},"5":{"start":{"line":3,"column":0},"end":{"line":3,"column":31}},"6":{"start":{"line":4,"column":0},"end":{"line":4,"column":38}},"7":{"start":{"line":5,"column":0},"end":{"line":5,"column":90}},"8":{"start":{"line":13,"column":2},"end":{"line":29,"column":3}},"9":{"start":{"line":14,"column":21},"end":{"line":24,"column":6}},"10":{"start":{"line":26,"column":4},"end":{"line":26,"column":30}},"11":{"start":{"line":28,"column":4},"end":{"line":28,"column":70}},"12":{"start":{"line":36,"column":2},"end":{"line":70,"column":3}},"13":{"start":{"line":37,"column":43},"end":{"line":37,"column":77}},"14":{"start":{"line":39,"column":19},"end":{"line":39,"column":74}},"15":{"start":{"line":40,"column":4},"end":{"line":42,"column":5}},"16":{"start":{"line":41,"column":6},"end":{"line":41,"column":84}},"17":{"start":{"line":44,"column":31},"end":{"line":44,"column":59}},"18":{"start":{"line":46,"column":17},"end":{"line":61,"column":6}},"19":{"start":{"line":63,"column":4},"end":{"line":63,"column":38}},"20":{"start":{"line":65,"column":4},"end":{"line":67,"column":5}},"21":{"start":{"line":66,"column":6},"end":{"line":66,"column":69}},"22":{"start":{"line":69,"column":4},"end":{"line":69,"column":70}},"23":{"start":{"line":77,"column":2},"end":{"line":116,"column":3}},"24":{"start":{"line":78,"column":15},"end":{"line":78,"column":38}},"25":{"start":{"line":79,"column":50},"end":{"line":79,"column":88}},"26":{"start":{"line":81,"column":19},"end":{"line":81,"column":69}},"27":{"start":{"line":82,"column":4},"end":{"line":84,"column":5}},"28":{"start":{"line":83,"column":6},"end":{"line":83,"column":74}},"29":{"start":{"line":86,"column":42},"end":{"line":86,"column":44}},"30":{"start":{"line":87,"column":4},"end":{"line":87,"column":51}},"31":{"start":{"line":87,"column":31},"end":{"line":87,"column":51}},"32":{"start":{"line":88,"column":4},"end":{"line":88,"column":54}},"33":{"start":{"line":88,"column":31},"end":{"line":88,"column":54}},"34":{"start":{"line":89,"column":4},"end":{"line":89,"column":51}},"35":{"start":{"line":89,"column":31},"end":{"line":89,"column":51}},"36":{"start":{"line":90,"column":4},"end":{"line":90,"column":52}},"37":{"start":{"line":90,"column":31},"end":{"line":90,"column":52}},"38":{"start":{"line":92,"column":4},"end":{"line":94,"column":5}},"39":{"start":{"line":93,"column":6},"end":{"line":93,"column":48}},"40":{"start":{"line":96,"column":23},"end":{"line":107,"column":6}},"41":{"start":{"line":109,"column":4},"end":{"line":109,"column":32}},"42":{"start":{"line":111,"column":4},"end":{"line":113,"column":5}},"43":{"start":{"line":112,"column":6},"end":{"line":112,"column":69}},"44":{"start":{"line":115,"column":4},"end":{"line":115,"column":70}},"45":{"start":{"line":123,"column":2},"end":{"line":137,"column":3}},"46":{"start":{"line":124,"column":15},"end":{"line":124,"column":38}},"47":{"start":{"line":126,"column":19},"end":{"line":126,"column":69}},"48":{"start":{"line":127,"column":4},"end":{"line":129,"column":5}},"49":{"start":{"line":128,"column":6},"end":{"line":128,"column":74}},"50":{"start":{"line":131,"column":4},"end":{"line":131,"column":51}},"51":{"start":{"line":133,"column":4},"end":{"line":133,"column":71}},"52":{"start":{"line":135,"column":4},"end":{"line":135,"column":45}},"53":{"start":{"line":136,"column":4},"end":{"line":136,"column":73}}},"fnMap":{"0":{"name":"listar","decl":{"start":{"line":12,"column":22},"end":{"line":12,"column":28}},"loc":{"start":{"line":12,"column":56},"end":{"line":30,"column":1}}},"1":{"name":"
[...]
ne":102,"column":4}},"18":{"start":{"line":104,"column":22},"end":{"line":104,"column":49}},"19":{"start":{"line":104,"column":37},"end":{"line":104,"column":48}},"20":{"start":{"line":107,"column":19},"end":{"line":110,"column":4}},"21":{"start":{"line":113,"column":2},"end":{"line":119,"column":5}},"22":{"start":{"line":114,"column":20},"end":{"line":114,"column":63}},"23":{"start":{"line":114,"column":39},"end":{"line":114,"column":62}},"24":{"start":{"line":115,"column":4},"end":{"line":118,"column":6}},"25":{"start":{"line":128,"column":15},"end":{"line":128,"column":65}},"26":{"start":{"line":130,"column":21},"end":{"line":130,"column":31}},"27":{"start":{"line":131,"column":2},"end":{"line":131,"column":50}},"28":{"start":{"line":132,"column":2},"end":{"line":132,"column":34}},"29":{"start":{"line":134,"column":18},"end":{"line":144,"column":4}},"30":{"start":{"line":147,"column":17},"end":{"line":147,"column":76}},"31":{"start":{"line":149,"column":2},"end":{"line":158,"column":5}},"32":{"start":{"line":150,"column":16},"end":{"line":152,"column":2}},"33":{"start":{"line":153,"column":18},"end":{"line":153,"column":67}},"34":{"start":{"line":154,"column":4},"end":{"line":157,"column":7}},"35":{"start":{"line":160,"column":2},"end":{"line":164,"column":6}},"36":{"start":{"line":160,"column":64},"end":{"line":164,"column":4}}},"fnMap":{"0":{"name":"getMetricasHoje","decl":{"start":{"line":8,"column":22},"end":{"line":8,"column":37}},"loc":{"start":{"line":8,"column":37},"end":{"line":46,"column":1}}},"1":{"name":"(anonymous_2)","decl":{"start":{"line":25,"column":4},"end":{"line":25,"column":5}},"loc":{"start":{"line":25,"column":16},"end":{"line":25,"column":42}}},"2":{"name":"getResumoGeral","decl":{"start":{"line":53,"column":22},"end":{"line":53,"column":36}},"loc":{"start":{"line":53,"column":36},"end":{"line":85,"column":1}}},"3":{"name":"getTopProdutos","decl":{"start":{"line":92,"column":22},"end":{"line":92,"column":36}},"loc":{"start":{"line":92,"column":36},"end":{"line":120,"column":1}}},"4":{"name":"(anonymous_5)","decl":{"start":{"line":104,"column":32},"end":{"line":104,"column":33}},"loc":{"start":{"line":104,"column":37},"end":{"line":104,"column":48}}},"5":{"name":"(anonymous_6)","decl":{"start":{"line":113,"column":19},"end":{"line":113,"column":23}},"loc":{"start":{"line":113,"column":26},"end":{"line":119,"column":3}}},"6":{"name":"(anonymous_7)","decl":{"start":{"line":114,"column":34},"end":{"line":114,"column":35}},"loc":{"start":{"line":114,"column":39},"end":{"line":114,"column":62}}},"7":{"name":"getFaturamentoPeriodo","decl":{"start":{"line":127,"column":22},"end":{"line":127,"column":43}},"loc":{"start":{"line":127,"column":73},"end":{"line":165,"column":1}}},"8":{"name":"(anonymous_9)","decl":{"start":{"line":149,"column":18},"end":{"line":149,"column":19}},"loc":{"start":{"line":149,"column":22},"end":{"line":158,"column":3}}},"9":{"name":"(anonymous_10)","decl":{"start":{"line":160,"column":42},"end":{"line":160,"column":43}},"loc":{"start":{"line":160,"column":64},"end":{"line":164,"column":4}}}},"branchMap":{"0":{"loc":{"start":{"line":36,"column":22},"end":{"line":38,"column":7}},"type":"cond-expr","locations":[{"start":{"line":37,"column":6},"end":{"line":37,"column":42}},{"start":{"line":38,"column":6},"end":{"line":38,"column":7}}]},"1":{"loc":{"start":{"line":81,"column":29},"end":{"line":81,"column":66}},"type":"binary-expr","locations":[{"start":{"line":81,"column":29},"end":{"line":81,"column":61}},{"start":{"line":81,"column":65},"end":{"line":81,"column":66}}]},"2":{"loc":{"start":{"line":116,"column":18},"end":{"line":116,"column":53}},"type":"binary-expr","locations":[{"start":{"line":116,"column":18},"end":{"line":116,"column":31}},{"start":{"line":116,"column":35},"end":{"line":116,"column":53}}]},"3":{"loc":{"start":{"line":117,"column":18},"end":{"line":117,"column":43}},"type":"binary-expr","locations":[{"start":{"line":117,"column":18},"end":{"line":117,"column":38}},{"start":{"line":117,"column":42},"end":{"line":117,"column":43}}]},"4":{"loc":{"start":{"line":128,"column":15},"end":{"line":128,"column":65}},"type":"cond-expr","locations":[{"start":{"line":128,"column":34},"end":{"line":128,"column":35}},{"start":{"line":128,"column":38},"end":{"line":128,"column":65}}]},"5":{"loc":{"start":{"line":128,"column":38},"end":{"line":128,"column":65}},"type":"cond-expr","locations":[{"start":{"line":128,"column":58},"end":{"line":128,"column":60}},{"start":{"line":128,"column":63},"end":{"line":128,"column":65}}]},"6":{"loc":{"start":{"line":153,"column":18},"end":{"line":153,"column":67}},"type":"binary-expr","locations":[{"start":{"line":153,"column":18},"end":{"line":153,"column":33}},{"start":{"line":153,"column":37},"end":{"line":153,"column":67}}]}},"s":{"0":1,"1":1,"2":1,"3":1,"4":1,"5":2,"6":2,"7":2,"8":2,"9":2,"10":2,"11":2,"12":2,"13":2,"14":2,"15":2,"16":2,"17":2,"18":2,"19":3,"20":2,"21":2,"22":3,"23":3,"24":3,"25":2,"26":2,"27":2,"28":2,"29":2,"30":2,"31":2,"32":3,"33":3,"34":3,"35":2,"36":2},"f":{"0":2,"1":2,"2":2,"3":2,"4":3,"5":3,"6":3,"7":2,"8":3,"9":2},"b":{"0":[1,1],"1":[2,1],"2":[3,1],"3":[3,1],"4":[1,1],"5":[1,0],"6":[3,2]}}
,"C:\\dev\\workspace\\mestre-dos-tragos\\backend\\src\\validators\\adicionalSchemas.ts": {"path":"C:\\dev\\workspace\\mestre-dos-tragos\\backend\\src\\validators\\adicionalSchemas.ts","statementMap":{"0":{"start":{"line":1,"column":0},"end":{"line":1,"column":24}},"1":{"start":{"line":8,"column":30},"end":{"line":11,"column":2}},"2":{"start":{"line":13,"column":28},"end":{"line":17,"column":2}},"3":{"start":{"line":23,"column":13},"end":{"line":30,"column":3}},"4":{"start":{"line":24,"column":2},"end":{"line":29,"column":3}},"5":{"start":{"line":25,"column":4},"end":{"line":28,"column":7}},"6":{"start":{"line":35,"column":13},"end":{"line":35,"column":57}}},"fnMap":{"0":{"name":"(anonymous_0)","decl":{"start":{"line":23,"column":68},"end":{"line":23,"column":69}},"loc":{"start":{"line":23,"column":82},"end":{"line":30,"column":1}}}},"branchMap":{"0":{"loc":{"start":{"line":24,"column":2},"end":{"line":29,"column":3}},"type":"if","locations":[{"start":{"line":24,"column":2},"end":{"line":29,"column":3}}]},"1":{"loc":{"start":{"line":24,"column":6},"end":{"line":24,"column":44}},"type":"binary-expr","locations":[{"start":{"line":24,"column":6},"end":{"line":24,"column":16}},{"start":{"line":24,"column":20},"end":{"line":24,"column":44}}]}},"s":{"0":1,"1":1,"2":1,"3":1,"4":4,"5":1,"6":1},"f":{"0":4},"b":{"0":[1],"1":[4,4]}}
,"C:\\dev\\workspace\\mestre-dos-tragos\\backend\\src\\validators\\authSchemas.ts": {"path":"C:\\dev\\workspace\\mestre-dos-tragos\\backend\\src\\validators\\authSchemas.ts","statementMap":{"0":{"start":{"line":1,"column":0},"end":{"line":1,"column":24}},"1":{"start":{"line":3,"column":13},"end":{"line":13,"column":3}},"2":{"start":{"line":15,"column":13},"end":{"line":33,"column":3}},"3":{"start":{"line":35,"column":13},"end":{"line":60,"column":3}}},"fnMap":{},"branchMap":{},"s":{"0":1,"1":1,"2":1,"3":1},"f":{},"b":{}}
,"C:\\dev\\workspace\\mestre-dos-tragos\\backend\\src\\validators\\categoriaSchemas.ts": {"path":"C:\\dev\\workspace\\mestre-dos-tragos\\backend\\src\\validators\\categoriaSchemas.ts","statementMap":{"0":{"start":{"line":1,"column":0},"end":{"line":1,"column":24}},"1":{"start":{"line":10,"column":13},"end":{"line":15,"column":3}},"2":{"start":{"line":12,"column":16},"end":{"line":12,"column":72}}},"fnMap":{"0":{"name":"(anonymous_0)","decl":{"start":{"line":12,"column":4},"end":{"line":12,"column":5}},"loc":{"start":{"line":12,"column":16},"end":{"line":12,"column":72}}}},"branchMap":{"0":{"loc":{"start":{"line":12,"column":16},"end":{"line":12,"column":72}},"type":"cond-expr","locations":[{"start":{"line":12,"column":44},"end":{"line":12,"column":56}},{"start":{"line":12,"column":60},"end":{"line":12,"column":71}}]},"1":{"loc":{"start":{"line":12,"column":60},"end":{"line":12,"column":71}},"type":"binary-expr","locations":[{"start":{"line":12,"column":60},"end":{"line":12,"column":65}},{"start":{"line":12,"column":69},"end":{"line":12,"column":71}}]}},"s":{"0":1,"1":1,"2":8},"f":{"0":8},"b":{"0":[6,2],"1":[2,2]}}
,"C:\\dev\\workspace\\mestre-dos-tragos\\backend\\src\\validators\\pedidoSchemas.ts": {"path":"C:\\dev\\workspace\\mestre-dos-tragos\\backend\\src\\validators\\pedidoSchemas.ts","statementMap":{"0":{"start":{"line":1,"column":0},"end":{"line":1,"column":24}},"1":{"start":{"line":5,"column":25},"end":{"line":12,"column":null}},"2":{"start":{"line":9,"column":16},"end":{"line":9,"column":29}},"3":{"start":{"line":10,"column":6},"end":{"line":10,"column":39}},"4":{"start":{"line":15,"column":13},"end":{"line":25,"column":3}},"5":{"start":{"line":17,"column":15},"end":{"line":17,"column":26}},"6":{"start":{"line":33,"column":13},"end":{"line":37,"column":3}},"7":{"start":{"line":45,"column":13},"end":{"line":50,"column":3}},"8":{"start":{"line":47,"column":15},"end":{"line":47,"column":26}}},"fnMap":{"0":{"name":"(anonymous_0)","decl":{"start":{"line":8,"column":4},"end":{"line":8,"column":5}},"loc":{"start":{"line":8,"column":14},"end":{"line":11,"column":5}}},"1":{"name":"(anonymous_1)","decl":{"start":{"line":17,"column":4},"end":{"line":17,"column":5}},"loc":{"start":{"line":17,"column":15},"end":{"line":17,"column":26}}},"2":{"name":"(anonymous_2)","decl":{"start":{"line":47,"column":4},"end":{"line":47,"column":5}},"loc":{"start":{"line":47,"column":15},"end":{"line":47,"column":26}}}},"branchMap":{"0":{"loc":{"start":{"line":10,"column":13},"end":{"line":10,"column":38}},"type":"binary-expr","locations":[{"start":{"line":10,"column":13},"end":{"line":10,"column":29}},{"start":{"line":10,"column":33},"end":{"line":10,"column":38}}]},"1":{"loc":{"start":{"line":17,"column":15},"end":{"line":17,"column":26}},"type":"binary-expr","locations":[{"start":{"line":17,"column":15},"end":{"line":17,"column":20}},{"start":{"line":17,"column":24},"end":{"line":17,"column":26}}]},"2":{"loc":{"start":{"line":47,"column":15},"end":{"line":47,"column":26}},"type":"binary-expr","locations":[{"start":{"line":47,"column":15},"end":{"line":47,"column":20}},{"start":{"line":47,"column":24},"end":{"line":47,"column":26}}]}},"s":{"0":1,"1":1,"2":7,"3":7,"4":1,"5":7,"6":1,"7":1,"8":7},"f":{"0":7,"1":7,"2":7},"b":{"0":[7,7],"1":[7,0],"2":[7,1]}}
,"C:\\dev\\workspace\\mestre-dos-tragos\\backend\\src\\validators\\produtoSchemas.ts": {"path":"C:\\dev\\workspace\\mestre-dos-tragos\\backend\\src\\validators\\produtoSchemas.ts","statementMap":{"0":{"start":{"line":8,"column":0},"end":{"line":8,"column":16}},"1":{"start":{"line":1,"column":0},"end":{"line":1,"column":24}},"2":{"start":{"line":4,"column":13},"end":{"line":4,"column":87}},"3":{"start":{"line":5,"column":13},"end":{"line":5,"column":59}},"4":{"start":{"line":9,"column":2},"end":{"line":9,"column":73}},"5":{"start":{"line":9,"column":61},"end":{"line":9,"column":73}},"6":{"start":{"line":10,"column":12},"end":{"line":10,"column":25}},"7":{"start":{"line":11,"column":2},"end":{"line":11,"column":44}},"8":{"start":{"line":11,"column":32},"end":{"line":11,"column":44}},"9":{"start":{"line":12,"column":2},"end":{"line":12,"column":11}},"10":{"start":{"line":19,"column":29},"end":{"line":22,"column":2}},"11":{"start":{"line":24,"column":26},"end":{"line":34,"column":2}},"12":{"start":{"line":41,"column":13},"end":{"line":94,"column":3}},"13":{"start":{"line":42,"column":2},"end":{"line":48,"column":3}},"14":{"start":{"line":43,"column":4},"end":{"line":46,"column":7}},"15":{"start":{"line":47,"column":4},"end":{"line":47,"column":11}},"16":{"start":{"line":50,"column":2},"end":{"line":56,"column":3}},"17":{"start":{"line":51,"column":4},"end":{"line":54,"column":7}},"18":{"start":{"line":55,"column":4},"end":{"line":55,"column":11}},"19":{"start":{"line":58,"column":2},"end":{"line":66,"column":3}},"20":{"start":{"line":59,"column":4},"end":{"line":65,"column":5}},"21":{"start":{"line":60,"column":6},"end":{"line":63,"column":9}},"22":{"start":{"line":64,"column":6},"end":{"line":64,"column":13}},"23":{"start":{"line":68,"column":2},"end":{"line":93,"column":3}},"24":{"start":{"line":69,"column":4},"end":{"line":75,"column":5}},"25":{"start":{"line":70,"column":6},"end":{"line":73,"column":9}},"26":{"start":{"line":74,"column":6},"end":{"line":74,"column":13}},"27":{"start":{"line":77,"column":4},"end":{"line":92,"column":5}},"28":{"start":{"line":78,"column":6},"end":{"line":84,"column":7}},"29":{"start":{"line":79,"column":8},"end":{"line":82,"column":11}},"30":{"start":{"line":83,"column":8},"end":{"line":83,"column":15}},"31":{"start":{"line":85,"column":6},"end":{"line":91,"column":7}},"32":{"start":{"line":86,"column":8},"end":{"line":89,"column":11}},"33":{"start":{"line":90,"column":8},"end":{"line":90,"column":15}},"34":{"start":{"line":100,"column":13},"end":{"line":127,"column":3}},"35":{"start":{"line":101,"column":2},"end":{"line":107,"column":3}},"36":{"start":{"line":102,"column":4},"end":{"line":105,"column":7}},"37":{"start":{"line":106,"column":4},"end":{"line":106,"column":11}},"38":{"start":{"line":109,"column":2},"end":{"line":126,"column":3}},"39":{"start":{"line":110,"column":4},"end":{"line":125,"column":5}},"40":{"start":{"line":111,"column":6},"end":{"line":117,"column":7}},"41":{"start":{"line":112,"column":8},"end":{"line":115,"column":11}},"42":{"start":{"line":116,"column":8},"end":{"line":116,"column":15}},"43":{"start":{"line":118,"column":6},"end":{"line":124,"column":7}},"44":{"start":{"line":119,"column":8},"end":{"line":122,"column":11}},"45":{"start":{"line":123,"column":8},"end":{"line":123,"column":15}}},"fnMap":{"0":{"name":"parsePreco","decl":{"start":{"line":8,"column":16},"end":{"line":8,"column":26}},"loc":{"start":{"line":8,"column":61},"end":{"line":13,"column":1}}},"1":{"name":"(anonymous_1)","decl":{"start":{"line":41,"column":64},"end":{"line":41,"column":65}},"loc":{"start":{"line":41,"column":78},"end":{"line":94,"column":1}}},"2":{"name":"(anonymous_2)","decl":{"start":{"line":100,"column":65},"end":{"line":100,"column":66}},"loc":{"start":{"line":100,"column":79},"end":{"line":127,"column":1}}}},"branchMap":{"0":{"loc":{"start":{"line":9,"column":2},"end":{"line":9,"column":73}},"type":"if","locations":[{"start":{"line":9,"column":2},"end":{"line":9,"column":73}}]},"1":{"loc":{"start":{"line":9,"column":6},"end":{"line":9,"column":59}},"type":"binary-expr","locations":[{"start":{"line":9,"column":6},"end":{"line":9,"column":25}},{"start":{"line":9,"column":29},"end":{"line":9,"column":43}},{"start":{"line":9,"column":47},"end":{"line":9,"column":59}}]},"2":{"loc":{"start":{"line":11,"column":2},"end":{"line":11,"column":44}},"type":"if","locations":[{"start":{"line":11,"column":2},"end":{"line":11,"column":44}}]},"3":{"loc":{"start":{"line":11,"column":6},"end":{"line":11,"column":30}},"type":"binary-expr","locations":[{"start":{"line":11,"column":6},"end":{"line":11,"column":21}},{"start":{"line":11,"column":25},"end":{"line":11,"column":30}}]},"4":{"loc":{"start":{"line":42,"column":2},"end":{"line":48,"column":3}},"type":"if","locations":[{"start":{"line":42,"column":2},"end":{"line":48,"column":3}}]},"5":{"loc":{"start":{"line":42,"column":6},"end":{"line":42,"column":51}},"type":"binary-expr","locations":[{"start":{"line":42,"column":6},"end":{"line":42,"column":16}},{"start":{"line":42,"column":20},"end":{"line":42,"column":37}},{"start":{"line":42,"column":41},"end":{"line":42,"column":51}}]},"6":{"loc":{"start":{"line":50,"column":2},"end":{"line":56,"column":3}},"type":"if","locations":[{"start":{"line":50,"column":2},"end":{"line":56,"column":3}}]},"7":{"loc":{"start":{"line":58,"column":2},"end":{"line":66,"column":3}},"type":"if","locations":[{"start":{"line":58,"column":2},"end":{"line":66,"column":3}}]},"8":{"loc":{"start":{"line":59,"column":4},"end":{"line":65,"column":5}},"type":"if","locations":[{"start":{"line":59,"column":4},"end":{"line":65,"column":5}}]},"9":{"loc":{"start":{"line":68,"column":2},"end":{"line":93,"column":3}},"type":"if","locations":[{"start":{"line":68,"column":2},"end":{"line":93,"column":3}}]},"10":{"loc":{"start":{"line":68,"column":6},"end":{"line":68,"column":66}},"type":"binary-expr","locations":[{"start":{"line":68,"column":6},"end":{"line":68,"column":34}},{"start":{"line":68,"column":38},"end":{"line":68,"column":66}}]},"11":{"loc":{"start":{"line":69,"column":4},"end":{"line":75,"column":5}},"type":"if","locations":[{"start":{"line":69,"column":4},"end":{"line":75,"column":5}}]},"12":{"loc":{"start":{"line":69,"column":8},"end":{"line":69,"column":52}},"type":"binary-expr","locations":[{"start":{"line":69,"column":8},"end":{"line":69,"column":22}},{"start":{"line":69,"column":26},"end":{"line":69,"column":52}}]},"13":{"loc":{"start":{"line":78,"column":6},"end":{"line":84,"column":7}},"type":"if","locations":[{"start":{"line":78,"column":6},"end":{"line":84,"column":7}}]},"14":{"loc":{"start":{"line":85,"column":6},"end":{"line":91,"column":7}},"type":"if","locations":[{"start":{"line":85,"column":6},"end":{"line":91,"column":7}}]},"15":{"loc":{"start":{"line":101,"column":2},"end":{"line":107,"column":3}},"type":"if","locations":[{"start":{"line":101,"column":2},"end":{"line":107,"column":3}}]},"16":{"loc":{"start":{"line":101,"column":6},"end":{"line":101,"column":65}},"type":"binary-expr","locations":[{"start":{"line":101,"column":6},"end":{"line":101,"column":30}},{"start":{"line":101,"column":34},"end":{"line":101,"column":65}}]},"17":{"loc":{"start":{"line":109,"column":2},"end":{"line":126,"column":3}},"type":"if","locations":[{"start":{"line":109,"column":2},"end":{"line":126,"column":3}}]},"18":{"loc":{"start":{"line":111,"column":6},"end":{"line":117,"column":7}},"type":"if","locations":[{"start":{"line":111,"column":6},"end":{"line":117,"column":7}}]},"19":{"loc":{"start":{"line":118,"column":6},"end":{"line":124,"column":7}},"type":"if","locations":[{"start":{"line":118,"column":6},"end":{"line":124,"column":7}}]}},"s":{"0":1,"1":1,"2":1,"3":1,"4":13,"5":2,"6":11,"7":11,"8":2,"9":9,"10":1,"11":1,"12":1,"13":10,"14":1,"15":1,"16":9,"17":1,"18":1,"19":8,"20":4,"21":1,"22":1,"23":7,"24":4,"25":1,"26":1,"27":3,"28":4,"29":1,"30":1,"31":3,"32":1,"33":1,"34":1,"35":6,"36":1,"37":1,"38":5,"39":1,"40":1,"41":1,"42":1,"43":0,"44":0,"45":0},"f":{"0":13,"1":10,"2":6},"b":{"0":[2],"1":[13,11,11],"2":[2],"3":[11,9],"4":[1],"5":[10,10,9],"6":[1],"7":[4],"8":[1],"9":[4],"10":[7,3],"11":[1],"12":[4,3],"13":[1],"14":[1],"15":[1],"16":[6,1],"17":[1],"18":[1],"19":[0]}}
,"C:\\dev\\workspace\\mestre-dos-tragos\\backend\\src\\validators\\usuarioSchemas.ts": {"path":"C:\\dev\\workspace\\mestre-dos-tragos\\backend\\src\\validators\\usuarioSchemas.ts","statementMap":{"0":{"start":{"line":1,"column":0},"end":{"line":1,"column":24}},"1":{"start":{"line":3,"column":17},"end":{"line":3,"column":58}},"2":{"start":{"line":5,"column":26},"end":{"line":11,"column":2}},"3":{"start":{"line":16,"column":13},"end":{"line":23,"column":3}},"4":{"start":{"line":17,"column":2},"end":{"line":22,"column":3}},"5":{"start":{"line":18,"column":4},"end":{"line":21,"column":7}},"6":{"start":{"line":28,"column":13},"end":{"line":28,"column":56}}},"fnMap":{"0":{"name":"(anonymous_0)","decl":{"start":{"line":16,"column":64},"end":{"line":16,"column":65}},"loc":{"start":{"line":16,"column":78},"end":{"line":23,"column":1}}}},"branchMap":{"0":{"loc":{"start":{"line":17,"column":2},"end":{"line":22,"column":3}},"type":"if","locations":[{"start":{"line":17,"column":2},"end":{"line":22,"column":3}}]},"1":{"loc":{"start":{"line":17,"column":6},"end":{"line":17,"column":48}},"type":"binary-expr","locations":[{"start":{"line":17,"column":6},"end":{"line":17,"column":19}},{"start":{"line":17,"column":23},"end":{"line":17,"column":33}},{"start":{"line":17,"column":37},"end":{"line":17,"column":48}}]}},"s":{"0":2,"1":2,"2":2,"3":2,"4":10,"5":2,"6":2},"f":{"0":10},"b":{"0":[2],"1":[10,10,8]}}
}
