{"C:\\dev\\workspace\\mestre-dos-tragos\\backend\\src\\controllers\\adicionalController.ts": {"path":"C:\\dev\\workspace\\mestre-dos-tragos\\backend\\src\\controllers\\adicionalController.ts","statementMap":{"0":{"start":{"line":12,"column":0},"end":{"line":12,"column":7}},"1":{"start":{"line":31,"column":0},"end":{"line":31,"column":7}},"2":{"start":{"line":55,"column":0},"end":{"line":55,"column":7}},"3":{"start":{"line":93,"column":0},"end":{"line":93,"column":7}},"4":{"start":{"line":135,"column":0},"end":{"line":135,"column":7}},"5":{"start":{"line":2,"column":0},"end":{"line":2,"column":38}},"6":{"start":{"line":13,"column":2},"end":{"line":25,"column":3}},"7":{"start":{"line":14,"column":23},"end":{"line":20,"column":6}},"8":{"start":{"line":22,"column":4},"end":{"line":22,"column":32}},"9":{"start":{"line":24,"column":4},"end":{"line":24,"column":71}},"10":{"start":{"line":32,"column":2},"end":{"line":49,"column":3}},"11":{"start":{"line":33,"column":15},"end":{"line":33,"column":38}},"12":{"start":{"line":35,"column":22},"end":{"line":40,"column":6}},"13":{"start":{"line":42,"column":4},"end":{"line":44,"column":5}},"14":{"start":{"line":43,"column":6},"end":{"line":43,"column":73}},"15":{"start":{"line":46,"column":4},"end":{"line":46,"column":31}},"16":{"start":{"line":48,"column":4},"end":{"line":48,"column":70}},"17":{"start":{"line":56,"column":2},"end":{"line":87,"column":3}},"18":{"start":{"line":57,"column":45},"end":{"line":57,"column":53}},"19":{"start":{"line":59,"column":4},"end":{"line":61,"column":5}},"20":{"start":{"line":60,"column":6},"end":{"line":60,"column":80}},"21":{"start":{"line":63,"column":22},"end":{"line":79,"column":6}},"22":{"start":{"line":69,"column":72},"end":{"line":72,"column":14}},"23":{"start":{"line":81,"column":4},"end":{"line":84,"column":7}},"24":{"start":{"line":86,"column":4},"end":{"line":86,"column":69}},"25":{"start":{"line":94,"column":2},"end":{"line":129,"column":3}},"26":{"start":{"line":95,"column":15},"end":{"line":95,"column":38}},"27":{"start":{"line":96,"column":45},"end":{"line":96,"column":53}},"28":{"start":{"line":98,"column":19},"end":{"line":98,"column":71}},"29":{"start":{"line":99,"column":4},"end":{"line":101,"column":5}},"30":{"start":{"line":100,"column":6},"end":{"line":100,"column":73}},"31":{"start":{"line":103,"column":32},"end":{"line":121,"column":6}},"32":{"start":{"line":111,"column":72},"end":{"line":114,"column":14}},"33":{"start":{"line":123,"column":4},"end":{"line":126,"column":7}},"34":{"start":{"line":128,"column":4},"end":{"line":128,"column":70}},"35":{"start":{"line":136,"column":2},"end":{"line":152,"column":3}},"36":{"start":{"line":137,"column":15},"end":{"line":137,"column":38}},"37":{"start":{"line":139,"column":19},"end":{"line":139,"column":71}},"38":{"start":{"line":140,"column":4},"end":{"line":142,"column":5}},"39":{"start":{"line":141,"column":6},"end":{"line":141,"column":73}},"40":{"start":{"line":144,"column":4},"end":{"line":147,"column":7}},"41":{"start":{"line":149,"column":4},"end":{"line":149,"column":71}},"42":{"start":{"line":151,"column":4},"end":{"line":151,"column":73}}},"fnMap":{"0":{"name":"listar","decl":{"start":{"line":12,"column":22},"end":{"line":12,"column":28}},"loc":{"start":{"line":12,"column":56},"end":{"line":26,"column":1}}},"1":{"name":"buscarPorId","decl":{"start":{"line":31,"column":22},"end":{"line":31,"column":33}},"loc":{"start":{"line":31,"column":61},"end":{"line":50,"column":1}}},"2":{"name":"criar","decl":{"start":{"line":55,"column":22},"end":{"line":55,"column":27}},"loc":{"start":{"line":55,"column":55},"end":{"line":88,"column":1}}},"3":{"name":"(anonymous_4)","decl":{"start":{"line":69,"column":40},"end":{"line":69,"column":41}},"loc":{"start":{"line":69,"column":72},"end":{"line":72,"column":14}}},"4":{"name":"editar","decl":{"start":{"line":93,"column":22},"end":{"line":93,"column":28}},"loc":{"start":{"line":93,"column":56},"end":{"line":130,"column":1}}},"5":{"name":"(anonymous_6)","decl":{"start":{"line":111,"column":40},"end":{"line":111,"column":41}},"loc":{"start":{"line":111,"column":72},"end":{"line":114,"column":14}}},"6":{"name":"desativar","decl":{"start":{"line":135,"column":22},"end":{"line":135,"column":31}},"loc":{"start":{"line":135,"column":59},"end":{"line":153,"column":1}}}},"branchMap":{"0":{"loc":{"start":{"line":42,"column":4},"end":{"line":44,"column":5}},"type":"if","locations":[{"start":{"line":42,"column":4},"end":{"line":44,"column":5}}]},"1":{"loc":{"start":{"line":59,"column":4},"end":{"line":61,"column":5}},"type":"if","locations":[{"start":{"line":59,"column":4},"end":{"line":61,"column":5}}]},"2":{"loc":{"start":{"line":59,"column":8},"end":{"line":59,"column":36}},"type":"binary-expr","locations":[{"start":{"line":59,"column":8},"end":{"line":59,"column":13}},{"start":{"line":59,"column":17},"end":{"line":59,"column":36}}]},"3":{"loc":{"start":{"line":67,"column":12},"end":{"line":74,"column":10}},"type":"binary-expr","locations":[{"start":{"line":67,"column":12},"end":{"line":67,"column":27}},{"start":{"line":67,"column":31},"end":{"line":67,"column":57}},{"start":{"line":67,"column":61},"end":{"line":74,"column":10}}]},"4":{"loc":{"start":{"line":99,"column":4},"end":{"line":101,"column":5}},"type":"if","locations":[{"start":{"line":99,"column":4},"end":{"line":101,"column":5}}]},"5":{"loc":{"start":{"line":106,"column":12},"end":{"line":106,"column":28}},"type":"binary-expr","locations":[{"start":{"line":106,"column":12},"end":{"line":106,"column":16}},{"start":{"line":106,"column":20},"end":{"line":106,"column":28}}]},"6":{"loc":{"start":{"line":107,"column":12},"end":{"line":107,"column":59}},"type":"binary-expr","locations":[{"start":{"line":107,"column":12},"end":{"line":107,"column":31}},{"start":{"line":107,"column":35},"end":{"line":107,"column":59}}]},"7":{"loc":{"start":{"line":108,"column":12},"end":{"line":116,"column":10}},"type":"binary-expr","locations":[{"start":{"line":108,"column":12},"end":{"line":108,"column":27}},{"start":{"line":108,"column":31},"end":{"line":108,"column":57}},{"start":{"line":108,"column":61},"end":{"line":116,"column":10}}]},"8":{"loc":{"start":{"line":140,"column":4},"end":{"line":142,"column":5}},"type":"if","locations":[{"start":{"line":140,"column":4},"end":{"line":142,"column":5}}]}},"s":{"0":1,"1":1,"2":1,"3":1,"4":1,"5":1,"6":2,"7":2,"8":1,"9":1,"10":3,"11":3,"12":3,"13":2,"14":1,"15":1,"16":1,"17":4,"18":4,"19":4,"20":1,"21":3,"22":2,"23":2,"24":1,"25":3,"26":3,"27":3,"28":3,"29":2,"30":1,"31":1,"32":1,"33":1,"34":1,"35":3,"36":3,"37":3,"38":2,"39":1,"40":1,"41":1,"42":1},"f":{"0":2,"1":3,"2":4,"3":2,"4":3,"5":1,"6":3},"b":{"0":[1],"1":[1],"2":[4,4],"3":[3,1,1],"4":[1],"5":[1,1],"6":[1,0],"7":[1,1,1],"8":[1]}}
,"C:\\dev\\workspace\\mestre-dos-tragos\\backend\\src\\controllers\\authController.ts": {"path":"C:\\dev\\workspace\\mestre-dos-tragos\\backend\\src\\controllers\\authController.ts","statementMap":{"0":{"start":{"line":10,"column":0},"end":{"line":10,"column":7}},"1":{"start":{"line":28,"column":0},"end":{"line":28,"column":7}},"2":{"start":{"line":68,"column":0},"end":{"line":68,"column":7}},"3":{"start":{"line":119,"column":0},"end":{"line":119,"column":7}},"4":{"start":{"line":155,"column":0},"end":{"line":155,"column":7}},"5":{"start":{"line":2,"column":0},"end":{"line":2,"column":28}},"6":{"start":{"line":3,"column":0},"end":{"line":3,"column":31}},"7":{"start":{"line":4,"column":0},"end":{"line":4,"column":38}},"8":{"start":{"line":11,"column":2},"end":{"line":21,"column":3}},"9":{"start":{"line":12,"column":25},"end":{"line":16,"column":6}},"10":{"start":{"line":18,"column":4},"end":{"line":18,"column":34}},"11":{"start":{"line":20,"column":4},"end":{"line":20,"column":70}},"12":{"start":{"line":29,"column":2},"end":{"line":60,"column":3}},"13":{"start":{"line":30,"column":43},"end":{"line":30,"column":51}},"14":{"start":{"line":33,"column":4},"end":{"line":35,"column":5}},"15":{"start":{"line":34,"column":6},"end":{"line":34,"column":89}},"16":{"start":{"line":38,"column":19},"end":{"line":38,"column":74}},"17":{"start":{"line":39,"column":4},"end":{"line":41,"column":5}},"18":{"start":{"line":40,"column":6},"end":{"line":40,"column":66}},"19":{"start":{"line":44,"column":31},"end":{"line":44,"column":59}},"20":{"start":{"line":46,"column":17},"end":{"line":55,"column":6}},"21":{"start":{"line":57,"column":4},"end":{"line":57,"column":88}},"22":{"start":{"line":59,"column":4},"end":{"line":59,"column":70}},"23":{"start":{"line":69,"column":2},"end":{"line":112,"column":3}},"24":{"start":{"line":70,"column":31},"end":{"line":70,"column":39}},"25":{"start":{"line":72,"column":4},"end":{"line":74,"column":5}},"26":{"start":{"line":73,"column":6},"end":{"line":73,"column":71}},"27":{"start":{"line":76,"column":24},"end":{"line":76,"column":79}},"28":{"start":{"line":79,"column":4},"end":{"line":81,"column":5}},"29":{"start":{"line":80,"column":6},"end":{"line":80,"column":75}},"30":{"start":{"line":84,"column":4},"end":{"line":86,"column":5}},"31":{"start":{"line":85,"column":6},"end":{"line":85,"column":67}},"32":{"start":{"line":88,"column":25},"end":{"line":88,"column":71}},"33":{"start":{"line":89,"column":4},"end":{"line":91,"column":5}},"34":{"start":{"line":90,"column":6},"end":{"line":90,"column":75}},"35":{"start":{"line":94,"column":18},"end":{"line":97,"column":null}},"36":{"start":{"line":100,"column":4},"end":{"line":109,"column":7}},"37":{"start":{"line":111,"column":4},"end":{"line":111,"column":70}},"38":{"start":{"line":120,"column":2},"end":{"line":147,"column":3}},"39":{"start":{"line":121,"column":15},"end":{"line":121,"column":38}},"40":{"start":{"line":122,"column":50},"end":{"line":122,"column":58}},"41":{"start":{"line":131,"column":4},"end":{"line":131,"column":34}},"42":{"start":{"line":134,"column":4},"end":{"line":136,"column":5}},"43":{"start":{"line":135,"column":6},"end":{"line":135,"column":49}},"44":{"start":{"line":138,"column":23},"end":{"line":142,"column":6}},"45":{"start":{"line":144,"column":4},"end":{"line":144,"column":82}},"46":{"start":{"line":146,"column":4},"end":{"line":146,"column":70}},"47":{"start":{"line":156,"column":2},"end":{"line":164,"column":3}},"48":{"start":{"line":157,"column":15},"end":{"line":157,"column":38}},"49":{"start":{"line":159,"column":4},"end":{"line":159,"column":51}},"50":{"start":{"line":161,"column":4},"end":{"line":161,"column":71}},"51":{"start":{"line":163,"column":4},"end":{"line":163,"column":70}}},"fnMap":{"0":{"name":"listarFuncionarios","decl":{"start":{"line":10,"column":22},"end":{"line":10,"column":40}},"loc":{"start":{"line":10,"column":68},"end":{"line":22,"column":1}}},"1":{"name":"cadastrar","decl":{"start":{"line":28,"column":22},"end":{"line":28,"column":31}},"loc":{"start":{"line":28,"column":59},"end":{"line":61,"column":1}}},"2":{"name":"login","decl":{"start":{"line":68,"column":22},"end":{"line":68,"column":27}},"loc":{"start":{"line":68,"column":55},"end":{"line":113,"column":1}}},"3":{"name":"editarFuncionario","decl":{"start":{"line":119,"column":22},"end":{"line":119,"column":39}},"loc":{"start":{"line":119,"column":67},"end":{"line":148,"column":1}}},"4":{"name":"deletarFuncionario","decl":{"start":{"line":155,"column":22},"end":{"line":155,"column":40}},"loc":{"start":{"line":155,"column":68},"end":{"line":165,"column":1}}}},"branchMap":{"0":{"loc":{"start":{"line":33,"column":4},"end":{"line":35,"column":5}},"type":"if","locations":[{"start":{"line":33,"column":4},"end":{"line":35,"column":5}}]},"1":{"loc":{"start":{"line":33,"column":8},"end":{"line":33,"column":35}},"type":"binary-expr","locations":[{"start":{"line":33,"column":8},"end":{"line":33,"column":16}},{"start":{"line":33,"column":20},"end":{"line":33,"column":25}},{"start":{"line":33,"column":29},"end":{"line":33,"column":35}}]},"2":{"loc":{"start":{"line":39,"column":4},"end":{"line":41,"column":5}},"type":"if","locations":[{"start":{"line":39,"column":4},"end":{"line":41,"column":5}}]},"3":{"loc":{"start":{"line":52,"column":14},"end":{"line":52,"column":33}},"type":"binary-expr","locations":[{"start":{"line":52,"column":14},"end":{"line":52,"column":18}},{"start":{"line":52,"column":22},"end":{"line":52,"column":33}}]},"4":{"loc":{"start":{"line":72,"column":4},"end":{"line":74,"column":5}},"type":"if","locations":[{"start":{"line":72,"column":4},"end":{"line":74,"column":5}}]},"5":{"loc":{"start":{"line":72,"column":8},"end":{"line":72,"column":26}},"type":"binary-expr","locations":[{"start":{"line":72,"column":8},"end":{"line":72,"column":16}},{"start":{"line":72,"column":20},"end":{"line":72,"column":26}}]},"6":{"loc":{"start":{"line":79,"column":4},"end":{"line":81,"column":5}},"type":"if","locations":[{"start":{"line":79,"column":4},"end":{"line":81,"column":5}}]},"7":{"loc":{"start":{"line":84,"column":4},"end":{"line":86,"column":5}},"type":"if","locations":[{"start":{"line":84,"column":4},"end":{"line":86,"column":5}}]},"8":{"loc":{"start":{"line":89,"column":4},"end":{"line":91,"column":5}},"type":"if","locations":[{"start":{"line":89,"column":4},"end":{"line":91,"column":5}}]},"9":{"loc":{"start":{"line":96,"column":6},"end":{"line":96,"column":47}},"type":"binary-expr","locations":[{"start":{"line":96,"column":6},"end":{"line":96,"column":28}},{"start":{"line":96,"column":32},"end":{"line":96,"column":47}}]},"10":{"loc":{"start":{"line":134,"column":4},"end":{"line":136,"column":5}},"type":"if","locations":[{"start":{"line":134,"column":4},"end":{"line":136,"column":5}}]}},"s":{"0":1,"1":1,"2":1,"3":1,"4":1,"5":1,"6":1,"7":1,"8":2,"9":2,"10":1,"11":1,"12":5,"13":5,"14":5,"15":1,"16":4,"17":3,"18":1,"19":2,"20":2,"21":2,"22":1,"23":6,"24":6,"25":6,"26":1,"27":5,"28":4,"29":1,"30":3,"31":1,"32":2,"33":2,"34":1,"35":1,"36":1,"37":1,"38":3,"39":3,"40":3,"41":3,"42":3,"43":1,"44":3,"45":2,"46":1,"47":2,"48":2,"49":2,"50":1,"51":1},"f":{"0":2,"1":5,"2":6,"3":3,"4":2},"b":{"0":[1],"1":[5,5,4],"2":[1],"3":[2,1],"4":[1],"5":[6,5],"6":[1],"7":[1],"8":[1],"9":[1,1],"10":[1]}}
,"C:\\dev\\workspace\\mestre-dos-tragos\\backend\\src\\controllers\\categoriaController.ts": {"path":"C:\\dev\\workspace\\mestre-dos-tragos\\backend\\src\\controllers\\categoriaController.ts","statementMap":{"0":{"start":{"line":8,"column":0},"end":{"line":8,"column":7}},"1":{"start":{"line":26,"column":0},"end":{"line":26,"column":7}},"2":{"start":{"line":62,"column":0},"end":{"line":62,"column":7}},"3":{"start":{"line":99,"column":0},"end":{"line":99,"column":7}},"4":{"start":{"line":2,"column":0},"end":{"line":2,"column":38}},"5":{"start":{"line":9,"column":2},"end":{"line":19,"column":3}},"6":{"start":{"line":10,"column":23},"end":{"line":13,"column":6}},"7":{"start":{"line":15,"column":4},"end":{"line":15,"column":32}},"8":{"start":{"line":18,"column":4},"end":{"line":18,"column":71}},"9":{"start":{"line":27,"column":2},"end":{"line":55,"column":3}},"10":{"start":{"line":28,"column":21},"end":{"line":28,"column":29}},"11":{"start":{"line":30,"column":4},"end":{"line":32,"column":5}},"12":{"start":{"line":31,"column":6},"end":{"line":31,"column":67}},"13":{"start":{"line":34,"column":19},"end":{"line":36,"column":6}},"14":{"start":{"line":38,"column":4},"end":{"line":42,"column":5}},"15":{"start":{"line":39,"column":6},"end":{"line":41,"column":9}},"16":{"start":{"line":44,"column":22},"end":{"line":46,"column":6}},"17":{"start":{"line":48,"column":4},"end":{"line":51,"column":7}},"18":{"start":{"line":54,"column":4},"end":{"line":54,"column":69}},"19":{"start":{"line":63,"column":2},"end":{"line":92,"column":3}},"20":{"start":{"line":65,"column":15},"end":{"line":65,"column":38}},"21":{"start":{"line":66,"column":21},"end":{"line":66,"column":29}},"22":{"start":{"line":68,"column":4},"end":{"line":70,"column":5}},"23":{"start":{"line":69,"column":6},"end":{"line":69,"column":67}},"24":{"start":{"line":72,"column":19},"end":{"line":74,"column":6}},"25":{"start":{"line":76,"column":4},"end":{"line":78,"column":5}},"26":{"start":{"line":77,"column":6},"end":{"line":77,"column":73}},"27":{"start":{"line":80,"column":32},"end":{"line":83,"column":6}},"28":{"start":{"line":85,"column":4},"end":{"line":88,"column":7}},"29":{"start":{"line":91,"column":4},"end":{"line":91,"column":70}},"30":{"start":{"line":100,"column":2},"end":{"line":134,"column":3}},"31":{"start":{"line":102,"column":15},"end":{"line":102,"column":38}},"32":{"start":{"line":104,"column":19},"end":{"line":106,"column":6}},"33":{"start":{"line":108,"column":4},"end":{"line":110,"column":5}},"34":{"start":{"line":109,"column":6},"end":{"line":109,"column":73}},"35":{"start":{"line":112,"column":24},"end":{"line":117,"column":6}},"36":{"start":{"line":119,"column":4},"end":{"line":123,"column":5}},"37":{"start":{"line":120,"column":6},"end":{"line":122,"column":9}},"38":{"start":{"line":125,"column":4},"end":{"line":128,"column":7}},"39":{"start":{"line":130,"column":4},"end":{"line":130,"column":71}},"40":{"start":{"line":133,"column":4},"end":{"line":133,"column":73}}},"fnMap":{"0":{"name":"listar","decl":{"start":{"line":8,"column":22},"end":{"line":8,"column":28}},"loc":{"start":{"line":8,"column":56},"end":{"line":20,"column":1}}},"1":{"name":"criar","decl":{"start":{"line":26,"column":22},"end":{"line":26,"column":27}},"loc":{"start":{"line":26,"column":55},"end":{"line":56,"column":1}}},"2":{"name":"editar","decl":{"start":{"line":62,"column":22},"end":{"line":62,"column":28}},"loc":{"start":{"line":62,"column":56},"end":{"line":93,"column":1}}},"3":{"name":"desativar","decl":{"start":{"line":99,"column":22},"end":{"line":99,"column":31}},"loc":{"start":{"line":99,"column":59},"end":{"line":135,"column":1}}}},"branchMap":{"0":{"loc":{"start":{"line":30,"column":4},"end":{"line":32,"column":5}},"type":"if","locations":[{"start":{"line":30,"column":4},"end":{"line":32,"column":5}}]},"1":{"loc":{"start":{"line":38,"column":4},"end":{"line":42,"column":5}},"type":"if","locations":[{"start":{"line":38,"column":4},"end":{"line":42,"column":5}}]},"2":{"loc":{"start":{"line":68,"column":4},"end":{"line":70,"column":5}},"type":"if","locations":[{"start":{"line":68,"column":4},"end":{"line":70,"column":5}}]},"3":{"loc":{"start":{"line":76,"column":4},"end":{"line":78,"column":5}},"type":"if","locations":[{"start":{"line":76,"column":4},"end":{"line":78,"column":5}}]},"4":{"loc":{"start":{"line":108,"column":4},"end":{"line":110,"column":5}},"type":"if","locations":[{"start":{"line":108,"column":4},"end":{"line":110,"column":5}}]},"5":{"loc":{"start":{"line":119,"column":4},"end":{"line":123,"column":5}},"type":"if","locations":[{"start":{"line":119,"column":4},"end":{"line":123,"column":5}}]}},"s":{"0":1,"1":1,"2":1,"3":1,"4":1,"5":2,"6":2,"7":1,"8":1,"9":4,"10":4,"11":4,"12":1,"13":3,"14":2,"15":1,"16":1,"17":1,"18":1,"19":4,"20":4,"21":4,"22":4,"23":1,"24":3,"25":2,"26":1,"27":1,"28":1,"29":1,"30":4,"31":4,"32":4,"33":3,"34":1,"35":2,"36":2,"37":1,"38":1,"39":1,"40":1},"f":{"0":2,"1":4,"2":4,"3":4},"b":{"0":[1],"1":[1],"2":[1],"3":[1],"4":[1],"5":[1]}}
,"C:\\dev\\workspace\\mestre-dos-tragos\\backend\\src\\controllers\\pedidoController.ts": {"path":"C:\\dev\\workspace\\mestre-dos-tragos\\backend\\src\\controllers\\pedidoController.ts","statementMap":{"0":{"start":{"line":103,"column":0},"end":{"line":103,"column":7}},"1":{"start":{"line":196,"column":0},"end":{"line":196,"column":7}},"2":{"start":{"line":240,"column":0},"end":{"line":240,"column":7}},"3":{"start":{"line":282,"column":0},"end":{"line":282,"column":7}},"4":{"start":{"line":329,"column":0},"end":{"line":329,"column":7}},"5":{"start":{"line":2,"column":0},"end":{"line":2,"column":63}},"6":{"start":{"line":3,"column":0},"end":{"line":3,"column":38}},"7":{"start":{"line":4,"column":0},"end":{"line":4,"column":41}},"8":{"start":{"line":36,"column":18},"end":{"line":36,"column":19}},"9":{"start":{"line":37,"column":67},"end":{"line":37,"column":69}},"10":{"start":{"line":38,"column":45},"end":{"line":38,"column":47}},"11":{"start":{"line":40,"column":2},"end":{"line":93,"column":3}},"12":{"start":{"line":42,"column":4},"end":{"line":42,"column":38}},"13":{"start":{"line":44,"column":4},"end":{"line":53,"column":5}},"14":{"start":{"line":45,"column":6},"end":{"line":52,"column":7}},"15":{"start":{"line":46,"column":26},"end":{"line":46,"column":78}},"16":{"start":{"line":47,"column":8},"end":{"line":51,"column":9}},"17":{"start":{"line":48,"column":24},"end":{"line":48,"column":47}},"18":{"start":{"line":49,"column":10},"end":{"line":49,"column":29}},"19":{"start":{"line":50,"column":10},"end":{"line":50,"column":58}},"20":{"start":{"line":56,"column":7},"end":{"line":93,"column":3}},"21":{"start":{"line":57,"column":4},"end":{"line":57,"column":65}},"22":{"start":{"line":57,"column":23},"end":{"line":57,"column":65}},"23":{"start":{"line":60,"column":27},"end":{"line":60,"column":83}},"24":{"start":{"line":60,"column":56},"end":{"line":60,"column":82}},"25":{"start":{"line":61,"column":4},"end":{"line":61,"column":84}},"26":{"start":{"line":61,"column":25},"end":{"line":61,"column":84}},"27":{"start":{"line":63,"column":4},"end":{"line":63,"column":45}},"28":{"start":{"line":66,"column":4},"end":{"line":77,"column":5}},"29":{"start":{"line":67,"column":6},"end":{"line":76,"column":7}},"30":{"start":{"line":68,"column":33},"end":{"line":70,"column":10}},"31":{"start":{"line":71,"column":8},"end":{"line":75,"column":9}},"32":{"start":{"line":72,"column":24},"end":{"line":72,"column":54}},"33":{"start":{"line":73,"column":10},"end":{"line":73,"column":29}},"34":{"start":{"line":74,"column":10},"end":{"line":74,"column":58}},"35":{"start":{"line":80,"column":7},"end":{"line":93,"column":3}},"36":{"start":{"line":81,"column":4},"end":{"line":81,"column":65}},"37":{"start":{"line":81,"column":23},"end":{"line":81,"column":65}},"38":{"start":{"line":84,"column":27},"end":{"line":84,"column":83}},"39":{"start":{"line":84,"column":56},"end":{"line":84,"column":82}},"40":{"start":{"line":85,"column":4},"end":{"line":85,"column":84}},"41":{"start":{"line":85,"column":25},"end":{"line":85,"column":84}},"42":{"start":{"line":87,"column":23},"end":{"line":87,"column":48}},"43":{"start":{"line":88,"column":4},"end":{"line":88,"column":58}},"44":{"start":{"line":90,"column":4},"end":{"line":92,"column":5}},"45":{"start":{"line":91,"column":6},"end":{"line":91,"column":64}},"46":{"start":{"line":91,"column":52},"end":{"line":91,"column":60}},"47":{"start":{"line":95,"column":2},"end":{"line":95,"column":52}},"48":{"start":{"line":104,"column":2},"end":{"line":186,"column":3}},"49":{"start":{"line":105,"column":22},"end":{"line":105,"column":36}},"50":{"start":{"line":106,"column":48},"end":{"line":106,"column":56}},"51":{"start":{"line":109,"column":4},"end":{"line":111,"column":5}},"52":{"start":{"line":110,"column":6},"end":{"line":110,"column":85}},"53":{"start":{"line":113,"column":21},"end":{"line":113,"column":22}},"54":{"start":{"line":114,"column":43},"end":{"line":114,"column":45}},"55":{"start":{"line":116,"column":4},"end":{"line":156,"column":5}},"56":{"start":{"line":117,"column":22},"end":{"line":120,"column":8}},"57":{"start":{"line":122,"column":6},"end":{"line":124,"column":7}},"58":{"start":{"line":123,"column":8},"end":{"line":123,"column":91}},"59":{"start":{"line":127,"column":6},"end":{"line":129,"column":7}},"60":{"start":{"line":128,"column":8},"end":{"line":128,"column":98}},"61":{"start":{"line":132,"column":6},"end":{"line":134,"column":7}},"62":{"start":{"line":133,"column":8},"end":{"line":133,"column":106}},"63":{"start":{"line":136,"column":57},"end":{"line":136,"column":95}},"64":{"start":{"line":138,"column":25},"end":{"line":138,"column":48}},"65":{"start":{"line":139,"column":6},"end":{"line":141,"column":7}},"66":{"start":{"line":140,"column":8},"end":{"line":140,"column":70}},"67":{"start":{"line":143,"column":23},"end":{"line":143,"column":45}},"68":{"start":{"line":144,"column":6},"end":{"line":144,"column":29}},"69":{"start":{"line":146,"column":6},"end":{"line":155,"column":9}},"70":{"start":{"line":158,"column":19},"end":{"line":177,"column":6}},"71":{"start":{"line":180,"column":4},"end":{"line":180,"column":40}},"72":{"start":{"line":182,"column":4},"end":{"line":182,"column":84}},"73":{"start":{"line":184,"column":4},"end":{"line":184,"column":25}},"74":{"start":{"line":185,"column":4},"end":{"line":185,"column":66}},"75":{"start":{"line":194,"column":23},"end":{"line":194,"column":50}},"76":{"start":{"line":197,"column":2},"end":{"line":233,"column":3}},"77":{"start":{"line":198,"column":37},"end":{"line":198,"column":46}},"78":{"start":{"line":202,"column":49},"end":{"line":211,"column":10}},"79":{"start":{"line":207,"column":24},"end":{"line":207,"column":32}},"80":{"start":{"line":208,"column":48},"end":{"line":208,"column":90}},"81":{"start":{"line":213,"column":20},"end":{"line":227,"column":6}},"82":{"start":{"line":229,"column":4},"end":{"line":229,"column":33}},"83":{"start":{"line":231,"column":4},"end":{"line":231,"column":25}},"84":{"start":{"line":232,"column":4},"end":{"line":232,"column":68}},"85":{"start":{"line":241,"column":2},"end":{"line":264,"column":3}},"86":{"start":{"line":242,"column":15},"end":{"line":242,"column":38}},"87":{"start":{"line":244,"column":19},"end":{"line":256,"column":6}},"88":{"start":{"line":258,"column":4},"end":{"line":258,"column":81}},"89":{"start":{"line":258,"column":17},"end":{"line":258,"column":81}},"90":{"start":{"line":260,"column":4},"end":{"line":260,"column":28}},"91":{"start":{"line":262,"column":4},"end":{"line":262,"column":25}},"92":{"start":{"line":263,"column":4},"end":{"line":263,"column":67}},"93":{"start":{"line":274,"column":64},"end":{"line":280,"column":2}},"94":{"start":{"line":283,"column":2},"end":{"line":321,"column":3}},"95":{"start":{"line":284,"column":15},"end":{"line":284,"column":38}},"96":{"start":{"line":285,"column":23},"end":{"line":285,"column":60}},"97":{"start":{"line":287,"column":4},"end":{"line":287,"column":80}},"98":{"start":{"line":287,"column":17},"end":{"line":287,"column":80}},"99":{"start":{"line":289,"column":4},"end":{"line":291,"column":5}},"100":{"start":{"line":290,"column":6},"end":{"line":290,"column":104}},"101":{"start":{"line":293,"column":19},"end":{"line":293,"column":68}},"102":{"start":{"line":294,"column":4},"end":{"line":294,"column":81}},"103":{"start":{"line":294,"column":17},"end":{"line":294,"column":81}},"104":{"start":{"line":297,"column":23},"end":{"line":297,"column":61}},"105":{"start":{"line":298,"column":4},"end":{"line":303,"column":5}},"106":{"start":{"line":299,"column":6},"end":{"line":302,"column":9}},"107":{"start":{"line":305,"column":23},"end":{"line":312,"column":6}},"108":{"start":{"line":315,"column":4},"end":{"line":315,"column":50}},"109":{"start":{"line":317,"column":4},"end":{"line":317,"column":76}},"110":{"start":{"line":319,"column":4},"end":{"line":319,"column":25}},"111":{"start":{"line":320,"column":4},"end":{"line":320,"column":70}},"112":{"start":{"line":330,"column":2},"end":{"line":352,"column":3}},"113":{"start":{"line":331,"column":15},"end":{"line":331,"column":38}},"114":{"start":{"line":333,"column":19},"end":{"line":333,"column":68}},"115":{"start":{"line":334,"column":4},"end":{"line":334,"column":81}},"116":{"start":{"line":334,"column":17},"end":{"line":334,"column":81}},"117":{"start":{"line":337,"column":4},"end":{"line":341,"column":5}},"118":{"start":{"line":338,"column":6},"end":{"line":340,"column":9}},"119":{"start":{"line":343,"column":22},"end":{"line":346,"column":6}},"120":{"start":{"line":348,"column":4},"end":{"line":348,"column":74}},"121":{"start":{"line":350,"column":4},"end":{"line":350,"column":25}},"122":{"start":{"line":351,"column":4},"end":{"line":351,"column":69}}},"fnMap":{"0":{"name":"calcularPrecoItem","decl":{"start":{"line":35,"column":15},"end":{"line":35,"column":32}},"loc":{"start":{"line":35,"column":77},"end":{"line":96,"column":1}}},"1":{"name":"(anonymous_2)","decl":{"start":{"line":60,"column":49},"end":{"line":60,"column":50}},"loc":{"start":{"line":60,"column":56},"end":{"line":60,"column":82}}},"2":{"name":"(anonymous_3)","decl":{"start":{"line":84,"column":49},"end":{"line":84,"column":50}},"loc":{"start":{"line":84,"column":56},"end":{"line":84,"column":82}}},"3":{"name":"(anonymous_4)","decl":{"start":{"line":91,"column":43},"end":{"line":91,"column":47}},"loc":{"start":{"line":91,"column":52},"end":{"line":91,"column":60}}},"4":{"name":"criar","decl":{"start":{"line":103,"column":22},"end":{"line":103,"column":27}},"loc":{"start":{"line":103,"column":55},"end":{"line":187,"column":1}}},"5":{"name":"listar","decl":{"start":{"line":196,"column":22},"end":{"line":196,"column":28}},"loc":{"start":{"line":196,"column":56},"end":{"line":234,"column":1}}},"6":{"name":"(anonymous_7)","decl":{"start":{"line":207,"column":19},"end":{"line":207,"column":20}},"loc":{"start":{"line":207,"column":24},"end":{"line":207,"column":32}}},"7":{"name":"(anonymous_8)","decl":{"start":{"line":208,"column":22},"end":{"line":208,"column":23}},"loc":{"start":{"line":208,"column":48},"end":{"line":208,"column":90}}},"8":{"name":"buscarPorId","decl":{"start":{"line":240,"column":22},"end":{"line":240,"column":33}},"loc":{"start":{"line":240,"column":61},"end":{"line":265,"column":1}}},"9":{"name":"atualizarStatus","decl":{"start":{"line":282,"column":22},"end":{"line":282,"column":37}},"loc":{"start":{"line":282,"column":65},"end":{"line":322,"column":1}}},"10":{"name":"cancelar","decl":{"start":{"line":329,"column":22},"end":{"line":329,"column":30}},"loc":{"start":{"line":329,"column":58},"end":{"line":353,"column":1}}}},"branchMap":{"0":{"loc":{"start":{"line":40,"column":2},"end":{"line":93,"column":3}},"type":"if","locations":[{"start":{"line":40,"column":2},"end":{"line":93,"column":3}},{"start":{"line":56,"column":7},"end":{"line":93,"column":3}}]},"1":{"loc":{"start":{"line":44,"column":4},"end":{"line":53,"column":5}},"type":"if","locations":[{"start":{"line":44,"column":4},"end":{"line":53,"column":5}}]},"2":{"loc":{"start":{"line":47,"column":8},"end":{"line":51,"column":9}},"type":"if","locations":[{"start":{"line":47,"column":8},"end":{"line":51,"column":9}}]},"3":{"loc":{"start":{"line":56,"column":7},"end":{"line":93,"column":3}},"type":"if","locations":[{"start":{"line":56,"column":7},"end":{"line":93,"column":3}},{"start":{"line":80,"column":7},"end":{"line":93,"column":3}}]},"4":{"loc":{"start":{"line":57,"column":4},"end":{"line":57,"column":65}},"type":"if","locations":[{"start":{"line":57,"column":4},"end":{"line":57,"column":65}}]},"5":{"loc":{"start":{"line":61,"column":4},"end":{"line":61,"column":84}},"type":"if","locations":[{"start":{"line":61,"column":4},"end":{"line":61,"column":84}}]},"6":{"loc":{"start":{"line":66,"column":4},"end":{"line":77,"column":5}},"type":"if","locations":[{"start":{"line":66,"column":4},"end":{"line":77,"column":5}}]},"7":{"loc":{"start":{"line":71,"column":8},"end":{"line":75,"column":9}},"type":"if","locations":[{"start":{"line":71,"column":8},"end":{"line":75,"column":9}}]},"8":{"loc":{"start":{"line":80,"column":7},"end":{"line":93,"column":3}},"type":"if","locations":[{"start":{"line":80,"column":7},"end":{"line":93,"column":3}}]},"9":{"loc":{"start":{"line":81,"column":4},"end":{"line":81,"column":65}},"type":"if","locations":[{"start":{"line":81,"column":4},"end":{"line":81,"column":65}}]},"10":{"loc":{"start":{"line":85,"column":4},"end":{"line":85,"column":84}},"type":"if","locations":[{"start":{"line":85,"column":4},"end":{"line":85,"column":84}}]},"11":{"loc":{"start":{"line":87,"column":23},"end":{"line":87,"column":48}},"type":"binary-expr","locations":[{"start":{"line":87,"column":23},"end":{"line":87,"column":43}},{"start":{"line":87,"column":47},"end":{"line":87,"column":48}}]},"12":{"loc":{"start":{"line":90,"column":4},"end":{"line":92,"column":5}},"type":"if","locations":[{"start":{"line":90,"column":4},"end":{"line":92,"column":5}}]},"13":{"loc":{"start":{"line":109,"column":4},"end":{"line":111,"column":5}},"type":"if","locations":[{"start":{"line":109,"column":4},"end":{"line":111,"column":5}}]},"14":{"loc":{"start":{"line":109,"column":8},"end":{"line":109,"column":51}},"type":"binary-expr","locations":[{"start":{"line":109,"column":8},"end":{"line":109,"column":29}},{"start":{"line":109,"column":33},"end":{"line":109,"column":51}}]},"15":{"loc":{"start":{"line":122,"column":6},"end":{"line":124,"column":7}},"type":"if","locations":[{"start":{"line":122,"column":6},"end":{"line":124,"column":7}}]},"16":{"loc":{"start":{"line":127,"column":6},"end":{"line":129,"column":7}},"type":"if","locations":[{"start":{"line":127,"column":6},"end":{"line":129,"column":7}}]},"17":{"loc":{"start":{"line":127,"column":10},"end":{"line":127,"column":47}},"type":"binary-expr","locations":[{"start":{"line":127,"column":10},"end":{"line":127,"column":29}},{"start":{"line":127,"column":33},"end":{"line":127,"column":47}}]},"18":{"loc":{"start":{"line":132,"column":6},"end":{"line":134,"column":7}},"type":"if","locations":[{"start":{"line":132,"column":6},"end":{"line":134,"column":7}}]},"19":{"loc":{"start":{"line":132,"column":10},"end":{"line":132,"column":95}},"type":"binary-expr","locations":[{"start":{"line":132,"column":11},"end":{"line":132,"column":42}},{"start":{"line":132,"column":46},"end":{"line":132,"column":77}},{"start":{"line":132,"column":82},"end":{"line":132,"column":95}}]},"20":{"loc":{"start":{"line":139,"column":6},"end":{"line":141,"column":7}},"type":"if","locations":[{"start":{"line":139,"column":6},"end":{"line":141,"column":7}}]},"21":{"loc":{"start":{"line":139,"column":10},"end":{"line":139,"column":40}},"type":"binary-expr","locations":[{"start":{"line":139,"column":10},"end":{"line":139,"column":21}},{"start":{"line":139,"column":25},"end":{"line":139,"column":40}}]},"22":{"loc":{"start":{"line":151,"column":21},"end":{"line":151,"column":45}},"type":"binary-expr","locations":[{"start":{"line":151,"column":21},"end":{"line":151,"column":33}},{"start":{"line":151,"column":41},"end":{"line":151,"column":45}}]},"23":{"loc":{"start":{"line":152,"column":21},"end":{"line":152,"column":45}},"type":"binary-expr","locations":[{"start":{"line":152,"column":21},"end":{"line":152,"column":37}},{"start":{"line":152,"column":41},"end":{"line":152,"column":45}}]},"24":{"loc":{"start":{"line":161,"column":21},"end":{"line":161,"column":40}},"type":"binary-expr","locations":[{"start":{"line":161,"column":21},"end":{"line":161,"column":32}},{"start":{"line":161,"column":36},"end":{"line":161,"column":40}}]},"25":{"loc":{"start":{"line":162,"column":21},"end":{"line":162,"column":40}},"type":"binary-expr","locations":[{"start":{"line":162,"column":21},"end":{"line":162,"column":32}},{"start":{"line":162,"column":36},"end":{"line":162,"column":40}}]},"26":{"loc":{"start":{"line":198,"column":20},"end":{"line":198,"column":32}},"type":"default-arg","locations":[{"start":{"line":198,"column":28},"end":{"line":198,"column":32}}]},"27":{"loc":{"start":{"line":202,"column":49},"end":{"line":211,"column":10}},"type":"cond-expr","locations":[{"start":{"line":203,"column":8},"end":{"line":210,"column":null}},{"start":{"line":211,"column":8},"end":{"line":211,"column":10}}]},"28":{"loc":{"start":{"line":258,"column":4},"end":{"line":258,"column":81}},"type":"if","locations":[{"start":{"line":258,"column":4},"end":{"line":258,"column":81}}]},"29":{"loc":{"start":{"line":287,"column":4},"end":{"line":287,"column":80}},"type":"if","locations":[{"start":{"line":287,"column":4},"end":{"line":287,"column":80}}]},"30":{"loc":{"start":{"line":289,"column":4},"end":{"line":291,"column":5}},"type":"if","locations":[{"start":{"line":289,"column":4},"end":{"line":291,"column":5}}]},"31":{"loc":{"start":{"line":294,"column":4},"end":{"line":294,"column":81}},"type":"if","locations":[{"start":{"line":294,"column":4},"end":{"line":294,"column":81}}]},"32":{"loc":{"start":{"line":297,"column":23},"end":{"line":297,"column":61}},"type":"binary-expr","locations":[{"start":{"line":297,"column":23},"end":{"line":297,"column":55}},{"start":{"line":297,"column":59},"end":{"line":297,"column":61}}]},"33":{"loc":{"start":{"line":298,"column":4},"end":{"line":303,"column":5}},"type":"if","locations":[{"start":{"line":298,"column":4},"end":{"line":303,"column":5}}]},"34":{"loc":{"start":{"line":310,"column":22},"end":{"line":310,"column":68}},"type":"cond-expr","locations":[{"start":{"line":310,"column":46},"end":{"line":310,"column":56}},{"start":{"line":310,"column":59},"end":{"line":310,"column":68}}]},"35":{"loc":{"start":{"line":334,"column":4},"end":{"line":334,"column":81}},"type":"if","locations":[{"start":{"line":334,"column":4},"end":{"line":334,"column":81}}]},"36":{"loc":{"start":{"line":337,"column":4},"end":{"line":341,"column":5}},"type":"if","locations":[{"start":{"line":337,"column":4},"end":{"line":341,"column":5}}]}},"s":{"0":1,"1":1,"2":1,"3":1,"4":1,"5":1,"6":1,"7":1,"8":3,"9":3,"10":3,"11":3,"12":2,"13":2,"14":1,"15":1,"16":1,"17":1,"18":1,"19":1,"20":1,"21":0,"22":0,"23":0,"24":0,"25":0,"26":0,"27":0,"28":0,"29":0,"30":0,"31":0,"32":0,"33":0,"34":0,"35":1,"36":1,"37":0,"38":1,"39":1,"40":1,"41":0,"42":1,"43":1,"44":1,"45":1,"46":2,"47":3,"48":8,"49":8,"50":8,"51":8,"52":1,"53":7,"54":7,"55":7,"56":7,"57":6,"58":1,"59":5,"60":1,"61":4,"62":1,"63":3,"64":3,"65":3,"66":1,"67":2,"68":2,"69":2,"70":2,"71":2,"72":2,"73":1,"74":1,"75":1,"76":3,"77":3,"78":3,"79":3,"80":3,"81":3,"82":2,"83":1,"84":1,"85":3,"86":3,"87":3,"88":2,"89":1,"90":1,"91":1,"92":1,"93":1,"94":7,"95":7,"96":7,"97":7,"98":1,"99":6,"100":1,"101":5,"102":4,"103":1,"104":3,"105":3,"106":1,"107":2,"108":2,"109":2,"110":1,"111":1,"112":4,"113":4,"114":4,"115":3,"116":1,"117":2,"118":1,"119":1,"120":1,"121":1,"122":1},"f":{"0":3,"1":0,"2":1,"3":2,"4":8,"5":3,"6":3,"7":3,"8":3,"9":7,"10":4},"b":{"0":[2,1],"1":[1],"2":[1],"3":[0,1],"4":[0],"5":[0],"6":[0],"7":[0],"8":[1],"9":[0],"10":[0],"11":[1,0],"12":[1],"13":[1],"14":[8,8],"15":[1],"16":[1],"17":[5,4],"18":[1],"19":[4,3,2],"20":[1],"21":[3,2],"22":[2,1],"23":[2,2],"24":[2,1],"25":[2,2],"26":[2],"27":[1,2],"28":[1],"29":[1],"30":[1],"31":[1],"32":[3,0],"33":[1],"34":[1,1],"35":[1],"36":[1]}}
,"C:\\dev\\workspace\\mestre-dos-tragos\\backend\\src\\controllers\\produtoController.ts": {"path":"C:\\dev\\workspace\\mestre-dos-tragos\\backend\\src\\controllers\\produtoController.ts","statementMap":{"0":{"start":{"line":48,"column":0},"end":{"line":48,"column":7}},"1":{"start":{"line":78,"column":0},"end":{"line":78,"column":7}},"2":{"start":{"line":98,"column":0},"end":{"line":98,"column":7}},"3":{"start":{"line":195,"column":0},"end":{"line":195,"column":7}},"4":{"start":{"line":295,"column":0},"end":{"line":295,"column":7}},"5":{"start":{"line":327,"column":0},"end":{"line":327,"column":7}},"6":{"start":{"line":3,"column":0},"end":{"line":3,"column":38}},"7":{"start":{"line":23,"column":23},"end":{"line":35,"column":34}},"8":{"start":{"line":37,"column":37},"end":{"line":37,"column":79}},"9":{"start":{"line":38,"column":36},"end":{"line":38,"column":51}},"10":{"start":{"line":42,"column":2},"end":{"line":42,"column":73}},"11":{"start":{"line":42,"column":61},"end":{"line":42,"column":73}},"12":{"start":{"line":43,"column":12},"end":{"line":43,"column":25}},"13":{"start":{"line":44,"column":2},"end":{"line":44,"column":44}},"14":{"start":{"line":44,"column":32},"end":{"line":44,"column":44}},"15":{"start":{"line":45,"column":2},"end":{"line":45,"column":11}},"16":{"start":{"line":49,"column":2},"end":{"line":75,"column":3}},"17":{"start":{"line":50,"column":47},"end":{"line":50,"column":56}},"18":{"start":{"line":52,"column":44},"end":{"line":52,"column":59}},"19":{"start":{"line":54,"column":4},"end":{"line":56,"column":5}},"20":{"start":{"line":55,"column":6},"end":{"line":55,"column":30}},"21":{"start":{"line":58,"column":4},"end":{"line":60,"column":5}},"22":{"start":{"line":59,"column":6},"end":{"line":59,"column":38}},"23":{"start":{"line":62,"column":21},"end":{"line":69,"column":6}},"24":{"start":{"line":71,"column":4},"end":{"line":71,"column":30}},"25":{"start":{"line":73,"column":4},"end":{"line":73,"column":45}},"26":{"start":{"line":74,"column":4},"end":{"line":74,"column":69}},"27":{"start":{"line":79,"column":2},"end":{"line":95,"column":3}},"28":{"start":{"line":80,"column":15},"end":{"line":80,"column":38}},"29":{"start":{"line":82,"column":20},"end":{"line":85,"column":6}},"30":{"start":{"line":87,"column":4},"end":{"line":89,"column":5}},"31":{"start":{"line":88,"column":6},"end":{"line":88,"column":71}},"32":{"start":{"line":91,"column":4},"end":{"line":91,"column":29}},"33":{"start":{"line":93,"column":4},"end":{"line":93,"column":50}},"34":{"start":{"line":94,"column":4},"end":{"line":94,"column":68}},"35":{"start":{"line":99,"column":2},"end":{"line":192,"column":3}},"36":{"start":{"line":110,"column":8},"end":{"line":110,"column":31}},"37":{"start":{"line":112,"column":4},"end":{"line":114,"column":5}},"38":{"start":{"line":113,"column":6},"end":{"line":113,"column":92}},"39":{"start":{"line":116,"column":4},"end":{"line":118,"column":5}},"40":{"start":{"line":117,"column":6},"end":{"line":117,"column":101}},"41":{"start":{"line":120,"column":4},"end":{"line":125,"column":5}},"42":{"start":{"line":121,"column":26},"end":{"line":121,"column":43}},"43":{"start":{"line":122,"column":6},"end":{"line":124,"column":7}},"44":{"start":{"line":123,"column":8},"end":{"line":123,"column":98}},"45":{"start":{"line":127,"column":4},"end":{"line":140,"column":5}},"46":{"start":{"line":128,"column":6},"end":{"line":130,"column":7}},"47":{"start":{"line":129,"column":8},"end":{"line":129,"column":99}},"48":{"start":{"line":132,"column":6},"end":{"line":139,"column":7}},"49":{"start":{"line":133,"column":8},"end":{"line":135,"column":9}},"50":{"start":{"line":134,"column":10},"end":{"line":134,"column":98}},"51":{"start":{"line":136,"column":8},"end":{"line":138,"column":9}},"52":{"start":{"line":137,"column":10},"end":{"line":137,"column":94}},"53":{"start":{"line":142,"column":28},"end":{"line":144,"column":6}},"54":{"start":{"line":146,"column":4},"end":{"line":148,"column":5}},"55":{"start":{"line":147,"column":6},"end":{"line":147,"column":73}},"56":{"start":{"line":150,"column":44},"end":{"line":181,"column":6}},"57":{"start":{"line":163,"column":43},"end":{"line":166,"column":16}},"58":{"start":{"line":173,"column":58},"end":{"line":177,"column":16}},"59":{"start":{"line":183,"column":20},"end":{"line":186,"column":6}},"60":{"start":{"line":188,"column":4},"end":{"line":188,"column":86}},"61":{"start":{"line":190,"column":4},"end":{"line":190,"column":44}},"62":{"start":{"line":191,"column":4},"end":{"line":191,"column":67}},"63":{"start":{"line":196,"column":2},"end":{"line":292,"column":3}},"64":{"start":{"line":197,"column":15},"end":{"line":197,"column":38}},"65":{"start":{"line":208,"column":8},"end":{"line":208,"column":31}},"66":{"start":{"line":210,"column":19},"end":{"line":210,"column":69}},"67":{"start":{"line":212,"column":4},"end":{"line":214,"column":5}},"68":{"start":{"line":213,"column":6},"end":{"line":213,"column":71}},"69":{"start":{"line":216,"column":4},"end":{"line":224,"column":5}},"70":{"start":{"line":217,"column":30},"end":{"line":219,"column":8}},"71":{"start":{"line":221,"column":6},"end":{"line":223,"column":7}},"72":{"start":{"line":222,"column":8},"end":{"line":222,"column":75}},"73":{"start":{"line":226,"column":4},"end":{"line":228,"column":5}},"74":{"start":{"line":227,"column":6},"end":{"line":227,"column":63}},"75":{"start":{"line":230,"column":4},"end":{"line":239,"column":5}},"76":{"start":{"line":231,"column":6},"end":{"line":238,"column":7}},"77":{"start":{"line":232,"column":8},"end":{"line":234,"column":9}},"78":{"start":{"line":233,"column":10},"end":{"line":233,"column":98}},"79":{"start":{"line":235,"column":8},"end":{"line":237,"column":9}},"80":{"start":{"line":236,"column":10},"end":{"line":236,"column":94}},"81":{"start":{"line":241,"column":44},"end":{"line":280,"column":6}},"82":{"start":{"line":261,"column":43},"end":{"line":264,"column":16}},"83":{"start":{"line":272,"column":58},"end":{"line":276,"column":16}},"84":{"start":{"line":282,"column":30},"end":{"line":286,"column":6}},"85":{"start":{"line":288,"column":4},"end":{"line":288,"column":97}},"86":{"start":{"line":290,"column":4},"end":{"line":290,"column":45}},"87":{"start":{"line":291,"column":4},"end":{"line":291,"column":68}},"88":{"start":{"line":296,"column":2},"end":{"line":324,"column":3}},"89":{"start":{"line":297,"column":15},"end":{"line":297,"column":38}},"90":{"start":{"line":299,"column":20},"end":{"line":299,"column":70}},"91":{"start":{"line":301,"column":4},"end":{"line":303,"column":5}},"92":{"start":{"line":302,"column":6},"end":{"line":302,"column":71}},"93":{"start":{"line":305,"column":4},"end":{"line":307,"column":5}},"94":{"start":{"line":306,"column":6},"end":{"line":306,"column":102}},"95":{"start":{"line":309,"column":30},"end":{"line":313,"column":6}},"96":{"start":{"line":315,"column":4},"end":{"line":320,"column":7}},"97":{"start":{"line":322,"column":4},"end":{"line":322,"column":62}},"98":{"start":{"line":323,"column":4},"end":{"line":323,"column":77}},"99":{"start":{"line":328,"column":2},"end":{"line":346,"column":3}},"100":{"start":{"line":329,"column":15},"end":{"line":329,"column":38}},"101":{"start":{"line":331,"column":19},"end":{"line":331,"column":69}},"102":{"start":{"line":333,"column":4},"end":{"line":335,"column":5}},"103":{"start":{"line":334,"column":6},"end":{"line":334,"column":71}},"104":{"start":{"line":337,"column":4},"end":{"line":340,"column":7}},"105":{"start":{"line":342,"column":4},"end":{"line":342,"column":69}},"106":{"start":{"line":344,"column":4},"end":{"line":344,"column":48}},"107":{"start":{"line":345,"column":4},"end":{"line":345,"column":71}}},"fnMap":{"0":{"name":"parsePreco","decl":{"start":{"line":41,"column":9},"end":{"line":41,"column":19}},"loc":{"start":{"line":41,"column":54},"end":{"line":46,"column":1}}},"1":{"name":"listar","decl":{"start":{"line":48,"column":22},"end":{"line":48,"column":28}},"loc":{"start":{"line":48,"column":56},"end":{"line":76,"column":1}}},"2":{"name":"buscarPorId","decl":{"start":{"line":78,"column":22},"end":{"line":78,"column":33}},"loc":{"start":{"line":78,"column":61},"end":{"line":96,"column":1}}},"3":{"name":"criar","decl":{"start":{"line":98,"column":22},"end":{"line":98,"column":27}},"loc":{"start":{"line":98,"column":55},"end":{"line":193,"column":1}}},"4":{"name":"(anonymous_5)","decl":{"start":{"line":163,"column":35},"end":{"line":163,"column":36}},"loc":{"start":{"line":163,"column":43},"end":{"line":166,"column":16}}},"5":{"name":"(anonymous_6)","decl":{"start":{"line":173,"column":40},"end":{"line":173,"column":41}},"loc":{"start":{"line":173,"column":58},"end":{"line":177,"column":16}}},"6":{"name":"editar","decl":{"start":{"line":195,"column":22},"end":{"line":195,"column":28}},"loc":{"start":{"line":195,"column":56},"end":{"line":293,"column":1}}},"7":{"name":"(anonymous_8)","decl":{"start":{"line":261,"column":35},"end":{"line":261,"column":36}},"loc":{"start":{"line":261,"column":43},"end":{"line":264,"column":16}}},"8":{"name":"(anonymous_9)","decl":{"start":{"line":272,"column":40},"end":{"line":272,"column":41}},"loc":{"start":{"line":272,"column":58},"end":{"line":276,"column":16}}},"9":{"name":"alternarDisponibilidade","decl":{"start":{"line":295,"column":22},"end":{"line":295,"column":45}},"loc":{"start":{"line":295,"column":73},"end":{"line":325,"column":1}}},"10":{"name":"desativar","decl":{"start":{"line":327,"column":22},"end":{"line":327,"column":31}},"loc":{"start":{"line":327,"column":59},"end":{"line":347,"column":1}}}},"branchMap":{"0":{"loc":{"start":{"line":42,"column":2},"end":{"line":42,"column":73}},"type":"if","locations":[{"start":{"line":42,"column":2},"end":{"line":42,"column":73}}]},"1":{"loc":{"start":{"line":42,"column":6},"end":{"line":42,"column":59}},"type":"binary-expr","locations":[{"start":{"line":42,"column":6},"end":{"line":42,"column":25}},{"start":{"line":42,"column":29},"end":{"line":42,"column":43}},{"start":{"line":42,"column":47},"end":{"line":42,"column":59}}]},"2":{"loc":{"start":{"line":44,"column":2},"end":{"line":44,"column":44}},"type":"if","locations":[{"start":{"line":44,"column":2},"end":{"line":44,"column":44}}]},"3":{"loc":{"start":{"line":44,"column":6},"end":{"line":44,"column":30}},"type":"binary-expr","locations":[{"start":{"line":44,"column":6},"end":{"line":44,"column":21}},{"start":{"line":44,"column":25},"end":{"line":44,"column":30}}]},"4":{"loc":{"start":{"line":54,"column":4},"end":{"line":56,"column":5}},"type":"if","locations":[{"start":{"line":54,"column":4},"end":{"line":56,"column":5}}]},"5":{"loc":{"start":{"line":58,"column":4},"end":{"line":60,"column":5}},"type":"if","locations":[{"start":{"line":58,"column":4},"end":{"line":60,"column":5}}]},"6":{"loc":{"start":{"line":87,"column":4},"end":{"line":89,"column":5}},"type":"if","locations":[{"start":{"line":87,"column":4},"end":{"line":89,"column":5}}]},"7":{"loc":{"start":{"line":112,"column":4},"end":{"line":114,"column":5}},"type":"if","locations":[{"start":{"line":112,"column":4},"end":{"line":114,"column":5}}]},"8":{"loc":{"start":{"line":112,"column":8},"end":{"line":112,"column":38}},"type":"binary-expr","locations":[{"start":{"line":112,"column":8},"end":{"line":112,"column":13}},{"start":{"line":112,"column":17},"end":{"line":112,"column":29}},{"start":{"line":112,"column":33},"end":{"line":112,"column":38}}]},"9":{"loc":{"start":{"line":116,"column":4},"end":{"line":118,"column":5}},"type":"if","locations":[{"start":{"line":116,"column":4},"end":{"line":118,"column":5}}]},"10":{"loc":{"start":{"line":120,"column":4},"end":{"line":125,"column":5}},"type":"if","locations":[{"start":{"line":120,"column":4},"end":{"line":125,"column":5}}]},"11":{"loc":{"start":{"line":122,"column":6},"end":{"line":124,"column":7}},"type":"if","locations":[{"start":{"line":122,"column":6},"end":{"line":124,"column":7}}]},"12":{"loc":{"start":{"line":127,"column":4},"end":{"line":140,"column":5}},"type":"if","locations":[{"start":{"line":127,"column":4},"end":{"line":140,"column":5}}]},"13":{"loc":{"start":{"line":127,"column":8},"end":{"line":127,"column":58}},"type":"binary-expr","locations":[{"start":{"line":127,"column":8},"end":{"line":127,"column":31}},{"start":{"line":127,"column":35},"end":{"line":127,"column":58}}]},"14":{"loc":{"start":{"line":128,"column":6},"end":{"line":130,"column":7}},"type":"if","locations":[{"start":{"line":128,"column":6},"end":{"line":130,"column":7}}]},"15":{"loc":{"start":{"line":128,"column":10},"end":{"line":128,"column":44}},"type":"binary-expr","locations":[{"start":{"line":128,"column":10},"end":{"line":128,"column":19}},{"start":{"line":128,"column":23},"end":{"line":128,"column":44}}]},"16":{"loc":{"start":{"line":133,"column":8},"end":{"line":135,"column":9}},"type":"if","locations":[{"start":{"line":133,"column":8},"end":{"line":135,"column":9}}]},"17":{"loc":{"start":{"line":136,"column":8},"end":{"line":138,"column":9}},"type":"if","locations":[{"start":{"line":136,"column":8},"end":{"line":138,"column":9}}]},"18":{"loc":{"start":{"line":146,"column":4},"end":{"line":148,"column":5}},"type":"if","locations":[{"start":{"line":146,"column":4},"end":{"line":148,"column":5}}]},"19":{"loc":{"start":{"line":152,"column":17},"end":{"line":152,"column":34}},"type":"binary-expr","locations":[{"start":{"line":152,"column":17},"end":{"line":152,"column":26}},{"start":{"line":152,"column":30},"end":{"line":152,"column":34}}]},"20":{"loc":{"start":{"line":153,"column":13},"end":{"line":153,"column":26}},"type":"binary-expr","locations":[{"start":{"line":153,"column":13},"end":{"line":153,"column":18}},{"start":{"line":153,"column":22},"end":{"line":153,"column":26}}]},"21":{"loc":{"start":{"line":154,"column":13},"end":{"line":154,"column":35}},"type":"binary-expr","locations":[{"start":{"line":154,"column":13},"end":{"line":154,"column":30}},{"start":{"line":154,"column":34},"end":{"line":154,"column":35}}]},"22":{"loc":{"start":{"line":158,"column":18},"end":{"line":158,"column":36}},"type":"binary-expr","locations":[{"start":{"line":158,"column":18},"end":{"line":158,"column":28}},{"start":{"line":158,"column":32},"end":{"line":158,"column":36}}]},"23":{"loc":{"start":{"line":160,"column":10},"end":{"line":169,"column":12}},"type":"cond-expr","locations":[{"start":{"line":161,"column":10},"end":{"line":168,"column":null}},{"start":{"line":169,"column":10},"end":{"line":169,"column":12}}]},"24":{"loc":{"start":{"line":160,"column":10},"end":{"line":160,"column":41}},"type":"binary-expr","locations":[{"start":{"line":160,"column":10},"end":{"line":160,"column":18}},{"start":{"line":160,"column":22},"end":{"line":160,"column":41}}]},"25":{"loc":{"start":{"line":165,"column":23},"end":{"line":165,"column":47}},"type":"binary-expr","locations":[{"start":{"line":165,"column":23},"end":{"line":165,"column":42}},{"start":{"line":165,"column":46},"end":{"line":165,"column":47}}]},"26":{"loc":{"start":{"line":170,"column":10},"end":{"line":180,"column":12}},"type":"cond-expr","locations":[{"start":{"line":171,"column":10},"end":{"line":179,"column":null}},{"start":{"line":180,"column":10},"end":{"line":180,"column":12}}]},"27":{"loc":{"start":{"line":170,"column":10},"end":{"line":170,"column":51}},"type":"binary-expr","locations":[{"start":{"line":170,"column":10},"end":{"line":170,"column":23}},{"start":{"line":170,"column":27},"end":{"line":170,"column":51}}]},"28":{"loc":{"start":{"line":212,"column":4},"end":{"line":214,"column":5}},"type":"if","locations":[{"start":{"line":212,"column":4},"end":{"line":214,"column":5}}]},"29":{"loc":{"start":{"line":216,"column":4},"end":{"line":224,"column":5}},"type":"if","locations":[{"start":{"line":216,"column":4},"end":{"line":224,"column":5}}]},"30":{"loc":{"start":{"line":221,"column":6},"end":{"line":223,"column":7}},"type":"if","locations":[{"start":{"line":221,"column":6},"end":{"line":223,"column":7}}]},"31":{"loc":{"start":{"line":226,"column":4},"end":{"line":228,"column":5}},"type":"if","locations":[{"start":{"line":226,"column":4},"end":{"line":228,"column":5}}]},"32":{"loc":{"start":{"line":226,"column":8},"end":{"line":226,"column":57}},"type":"binary-expr","locations":[{"start":{"line":226,"column":8},"end":{"line":226,"column":27}},{"start":{"line":226,"column":31},"end":{"line":226,"column":57}}]},"33":{"loc":{"start":{"line":230,"column":4},"end":{"line":239,"column":5}},"type":"if","locations":[{"start":{"line":230,"column":4},"end":{"line":239,"column":5}}]},"34":{"loc":{"start":{"line":232,"column":8},"end":{"line":234,"column":9}},"type":"if","locations":[{"start":{"line":232,"column":8},"end":{"line":234,"column":9}}]},"35":{"loc":{"start":{"line":235,"column":8},"end":{"line":237,"column":9}},"type":"if","locations":[{"start":{"line":235,"column":8},"end":{"line":237,"column":9}}]},"36":{"loc":{"start":{"line":242,"column":10},"end":{"line":242,"column":44}},"type":"cond-expr","locations":[{"start":{"line":242,"column":31},"end":{"line":242,"column":39}},{"start":{"line":242,"column":42},"end":{"line":242,"column":44}}]},"37":{"loc":{"start":{"line":243,"column":10},"end":{"line":243,"column":54}},"type":"cond-expr","locations":[{"start":{"line":243,"column":36},"end":{"line":243,"column":49}},{"start":{"line":243,"column":52},"end":{"line":243,"column":54}}]},"38":{"loc":{"start":{"line":244,"column":10},"end":{"line":244,"column":46}},"type":"cond-expr","locations":[{"start":{"line":244,"column":32},"end":{"line":244,"column":41}},{"start":{"line":244,"column":44},"end":{"line":244,"column":46}}]},"39":{"loc":{"start":{"line":245,"column":10},"end":{"line":245,"column":70}},"type":"cond-expr","locations":[{"start":{"line":245,"column":32},"end":{"line":245,"column":65}},{"start":{"line":245,"column":68},"end":{"line":245,"column":70}}]},"40":{"loc":{"start":{"line":245,"column":41},"end":{"line":245,"column":63}},"type":"binary-expr","locations":[{"start":{"line":245,"column":41},"end":{"line":245,"column":58}},{"start":{"line":245,"column":62},"end":{"line":245,"column":63}}]},"41":{"loc":{"start":{"line":246,"column":10},"end":{"line":252,"column":12}},"type":"cond-expr","locations":[{"start":{"line":247,"column":10},"end":{"line":251,"column":null}},{"start":{"line":252,"column":10},"end":{"line":252,"column":12}}]},"42":{"loc":{"start":{"line":253,"column":10},"end":{"line":253,"column":56}},"type":"cond-expr","locations":[{"start":{"line":253,"column":37},"end":{"line":253,"column":51}},{"start":{"line":253,"column":54},"end":{"line":253,"column":56}}]},"43":{"loc":{"start":{"line":257,"column":10},"end":{"line":267,"column":12}},"type":"cond-expr","locations":[{"start":{"line":258,"column":10},"end":{"line":266,"column":null}},{"start":{"line":267,"column":10},"end":{"line":267,"column":12}}]},"44":{"loc":{"start":{"line":257,"column":10},"end":{"line":257,"column":41}},"type":"binary-expr","locations":[{"start":{"line":257,"column":10},"end":{"line":257,"column":18}},{"start":{"line":257,"column":22},"end":{"line":257,"column":41}}]},"45":{"loc":{"start":{"line":263,"column":23},"end":{"line":263,"column":47}},"type":"binary-expr","locations":[{"start":{"line":263,"column":23},"end":{"line":263,"column":42}},{"start":{"line":263,"column":46},"end":{"line":263,"column":47}}]},"46":{"loc":{"start":{"line":268,"column":10},"end":{"line":279,"column":12}},"type":"cond-expr","locations":[{"start":{"line":269,"column":10},"end":{"line":278,"column":null}},{"start":{"line":279,"column":10},"end":{"line":279,"column":12}}]},"47":{"loc":{"start":{"line":301,"column":4},"end":{"line":303,"column":5}},"type":"if","locations":[{"start":{"line":301,"column":4},"end":{"line":303,"column":5}}]},"48":{"loc":{"start":{"line":305,"column":4},"end":{"line":307,"column":5}},"type":"if","locations":[{"start":{"line":305,"column":4},"end":{"line":307,"column":5}}]},"49":{"loc":{"start":{"line":316,"column":16},"end":{"line":318,"column":56}},"type":"cond-expr","locations":[{"start":{"line":317,"column":10},"end":{"line":317,"column":54}},{"start":{"line":318,"column":10},"end":{"line":318,"column":56}}]},"50":{"loc":{"start":{"line":333,"column":4},"end":{"line":335,"column":5}},"type":"if","locations":[{"start":{"line":333,"column":4},"end":{"line":335,"column":5}}]}},"s":{"0":1,"1":1,"2":1,"3":1,"4":1,"5":1,"6":1,"7":1,"8":1,"9":1,"10":13,"11":2,"12":11,"13":11,"14":2,"15":9,"16":3,"17":3,"18":3,"19":3,"20":0,"21":3,"22":1,"23":3,"24":2,"25":1,"26":1,"27":3,"28":3,"29":3,"30":2,"31":1,"32":1,"33":1,"34":1,"35":10,"36":10,"37":10,"38":1,"39":9,"40":1,"41":8,"42":4,"43":4,"44":1,"45":7,"46":4,"47":1,"48":3,"49":4,"50":1,"51":3,"52":1,"53":4,"54":4,"55":1,"56":3,"57":2,"58":1,"59":3,"60":2,"61":1,"62":1,"63":6,"64":6,"65":6,"66":6,"67":5,"68":1,"69":4,"70":2,"71":2,"72":1,"73":3,"74":1,"75":2,"76":1,"77":1,"78":1,"79":0,"80":0,"81":1,"82":0,"83":0,"84":1,"85":1,"86":1,"87":1,"88":5,"89":5,"90":5,"91":4,"92":1,"93":3,"94":1,"95":2,"96":2,"97":1,"98":1,"99":3,"100":3,"101":3,"102":2,"103":1,"104":1,"105":1,"106":1,"107":1},"f":{"0":13,"1":3,"2":3,"3":10,"4":2,"5":1,"6":6,"7":0,"8":0,"9":5,"10":3},"b":{"0":[2],"1":[13,11,11],"2":[2],"3":[11,9],"4":[0],"5":[1],"6":[1],"7":[1],"8":[10,10,9],"9":[1],"10":[4],"11":[1],"12":[4],"13":[7,3],"14":[1],"15":[4,3],"16":[1],"17":[1],"18":[1],"19":[3,3],"20":[3,3],"21":[3,1],"22":[3,3],"23":[1,2],"24":[3,1],"25":[2,0],"26":[1,2],"27":[3,1],"28":[1],"29":[2],"30":[1],"31":[1],"32":[3,1],"33":[1],"34":[1],"35":[0],"36":[1,0],"37":[0,1],"38":[0,1],"39":[0,1],"40":[0,0],"41":[1,0],"42":[1,0],"43":[0,1],"44":[1,0],"45":[0,0],"46":[0,1],"47":[1],"48":[1],"49":[1,1],"50":[1]}}
,"C:\\dev\\workspace\\mestre-dos-tragos\\backend\\src\\controllers\\relatorioController.ts": {"path":"C:\\dev\\workspace\\mestre-dos-tragos\\backend\\src\\controllers\\relatorioController.ts","statementMap":{"0":{"start":{"line":10,"column":0},"end":{"line":10,"column":7}},"1":{"start":{"line":68,"column":0},"end":{"line":68,"column":7}},"2":{"start":{"line":148,"column":0},"end":{"line":148,"column":7}},"3":{"start":{"line":216,"column":0},"end":{"line":216,"column":7}},"4":{"start":{"line":282,"column":0},"end":{"line":282,"column":7}},"5":{"start":{"line":322,"column":0},"end":{"line":322,"column":7}},"6":{"start":{"line":361,"column":0},"end":{"line":361,"column":7}},"7":{"start":{"line":3,"column":0},"end":{"line":3,"column":38}},"8":{"start":{"line":11,"column":2},"end":{"line":60,"column":3}},"9":{"start":{"line":12,"column":17},"end":{"line":12,"column":27}},"10":{"start":{"line":15,"column":22},"end":{"line":15,"column":36}},"11":{"start":{"line":16,"column":4},"end":{"line":16,"column":35}},"12":{"start":{"line":17,"column":19},"end":{"line":17,"column":33}},"13":{"start":{"line":18,"column":4},"end":{"line":18,"column":37}},"14":{"start":{"line":20,"column":23},"end":{"line":25,"column":6}},"15":{"start":{"line":27,"column":30},"end":{"line":27,"column":47}},"16":{"start":{"line":28,"column":30},"end":{"line":28,"column":77}},"17":{"start":{"line":28,"column":53},"end":{"line":28,"column":76}},"18":{"start":{"line":29,"column":30},"end":{"line":29,"column":78}},"19":{"start":{"line":29,"column":53},"end":{"line":29,"column":77}},"20":{"start":{"line":32,"column":24},"end":{"line":32,"column":90}},"21":{"start":{"line":32,"column":60},"end":{"line":32,"column":86}},"22":{"start":{"line":35,"column":24},"end":{"line":37,"column":9}},"23":{"start":{"line":40,"column":28},"end":{"line":40,"column":72}},"24":{"start":{"line":40,"column":57},"end":{"line":40,"column":71}},"25":{"start":{"line":41,"column":30},"end":{"line":46,"column":9}},"26":{"start":{"line":43,"column":23},"end":{"line":43,"column":91}},"27":{"start":{"line":44,"column":10},"end":{"line":44,"column":36}},"28":{"start":{"line":48,"column":4},"end":{"line":56,"column":7}},"29":{"start":{"line":58,"column":4},"end":{"line":58,"column":25}},"30":{"start":{"line":59,"column":4},"end":{"line":59,"column":73}},"31":{"start":{"line":69,"column":2},"end":{"line":140,"column":3}},"32":{"start":{"line":70,"column":28},"end":{"line":70,"column":37}},"33":{"start":{"line":73,"column":4},"end":{"line":77,"column":5}},"34":{"start":{"line":74,"column":6},"end":{"line":76,"column":9}},"35":{"start":{"line":79,"column":23},"end":{"line":79,"column":49}},"36":{"start":{"line":80,"column":4},"end":{"line":80,"column":36}},"37":{"start":{"line":81,"column":20},"end":{"line":81,"column":43}},"38":{"start":{"line":82,"column":4},"end":{"line":82,"column":38}},"39":{"start":{"line":85,"column":4},"end":{"line":87,"column":5}},"40":{"start":{"line":86,"column":6},"end":{"line":86,"column":64}},"41":{"start":{"line":89,"column":20},"end":{"line":98,"column":6}},"42":{"start":{"line":100,"column":23},"end":{"line":100,"column":67}},"43":{"start":{"line":100,"column":43},"end":{"line":100,"column":66}},"44":{"start":{"line":101,"column":23},"end":{"line":101,"column":68}},"45":{"start":{"line":101,"column":43},"end":{"line":101,"column":67}},"46":{"start":{"line":103,"column":29},"end":{"line":103,"column":88}},"47":{"start":{"line":103,"column":58},"end":{"line":103,"column":84}},"48":{"start":{"line":104,"column":24},"end":{"line":106,"column":9}},"49":{"start":{"line":109,"column":54},"end":{"line":109,"column":56}},"50":{"start":{"line":110,"column":4},"end":{"line":113,"column":7}},"51":{"start":{"line":111,"column":18},"end":{"line":111,"column":71}},"52":{"start":{"line":112,"column":6},"end":{"line":112,"column":89}},"53":{"start":{"line":115,"column":4},"end":{"line":136,"column":7}},"54":{"start":{"line":129,"column":46},"end":{"line":135,"column":8}},"55":{"start":{"line":138,"column":4},"end":{"line":138,"column":25}},"56":{"start":{"line":139,"column":4},"end":{"line":139,"column":81}},"57":{"start":{"line":149,"column":2},"end":{"line":208,"column":3}},"58":{"start":{"line":150,"column":28},"end":{"line":150,"column":37}},"59":{"start":{"line":153,"column":47},"end":{"line":155,"column":6}},"60":{"start":{"line":157,"column":4},"end":{"line":167,"column":5}},"61":{"start":{"line":158,"column":25},"end":{"line":158,"column":51}},"62":{"start":{"line":159,"column":6},"end":{"line":159,"column":38}},"63":{"start":{"line":160,"column":22},"end":{"line":160,"column":45}},"64":{"start":{"line":161,"column":6},"end":{"line":161,"column":40}},"65":{"start":{"line":163,"column":6},"end":{"line":166,"column":8}},"66":{"start":{"line":169,"column":25},"end":{"line":174,"column":6}},"67":{"start":{"line":181,"column":9},"end":{"line":181,"column":11}},"68":{"start":{"line":183,"column":4},"end":{"line":190,"column":7}},"69":{"start":{"line":184,"column":17},"end":{"line":184,"column":31}},"70":{"start":{"line":185,"column":6},"end":{"line":187,"column":7}},"71":{"start":{"line":186,"column":8},"end":{"line":186,"column":88}},"72":{"start":{"line":188,"column":6},"end":{"line":188,"column":56}},"73":{"start":{"line":189,"column":6},"end":{"line":189,"column":62}},"74":{"start":{"line":193,"column":20},"end":{"line":199,"column":50}},"75":{"start":{"line":194,"column":29},"end":{"line":198,"column":8}},"76":{"start":{"line":199,"column":22},"end":{"line":199,"column":49}},"77":{"start":{"line":201,"column":4},"end":{"line":204,"column":7}},"78":{"start":{"line":206,"column":4},"end":{"line":206,"column":25}},"79":{"start":{"line":207,"column":4},"end":{"line":207,"column":79}},"80":{"start":{"line":217,"column":2},"end":{"line":274,"column":3}},"81":{"start":{"line":218,"column":28},"end":{"line":218,"column":37}},"82":{"start":{"line":220,"column":43},"end":{"line":220,"column":45}},"83":{"start":{"line":222,"column":4},"end":{"line":228,"column":5}},"84":{"start":{"line":223,"column":25},"end":{"line":223,"column":51}},"85":{"start":{"line":224,"column":6},"end":{"line":224,"column":38}},"86":{"start":{"line":225,"column":22},"end":{"line":225,"column":45}},"87":{"start":{"line":226,"column":6},"end":{"line":226,"column":40}},"88":{"start":{"line":227,"column":6},"end":{"line":227,"column":57}},"89":{"start":{"line":231,"column":23},"end":{"line":246,"column":6}},"90":{"start":{"line":249,"column":22},"end":{"line":265,"column":6}},"91":{"start":{"line":250,"column":24},"end":{"line":250,"column":41}},"92":{"start":{"line":251,"column":24},"end":{"line":251,"column":68}},"93":{"start":{"line":251,"column":44},"end":{"line":251,"column":67}},"94":{"start":{"line":252,"column":25},"end":{"line":252,"column":70}},"95":{"start":{"line":252,"column":45},"end":{"line":252,"column":69}},"96":{"start":{"line":253,"column":26},"end":{"line":253,"column":85}},"97":{"start":{"line":253,"column":55},"end":{"line":253,"column":81}},"98":{"start":{"line":255,"column":6},"end":{"line":264,"column":8}},"99":{"start":{"line":268,"column":4},"end":{"line":268,"column":62}},"100":{"start":{"line":268,"column":29},"end":{"line":268,"column":60}},"101":{"start":{"line":270,"column":4},"end":{"line":270,"column":31}},"102":{"start":{"line":272,"column":4},"end":{"line":272,"column":25}},"103":{"start":{"line":273,"column":4},"end":{"line":273,"column":83}},"104":{"start":{"line":283,"column":2},"end":{"line":313,"column":3}},"105":{"start":{"line":284,"column":21},"end":{"line":284,"column":30}},"106":{"start":{"line":287,"column":19},"end":{"line":287,"column":63}},"107":{"start":{"line":288,"column":19},"end":{"line":288,"column":33}},"108":{"start":{"line":289,"column":4},"end":{"line":289,"column":32}},"109":{"start":{"line":290,"column":16},"end":{"line":290,"column":30}},"110":{"start":{"line":291,"column":4},"end":{"line":291,"column":34}},"111":{"start":{"line":293,"column":39},"end":{"line":293,"column":100}},"112":{"start":{"line":294,"column":46},"end":{"line":294,"column":48}},"113":{"start":{"line":297,"column":4},"end":{"line":301,"column":5}},"114":{"start":{"line":298,"column":6},"end":{"line":300,"column":9}},"115":{"start":{"line":303,"column":18},"end":{"line":303,"column":73}},"116":{"start":{"line":303,"column":62},"end":{"line":303,"column":69}},"117":{"start":{"line":305,"column":4},"end":{"line":309,"column":7}},"118":{"start":{"line":311,"column":4},"end":{"line":311,"column":25}},"119":{"start":{"line":312,"column":4},"end":{"line":312,"column":80}},"120":{"start":{"line":323,"column":2},"end":{"line":353,"column":3}},"121":{"start":{"line":324,"column":28},"end":{"line":324,"column":37}},"122":{"start":{"line":326,"column":43},"end":{"line":326,"column":45}},"123":{"start":{"line":328,"column":4},"end":{"line":334,"column":5}},"124":{"start":{"line":329,"column":25},"end":{"line":329,"column":51}},"125":{"start":{"line":330,"column":6},"end":{"line":330,"column":38}},"126":{"start":{"line":331,"column":22},"end":{"line":331,"column":45}},"127":{"start":{"line":332,"column":6},"end":{"line":332,"column":40}},"128":{"start":{"line":333,"column":6},"end":{"line":333,"column":57}},"129":{"start":{"line":336,"column":23},"end":{"line":336,"column":59}},"130":{"start":{"line":337,"column":23},"end":{"line":337,"column":94}},"131":{"start":{"line":340,"column":17},"end":{"line":342,"column":14}},"132":{"start":{"line":344,"column":4},"end":{"line":349,"column":7}},"133":{"start":{"line":351,"column":4},"end":{"line":351,"column":25}},"134":{"start":{"line":352,"column":4},"end":{"line":352,"column":80}},"135":{"start":{"line":362,"column":2},"end":{"line":419,"column":3}},"136":{"start":{"line":363,"column":17},"end":{"line":363,"column":27}},"137":{"start":{"line":366,"column":22},"end":{"line":366,"column":61}},"138":{"start":{"line":367,"column":30},"end":{"line":367,"column":44}},"139":{"start":{"line":368,"column":4},"end":{"line":368,"column":64}},"140":{"start":{"line":369,"column":4},"end":{"line":369,"column":43}},"141":{"start":{"line":372,"column":32},"end":{"line":372,"column":59}},"142":{"start":{"line":373,"column":4},"end":{"line":373,"column":65}},"143":{"start":{"line":374,"column":29},"end":{"line":374,"column":56}},"144":{"start":{"line":375,"column":4},"end":{"line":375,"column":41}},"145":{"start":{"line":379,"column":22},"end":{"line":381,"column":8}},"146":{"start":{"line":382,"column":20},"end":{"line":382,"column":77}},"147":{"start":{"line":382,"column":47},"end":{"line":382,"column":73}},"148":{"start":{"line":383,"column":6},"end":{"line":389,"column":8}},"149":{"start":{"line":393,"column":41},"end":{"line":396,"column":6}},"150":{"start":{"line":399,"column":21},"end":{"line":401,"column":30}},"151":{"start":{"line":403,"column":4},"end":{"line":415,"column":7}},"152":{"start":{"line":417,"column":4},"end":{"line":417,"column":25}},"153":{"start":{"line":418,"column":4},"end":{"line":418,"column":79}}},"fnMap":{"0":{"name":"resumoDia","decl":{"start":{"line":10,"column":22},"end":{"line":10,"column":31}},"loc":{"start":{"line":10,"column":59},"end":{"line":61,"column":1}}},"1":{"name":"(anonymous_2)","decl":{"start":{"line":28,"column":48},"end":{"line":28,"column":49}},"loc":{"start":{"line":28,"column":53},"end":{"line":28,"column":76}}},"2":{"name":"(anonymous_3)","decl":{"start":{"line":29,"column":48},"end":{"line":29,"column":49}},"loc":{"start":{"line":29,"column":53},"end":{"line":29,"column":77}}},"3":{"name":"(anonymous_4)","decl":{"start":{"line":32,"column":48},"end":{"line":32,"column":49}},"loc":{"start":{"line":32,"column":60},"end":{"line":32,"column":86}}},"4":{"name":"(anonymous_5)","decl":{"start":{"line":40,"column":52},"end":{"line":40,"column":53}},"loc":{"start":{"line":40,"column":57},"end":{"line":40,"column":71}}},"5":{"name":"(anonymous_6)","decl":{"start":{"line":42,"column":31},"end":{"line":42,"column":32}},"loc":{"start":{"line":42,"column":42},"end":{"line":45,"column":9}}},"6":{"name":"faturamentoPeriodo","decl":{"start":{"line":68,"column":22},"end":{"line":68,"column":40}},"loc":{"start":{"line":68,"column":68},"end":{"line":141,"column":1}}},"7":{"name":"(anonymous_8)","decl":{"start":{"line":100,"column":38},"end":{"line":100,"column":39}},"loc":{"start":{"line":100,"column":43},"end":{"line":100,"column":66}}},"8":{"name":"(anonymous_9)","decl":{"start":{"line":101,"column":38},"end":{"line":101,"column":39}},"loc":{"start":{"line":101,"column":43},"end":{"line":101,"column":67}}},"9":{"name":"(anonymous_10)","decl":{"start":{"line":103,"column":46},"end":{"line":103,"column":47}},"loc":{"start":{"line":103,"column":58},"end":{"line":103,"column":84}}},"10":{"name":"(anonymous_11)","decl":{"start":{"line":110,"column":22},"end":{"line":110,"column":28}},"loc":{"start":{"line":110,"column":31},"end":{"line":113,"column":5}}},"11":{"name":"(anonymous_12)","decl":{"start":{"line":129,"column":40},"end":{"line":129,"column":41}},"loc":{"start":{"line":129,"column":46},"end":{"line":135,"column":8}}},"12":{"name":"rankingProdutos","decl":{"start":{"line":148,"column":22},"end":{"line":148,"column":37}},"loc":{"start":{"line":148,"column":65},"end":{"line":209,"column":1}}},"13":{"name":"(anonymous_14)","decl":{"start":{"line":183,"column":25},"end":{"line":183,"column":29}},"loc":{"start":{"line":183,"column":32},"end":{"line":190,"column":5}}},"14":{"name":"(anonymous_15)","decl":{"start":{"line":194,"column":11},"end":{"line":194,"column":12}},"loc":{"start":{"line":194,"column":29},"end":{"line":198,"column":8}}},"15":{"name":"(anonymous_16)","decl":{"start":{"line":199,"column":12},"end":{"line":199,"column":13}},"loc":{"start":{"line":199,"column":22},"end":{"line":199,"column":49}}},"16":{"name":"pedidosPorAtendente","decl":{"start":{"line":216,"column":22},"end":{"line":216,"column":41}},"loc":{"start":{"line":216,"column":69},"end":{"line":275,"column":1}}},"17":{"name":"(anonymous_18)","decl":{"start":{"line":249,"column":37},"end":{"line":249,"column":46}},"loc":{"start":{"line":249,"column":49},"end":{"line":265,"column":5}}},"18":{"name":"(anonymous_19)","decl":{"start":{"line":251,"column":39},"end":{"line":251,"column":40}},"loc":{"start":{"line":251,"column":44},"end":{"line":251,"column":67}}},"19":{"name":"(anonymous_20)","decl":{"start":{"line":252,"column":40},"end":{"line":252,"column":41}},"loc":{"start":{"line":252,"column":45},"end":{"line":252,"column":69}}},"20":{"name":"(anonymous_21)","decl":{"start":{"line":253,"column":43},"end":{"line":253,"column":44}},"loc":{"start":{"line":253,"column":55},"end":{"line":253,"column":81}}},"21":{"name":"(anonymous_22)","decl":{"start":{"line":268,"column":19},"end":{"line":268,"column":20}},"loc":{"start":{"line":268,"column":29},"end":{"line":268,"column":60}}},"22":{"name":"pedidosPorStatus","decl":{"start":{"line":282,"column":22},"end":{"line":282,"column":38}},"loc":{"start":{"line":282,"column":66},"end":{"line":314,"column":1}}},"23":{"name":"(anonymous_24)","decl":{"start":{"line":303,"column":50},"end":{"line":303,"column":51}},"loc":{"start":{"line":303,"column":62},"end":{"line":303,"column":69}}},"24":{"name":"taxaCancelamento","decl":{"start":{"line":322,"column":22},"end":{"line":322,"column":38}},"loc":{"start":{"line":322,"column":66},"end":{"line":354,"column":1}}},"25":{"name":"comparativoSemanal","decl":{"start":{"line":361,"column":22},"end":{"line":361,"column":40}},"loc":{"start":{"line":361,"column":68},"end":{"line":420,"column":1}}},"26":{"name":"resumoSemana","decl":{"start":{"line":378,"column":19},"end":{"line":378,"column":31}},"loc":{"start":{"line":378,"column":55},"end":{"line":390,"column":5}}},"27":{"name":"(anonymous_28)","decl":{"start":{"line":382,"column":35},"end":{"line":382,"column":36}},"loc":{"start":{"line":382,"column":47},"end":{"line":382,"column":73}}}},"branchMap":{"0":{"loc":{"start":{"line":35,"column":24},"end":{"line":37,"column":9}},"type":"cond-expr","locations":[{"start":{"line":36,"column":8},"end":{"line":36,"column":45}},{"start":{"line":37,"column":8},"end":{"line":37,"column":9}}]},"1":{"loc":{"start":{"line":41,"column":30},"end":{"line":46,"column":9}},"type":"cond-expr","locations":[{"start":{"line":42,"column":8},"end":{"line":45,"column":38}},{"start":{"line":46,"column":8},"end":{"line":46,"column":9}}]},"2":{"loc":{"start":{"line":73,"column":4},"end":{"line":77,"column":5}},"type":"if","locations":[{"start":{"line":73,"column":4},"end":{"line":77,"column":5}}]},"3":{"loc":{"start":{"line":73,"column":8},"end":{"line":73,"column":23}},"type":"binary-expr","locations":[{"start":{"line":73,"column":8},"end":{"line":73,"column":15}},{"start":{"line":73,"column":19},"end":{"line":73,"column":23}}]},"4":{"loc":{"start":{"line":85,"column":4},"end":{"line":87,"column":5}},"type":"if","locations":[{"start":{"line":85,"column":4},"end":{"line":87,"column":5}}]},"5":{"loc":{"start":{"line":85,"column":8},"end":{"line":85,"column":63}},"type":"binary-expr","locations":[{"start":{"line":85,"column":8},"end":{"line":85,"column":35}},{"start":{"line":85,"column":39},"end":{"line":85,"column":63}}]},"6":{"loc":{"start":{"line":104,"column":24},"end":{"line":106,"column":9}},"type":"cond-expr","locations":[{"start":{"line":105,"column":8},"end":{"line":105,"column":43}},{"start":{"line":106,"column":8},"end":{"line":106,"column":9}}]},"7":{"loc":{"start":{"line":112,"column":32},"end":{"line":112,"column":59}},"type":"binary-expr","locations":[{"start":{"line":112,"column":32},"end":{"line":112,"column":54}},{"start":{"line":112,"column":58},"end":{"line":112,"column":59}}]},"8":{"loc":{"start":{"line":157,"column":4},"end":{"line":167,"column":5}},"type":"if","locations":[{"start":{"line":157,"column":4},"end":{"line":167,"column":5}}]},"9":{"loc":{"start":{"line":157,"column":8},"end":{"line":157,"column":21}},"type":"binary-expr","locations":[{"start":{"line":157,"column":8},"end":{"line":157,"column":14}},{"start":{"line":157,"column":18},"end":{"line":157,"column":21}}]},"10":{"loc":{"start":{"line":185,"column":6},"end":{"line":187,"column":7}},"type":"if","locations":[{"start":{"line":185,"column":6},"end":{"line":187,"column":7}}]},"11":{"loc":{"start":{"line":222,"column":4},"end":{"line":228,"column":5}},"type":"if","locations":[{"start":{"line":222,"column":4},"end":{"line":228,"column":5}}]},"12":{"loc":{"start":{"line":222,"column":8},"end":{"line":222,"column":21}},"type":"binary-expr","locations":[{"start":{"line":222,"column":8},"end":{"line":222,"column":14}},{"start":{"line":222,"column":18},"end":{"line":222,"column":21}}]},"13":{"loc":{"start":{"line":287,"column":19},"end":{"line":287,"column":63}},"type":"cond-expr","locations":[{"start":{"line":287,"column":26},"end":{"line":287,"column":50}},{"start":{"line":287,"column":53},"end":{"line":287,"column":63}}]},"14":{"loc":{"start":{"line":328,"column":4},"end":{"line":334,"column":5}},"type":"if","locations":[{"start":{"line":328,"column":4},"end":{"line":334,"column":5}}]},"15":{"loc":{"start":{"line":328,"column":8},"end":{"line":328,"column":21}},"type":"binary-expr","locations":[{"start":{"line":328,"column":8},"end":{"line":328,"column":14}},{"start":{"line":328,"column":18},"end":{"line":328,"column":21}}]},"16":{"loc":{"start":{"line":340,"column":17},"end":{"line":342,"column":14}},"type":"cond-expr","locations":[{"start":{"line":341,"column":8},"end":{"line":341,"column":47}},{"start":{"line":342,"column":8},"end":{"line":342,"column":14}}]},"17":{"loc":{"start":{"line":345,"column":24},"end":{"line":345,"column":65}},"type":"cond-expr","locations":[{"start":{"line":345,"column":40},"end":{"line":345,"column":55}},{"start":{"line":345,"column":58},"end":{"line":345,"column":65}}]},"18":{"loc":{"start":{"line":345,"column":24},"end":{"line":345,"column":37}},"type":"binary-expr","locations":[{"start":{"line":345,"column":24},"end":{"line":345,"column":30}},{"start":{"line":345,"column":34},"end":{"line":345,"column":37}}]},"19":{"loc":{"start":{"li
[...]
:{"line":23,"column":6}},"8":{"start":{"line":25,"column":4},"end":{"line":25,"column":30}},"9":{"start":{"line":27,"column":4},"end":{"line":27,"column":70}},"10":{"start":{"line":37,"column":2},"end":{"line":75,"column":3}},"11":{"start":{"line":38,"column":43},"end":{"line":38,"column":51}},"12":{"start":{"line":41,"column":4},"end":{"line":43,"column":5}},"13":{"start":{"line":42,"column":6},"end":{"line":42,"column":89}},"14":{"start":{"line":46,"column":19},"end":{"line":46,"column":74}},"15":{"start":{"line":47,"column":4},"end":{"line":49,"column":5}},"16":{"start":{"line":48,"column":6},"end":{"line":48,"column":84}},"17":{"start":{"line":52,"column":31},"end":{"line":52,"column":59}},"18":{"start":{"line":54,"column":17},"end":{"line":70,"column":6}},"19":{"start":{"line":72,"column":4},"end":{"line":72,"column":38}},"20":{"start":{"line":74,"column":4},"end":{"line":74,"column":70}},"21":{"start":{"line":84,"column":2},"end":{"line":123,"column":3}},"22":{"start":{"line":85,"column":15},"end":{"line":85,"column":38}},"23":{"start":{"line":86,"column":50},"end":{"line":86,"column":58}},"24":{"start":{"line":89,"column":19},"end":{"line":89,"column":69}},"25":{"start":{"line":90,"column":4},"end":{"line":92,"column":5}},"26":{"start":{"line":91,"column":6},"end":{"line":91,"column":74}},"27":{"start":{"line":96,"column":42},"end":{"line":96,"column":44}},"28":{"start":{"line":97,"column":4},"end":{"line":97,"column":51}},"29":{"start":{"line":97,"column":31},"end":{"line":97,"column":51}},"30":{"start":{"line":98,"column":4},"end":{"line":98,"column":54}},"31":{"start":{"line":98,"column":31},"end":{"line":98,"column":54}},"32":{"start":{"line":99,"column":4},"end":{"line":99,"column":51}},"33":{"start":{"line":99,"column":31},"end":{"line":99,"column":51}},"34":{"start":{"line":100,"column":4},"end":{"line":100,"column":52}},"35":{"start":{"line":100,"column":31},"end":{"line":100,"column":52}},"36":{"start":{"line":103,"column":4},"end":{"line":105,"column":5}},"37":{"start":{"line":104,"column":6},"end":{"line":104,"column":48}},"38":{"start":{"line":107,"column":23},"end":{"line":118,"column":6}},"39":{"start":{"line":120,"column":4},"end":{"line":120,"column":32}},"40":{"start":{"line":122,"column":4},"end":{"line":122,"column":70}},"41":{"start":{"line":132,"column":2},"end":{"line":147,"column":3}},"42":{"start":{"line":133,"column":15},"end":{"line":133,"column":38}},"43":{"start":{"line":136,"column":19},"end":{"line":136,"column":69}},"44":{"start":{"line":137,"column":4},"end":{"line":139,"column":5}},"45":{"start":{"line":138,"column":6},"end":{"line":138,"column":74}},"46":{"start":{"line":141,"column":4},"end":{"line":141,"column":51}},"47":{"start":{"line":143,"column":4},"end":{"line":143,"column":71}},"48":{"start":{"line":145,"column":4},"end":{"line":145,"column":45}},"49":{"start":{"line":146,"column":4},"end":{"line":146,"column":73}}},"fnMap":{"0":{"name":"listar","decl":{"start":{"line":10,"column":22},"end":{"line":10,"column":28}},"loc":{"start":{"line":10,"column":56},"end":{"line":29,"column":1}}},"1":{"name":"criar","decl":{"start":{"line":36,"column":22},"end":{"line":36,"column":27}},"loc":{"start":{"line":36,"column":55},"end":{"line":76,"column":1}}},"2":{"name":"atualizar","decl":{"start":{"line":83,"column":22},"end":{"line":83,"column":31}},"loc":{"start":{"line":83,"column":59},"end":{"line":124,"column":1}}},"3":{"name":"deletar","decl":{"start":{"line":131,"column":22},"end":{"line":131,"column":29}},"loc":{"start":{"line":131,"column":57},"end":{"line":148,"column":1}}}},"branchMap":{"0":{"loc":{"start":{"line":41,"column":4},"end":{"line":43,"column":5}},"type":"if","locations":[{"start":{"line":41,"column":4},"end":{"line":43,"column":5}}]},"1":{"loc":{"start":{"line":41,"column":8},"end":{"line":41,"column":35}},"type":"binary-expr","locations":[{"start":{"line":41,"column":8},"end":{"line":41,"column":16}},{"start":{"line":41,"column":20},"end":{"line":41,"column":25}},{"start":{"line":41,"column":29},"end":{"line":41,"column":35}}]},"2":{"loc":{"start":{"line":47,"column":4},"end":{"line":49,"column":5}},"type":"if","locations":[{"start":{"line":47,"column":4},"end":{"line":49,"column":5}}]},"3":{"loc":{"start":{"line":60,"column":14},"end":{"line":60,"column":33}},"type":"binary-expr","locations":[{"start":{"line":60,"column":14},"end":{"line":60,"column":18}},{"start":{"line":60,"column":22},"end":{"line":60,"column":33}}]},"4":{"loc":{"start":{"line":90,"column":4},"end":{"line":92,"column":5}},"type":"if","locations":[{"start":{"line":90,"column":4},"end":{"line":92,"column":5}}]},"5":{"loc":{"start":{"line":97,"column":4},"end":{"line":97,"column":51}},"type":"if","locations":[{"start":{"line":97,"column":4},"end":{"line":97,"column":51}}]},"6":{"loc":{"start":{"line":98,"column":4},"end":{"line":98,"column":54}},"type":"if","locations":[{"start":{"line":98,"column":4},"end":{"line":98,"column":54}}]},"7":{"loc":{"start":{"line":99,"column":4},"end":{"line":99,"column":51}},"type":"if","locations":[{"start":{"line":99,"column":4},"end":{"line":99,"column":51}}]},"8":{"loc":{"start":{"line":100,"column":4},"end":{"line":100,"column":52}},"type":"if","locations":[{"start":{"line":100,"column":4},"end":{"line":100,"column":52}}]},"9":{"loc":{"start":{"line":103,"column":4},"end":{"line":105,"column":5}},"type":"if","locations":[{"start":{"line":103,"column":4},"end":{"line":105,"column":5}}]},"10":{"loc":{"start":{"line":137,"column":4},"end":{"line":139,"column":5}},"type":"if","locations":[{"start":{"line":137,"column":4},"end":{"line":139,"column":5}}]}},"s":{"0":2,"1":2,"2":2,"3":2,"4":2,"5":2,"6":4,"7":4,"8":2,"9":2,"10":10,"11":10,"12":10,"13":2,"14":8,"15":6,"16":2,"17":4,"18":4,"19":4,"20":2,"21":8,"22":8,"23":8,"24":8,"25":6,"26":2,"27":4,"28":4,"29":2,"30":4,"31":0,"32":4,"33":0,"34":4,"35":0,"36":4,"37":2,"38":4,"39":4,"40":2,"41":6,"42":6,"43":6,"44":4,"45":2,"46":2,"47":2,"48":2,"49":2},"f":{"0":4,"1":10,"2":8,"3":6},"b":{"0":[2],"1":[10,10,8],"2":[2],"3":[4,2],"4":[2],"5":[2],"6":[0],"7":[0],"8":[0],"9":[2],"10":[2]}}
,"C:\\dev\\workspace\\mestre-dos-tragos\\backend\\src\\middlewares\\auth.ts": {"path":"C:\\dev\\workspace\\mestre-dos-tragos\\backend\\src\\middlewares\\auth.ts","statementMap":{"0":{"start":{"line":11,"column":0},"end":{"line":11,"column":16}},"1":{"start":{"line":2,"column":0},"end":{"line":2,"column":31}},"2":{"start":{"line":12,"column":2},"end":{"line":44,"column":3}},"3":{"start":{"line":13,"column":23},"end":{"line":13,"column":48}},"4":{"start":{"line":15,"column":4},"end":{"line":19,"column":5}},"5":{"start":{"line":16,"column":6},"end":{"line":18,"column":9}},"6":{"start":{"line":21,"column":22},"end":{"line":21,"column":43}},"7":{"start":{"line":23,"column":4},"end":{"line":27,"column":5}},"8":{"start":{"line":24,"column":6},"end":{"line":26,"column":9}},"9":{"start":{"line":29,"column":20},"end":{"line":31,"column":null}},"10":{"start":{"line":34,"column":4},"end":{"line":37,"column":6}},"11":{"start":{"line":39,"column":4},"end":{"line":39,"column":18}},"12":{"start":{"line":41,"column":4},"end":{"line":43,"column":7}}},"fnMap":{"0":{"name":"autenticar","decl":{"start":{"line":11,"column":16},"end":{"line":11,"column":26}},"loc":{"start":{"line":11,"column":74},"end":{"line":45,"column":1}}}},"branchMap":{"0":{"loc":{"start":{"line":15,"column":4},"end":{"line":19,"column":5}},"type":"if","locations":[{"start":{"line":15,"column":4},"end":{"line":19,"column":5}}]},"1":{"loc":{"start":{"line":23,"column":4},"end":{"line":27,"column":5}},"type":"if","locations":[{"start":{"line":23,"column":4},"end":{"line":27,"column":5}}]},"2":{"loc":{"start":{"line":31,"column":6},"end":{"line":31,"column":47}},"type":"binary-expr","locations":[{"start":{"line":31,"column":6},"end":{"line":31,"column":28}},{"start":{"line":31,"column":32},"end":{"line":31,"column":47}}]}},"s":{"0":1,"1":1,"2":4,"3":4,"4":4,"5":1,"6":3,"7":3,"8":1,"9":2,"10":1,"11":1,"12":1},"f":{"0":4},"b":{"0":[1],"1":[1],"2":[2,2]}}
,"C:\\dev\\workspace\\mestre-dos-tragos\\backend\\src\\middlewares\\checkRole.ts": {"path":"C:\\dev\\workspace\\mestre-dos-tragos\\backend\\src\\middlewares\\checkRole.ts","statementMap":{"0":{"start":{"line":12,"column":0},"end":{"line":12,"column":16}},"1":{"start":{"line":13,"column":2},"end":{"line":31,"column":4}},"2":{"start":{"line":14,"column":20},"end":{"line":14,"column":31}},"3":{"start":{"line":16,"column":4},"end":{"line":20,"column":5}},"4":{"start":{"line":17,"column":6},"end":{"line":19,"column":9}},"5":{"start":{"line":22,"column":25},"end":{"line":22,"column":63}},"6":{"start":{"line":24,"column":4},"end":{"line":28,"column":5}},"7":{"start":{"line":25,"column":6},"end":{"line":27,"column":9}},"8":{"start":{"line":30,"column":4},"end":{"line":30,"column":18}}},"fnMap":{"0":{"name":"checkRole","decl":{"start":{"line":12,"column":16},"end":{"line":12,"column":25}},"loc":{"start":{"line":12,"column":49},"end":{"line":32,"column":1}}},"1":{"name":"(anonymous_1)","decl":{"start":{"line":13,"column":9},"end":{"line":13,"column":10}},"loc":{"start":{"line":13,"column":61},"end":{"line":31,"column":3}}}},"branchMap":{"0":{"loc":{"start":{"line":16,"column":4},"end":{"line":20,"column":5}},"type":"if","locations":[{"start":{"line":16,"column":4},"end":{"line":20,"column":5}}]},"1":{"loc":{"start":{"line":24,"column":4},"end":{"line":28,"column":5}},"type":"if","locations":[{"start":{"line":24,"column":4},"end":{"line":28,"column":5}}]}},"s":{"0":1,"1":3,"2":3,"3":3,"4":1,"5":2,"6":2,"7":1,"8":1},"f":{"0":3,"1":3},"b":{"0":[1],"1":[1]}}
,"C:\\dev\\workspace\\mestre-dos-tragos\\backend\\src\\middlewares\\errorHandler.ts": {"path":"C:\\dev\\workspace\\mestre-dos-tragos\\backend\\src\\middlewares\\errorHandler.ts","statementMap":{"0":{"start":{"line":8,"column":0},"end":{"line":8,"column":16}},"1":{"start":{"line":14,"column":2},"end":{"line":14,"column":43}},"2":{"start":{"line":16,"column":2},"end":{"line":18,"column":5}}},"fnMap":{"0":{"name":"errorHandler","decl":{"start":{"line":8,"column":16},"end":{"line":8,"column":28}},"loc":{"start":{"line":12,"column":21},"end":{"line":19,"column":1}}}},"branchMap":{},"s":{"0":1,"1":1,"2":1},"f":{"0":1},"b":{}}
,"C:\\dev\\workspace\\mestre-dos-tragos\\backend\\src\\modules\\dashboard\\dashboard.controller.ts": {"path":"C:\\dev\\workspace\\mestre-dos-tragos\\backend\\src\\modules\\dashboard\\dashboard.controller.ts","statementMap":{"0":{"start":{"line":13,"column":0},"end":{"line":13,"column":7}},"1":{"start":{"line":26,"column":0},"end":{"line":26,"column":7}},"2":{"start":{"line":39,"column":0},"end":{"line":39,"column":7}},"3":{"start":{"line":52,"column":0},"end":{"line":52,"column":7}},"4":{"start":{"line":2,"column":0},"end":{"line":2,"column":null}},"5":{"start":{"line":14,"column":2},"end":{"line":19,"column":3}},"6":{"start":{"line":15,"column":17},"end":{"line":15,"column":40}},"7":{"start":{"line":16,"column":4},"end":{"line":16,"column":19}},"8":{"start":{"line":18,"column":4},"end":{"line":18,"column":71}},"9":{"start":{"line":27,"column":2},"end":{"line":32,"column":3}},"10":{"start":{"line":28,"column":17},"end":{"line":28,"column":39}},"11":{"start":{"line":29,"column":4},"end":{"line":29,"column":19}},"12":{"start":{"line":31,"column":4},"end":{"line":31,"column":68}},"13":{"start":{"line":40,"column":2},"end":{"line":45,"column":3}},"14":{"start":{"line":41,"column":17},"end":{"line":41,"column":39}},"15":{"start":{"line":42,"column":4},"end":{"line":42,"column":19}},"16":{"start":{"line":44,"column":4},"end":{"line":44,"column":68}},"17":{"start":{"line":53,"column":19},"end":{"line":53,"column":55}},"18":{"start":{"line":56,"column":2},"end":{"line":58,"column":3}},"19":{"start":{"line":57,"column":4},"end":{"line":57,"column":84}},"20":{"start":{"line":60,"column":2},"end":{"line":65,"column":3}},"21":{"start":{"line":61,"column":17},"end":{"line":61,"column":77}},"22":{"start":{"line":62,"column":4},"end":{"line":62,"column":19}},"23":{"start":{"line":64,"column":4},"end":{"line":64,"column":79}}},"fnMap":{"0":{"name":"metricasHoje","decl":{"start":{"line":13,"column":22},"end":{"line":13,"column":34}},"loc":{"start":{"line":13,"column":62},"end":{"line":20,"column":1}}},"1":{"name":"resumoGeral","decl":{"start":{"line":26,"column":22},"end":{"line":26,"column":33}},"loc":{"start":{"line":26,"column":61},"end":{"line":33,"column":1}}},"2":{"name":"topProdutos","decl":{"start":{"line":39,"column":22},"end":{"line":39,"column":33}},"loc":{"start":{"line":39,"column":61},"end":{"line":46,"column":1}}},"3":{"name":"faturamentoPeriodo","decl":{"start":{"line":52,"column":22},"end":{"line":52,"column":40}},"loc":{"start":{"line":52,"column":68},"end":{"line":66,"column":1}}}},"branchMap":{"0":{"loc":{"start":{"line":53,"column":19},"end":{"line":53,"column":55}},"type":"binary-expr","locations":[{"start":{"line":53,"column":19},"end":{"line":53,"column":47}},{"start":{"line":53,"column":51},"end":{"line":53,"column":55}}]},"1":{"loc":{"start":{"line":56,"column":2},"end":{"line":58,"column":3}},"type":"if","locations":[{"start":{"line":56,"column":2},"end":{"line":58,"column":3}}]}},"s":{"0":1,"1":1,"2":1,"3":1,"4":1,"5":2,"6":2,"7":1,"8":1,"9":2,"10":2,"11":1,"12":1,"13":2,"14":2,"15":1,"16":1,"17":4,"18":4,"19":1,"20":3,"21":3,"22":2,"23":1},"f":{"0":2,"1":2,"2":2,"3":4},"b":{"0":[4,1],"1":[1]}}
,"C:\\dev\\workspace\\mestre-dos-tragos\\backend\\src\\modules\\dashboard\\dashboard.service.ts": {"path":"C:\\dev\\workspace\\mestre-dos-tragos\\backend\\src\\modules\\dashboard\\dashboard.service.ts","statementMap":{"0":{"start":{"line":8,"column":0},"end":{"line":8,"column":7}},"1":{"start":{"line":53,"column":0},"end":{"line":53,"column":7}},"2":{"start":{"line":92,"column":0},"end":{"line":92,"column":7}},"3":{"start":{"line":127,"column":0},"end":{"line":127,"column":7}},"4":{"start":{"line":1,"column":0},"end":{"line":1,"column":41}},"5":{"start":{"line":9,"column":15},"end":{"line":9,"column":25}},"6":{"start":{"line":10,"column":2},"end":{"line":10,"column":28}},"7":{"start":{"line":12,"column":17},"end":{"line":12,"column":31}},"8":{"start":{"line":13,"column":2},"end":{"line":13,"column":39}},"9":{"start":{"line":16,"column":22},"end":{"line":22,"column":4}},"10":{"start":{"line":24,"column":26},"end":{"line":25,"column":null}},"11":{"start":{"line":25,"column":16},"end":{"line":25,"column":42}},"12":{"start":{"line":29,"column":27},"end":{"line":33,"column":4}},"13":{"start":{"line":36,"column":22},"end":{"line":38,"column":7}},"14":{"start":{"line":40,"column":2},"end":{"line":45,"column":4}},"15":{"start":{"line":55,"column":4},"end":{"line":77,"column":6}},"16":{"start":{"line":79,"column":2},"end":{"line":84,"column":4}},"17":{"start":{"line":94,"column":16},"end":{"line":102,"column":4}},"18":{"start":{"line":104,"column":22},"end":{"line":104,"column":49}},"19":{"start":{"line":104,"column":37},"end":{"line":104,"column":48}},"20":{"start":{"line":107,"column":19},"end":{"line":110,"column":4}},"21":{"start":{"line":113,"column":2},"end":{"line":119,"column":5}},"22":{"start":{"line":114,"column":20},"end":{"line":114,"column":63}},"23":{"start":{"line":114,"column":39},"end":{"line":114,"column":62}},"24":{"start":{"line":115,"column":4},"end":{"line":118,"column":6}},"25":{"start":{"line":128,"column":15},"end":{"line":128,"column":65}},"26":{"start":{"line":130,"column":21},"end":{"line":130,"column":31}},"27":{"start":{"line":131,"column":2},"end":{"line":131,"column":50}},"28":{"start":{"line":132,"column":2},"end":{"line":132,"column":34}},"29":{"start":{"line":134,"column":18},"end":{"line":144,"column":4}},"30":{"start":{"line":147,"column":17},"end":{"line":147,"column":76}},"31":{"start":{"line":149,"column":2},"end":{"line":158,"column":5}},"32":{"start":{"line":150,"column":16},"end":{"line":152,"column":2}},"33":{"start":{"line":153,"column":18},"end":{"line":153,"column":67}},"34":{"start":{"line":154,"column":4},"end":{"line":157,"column":7}},"35":{"start":{"line":160,"column":2},"end":{"line":164,"column":6}},"36":{"start":{"line":160,"column":64},"end":{"line":164,"column":4}}},"fnMap":{"0":{"name":"getMetricasHoje","decl":{"start":{"line":8,"column":22},"end":{"line":8,"column":37}},"loc":{"start":{"line":8,"column":37},"end":{"line":46,"column":1}}},"1":{"name":"(anonymous_2)","decl":{"start":{"line":25,"column":4},"end":{"line":25,"column":5}},"loc":{"start":{"line":25,"column":16},"end":{"line":25,"column":42}}},"2":{"name":"getResumoGeral","decl":{"start":{"line":53,"column":22},"end":{"line":53,"column":36}},"loc":{"start":{"line":53,"column":36},"end":{"line":85,"column":1}}},"3":{"name":"getTopProdutos","decl":{"start":{"line":92,"column":22},"end":{"line":92,"column":36}},"loc":{"start":{"line":92,"column":36},"end":{"line":120,"column":1}}},"4":{"name":"(anonymous_5)","decl":{"start":{"line":104,"column":32},"end":{"line":104,"column":33}},"loc":{"start":{"line":104,"column":37},"end":{"line":104,"column":48}}},"5":{"name":"(anonymous_6)","decl":{"start":{"line":113,"column":19},"end":{"line":113,"column":23}},"loc":{"start":{"line":113,"column":26},"end":{"line":119,"column":3}}},"6":{"name":"(anonymous_7)","decl":{"start":{"line":114,"column":34},"end":{"line":114,"column":35}},"loc":{"start":{"line":114,"column":39},"end":{"line":114,"column":62}}},"7":{"name":"getFaturamentoPeriodo","decl":{"start":{"line":127,"column":22},"end":{"line":127,"column":43}},"loc":{"start":{"line":127,"column":73},"end":{"line":165,"column":1}}},"8":{"name":"(anonymous_9)","decl":{"start":{"line":149,"column":18},"end":{"line":149,"column":19}},"loc":{"start":{"line":149,"column":22},"end":{"line":158,"column":3}}},"9":{"name":"(anonymous_10)","decl":{"start":{"line":160,"column":42},"end":{"line":160,"column":43}},"loc":{"start":{"line":160,"column":64},"end":{"line":164,"column":4}}}},"branchMap":{"0":{"loc":{"start":{"line":36,"column":22},"end":{"line":38,"column":7}},"type":"cond-expr","locations":[{"start":{"line":37,"column":6},"end":{"line":37,"column":42}},{"start":{"line":38,"column":6},"end":{"line":38,"column":7}}]},"1":{"loc":{"start":{"line":81,"column":29},"end":{"line":81,"column":66}},"type":"binary-expr","locations":[{"start":{"line":81,"column":29},"end":{"line":81,"column":61}},{"start":{"line":81,"column":65},"end":{"line":81,"column":66}}]},"2":{"loc":{"start":{"line":116,"column":18},"end":{"line":116,"column":53}},"type":"binary-expr","locations":[{"start":{"line":116,"column":18},"end":{"line":116,"column":31}},{"start":{"line":116,"column":35},"end":{"line":116,"column":53}}]},"3":{"loc":{"start":{"line":117,"column":18},"end":{"line":117,"column":43}},"type":"binary-expr","locations":[{"start":{"line":117,"column":18},"end":{"line":117,"column":38}},{"start":{"line":117,"column":42},"end":{"line":117,"column":43}}]},"4":{"loc":{"start":{"line":128,"column":15},"end":{"line":128,"column":65}},"type":"cond-expr","locations":[{"start":{"line":128,"column":34},"end":{"line":128,"column":35}},{"start":{"line":128,"column":38},"end":{"line":128,"column":65}}]},"5":{"loc":{"start":{"line":128,"column":38},"end":{"line":128,"column":65}},"type":"cond-expr","locations":[{"start":{"line":128,"column":58},"end":{"line":128,"column":60}},{"start":{"line":128,"column":63},"end":{"line":128,"column":65}}]},"6":{"loc":{"start":{"line":153,"column":18},"end":{"line":153,"column":67}},"type":"binary-expr","locations":[{"start":{"line":153,"column":18},"end":{"line":153,"column":33}},{"start":{"line":153,"column":37},"end":{"line":153,"column":67}}]}},"s":{"0":1,"1":1,"2":1,"3":1,"4":1,"5":2,"6":2,"7":2,"8":2,"9":2,"10":2,"11":2,"12":2,"13":2,"14":2,"15":2,"16":2,"17":2,"18":2,"19":3,"20":2,"21":2,"22":3,"23":3,"24":3,"25":2,"26":2,"27":2,"28":2,"29":2,"30":2,"31":2,"32":3,"33":3,"34":3,"35":2,"36":2},"f":{"0":2,"1":2,"2":2,"3":2,"4":3,"5":3,"6":3,"7":2,"8":3,"9":2},"b":{"0":[1,1],"1":[2,1],"2":[3,1],"3":[3,1],"4":[1,1],"5":[1,0],"6":[3,2]}}
}
