TN:
SF:src\controllers\adicionalController.ts
FN:9,listar
FN:28,buscarPorId
FN:52,criar
FN:62,(anonymous_4)
FN:90,editar
FN:108,(anonymous_6)
FN:136,desativar
FNF:7
FNH:7
FNDA:2,listar
FNDA:3,buscarPorId
FNDA:4,criar
FNDA:2,(anonymous_4)
FNDA:3,editar
FNDA:1,(anonymous_6)
FNDA:3,desativar
DA:2,1
DA:3,1
DA:4,1
DA:9,1
DA:10,2
DA:11,2
DA:19,1
DA:21,1
DA:28,1
DA:29,3
DA:30,3
DA:32,3
DA:39,2
DA:40,1
DA:43,1
DA:45,1
DA:52,1
DA:53,4
DA:54,4
DA:56,3
DA:62,2
DA:74,2
DA:79,2
DA:80,1
DA:83,1
DA:90,1
DA:91,3
DA:92,3
DA:93,3
DA:95,3
DA:96,2
DA:97,1
DA:100,1
DA:108,1
DA:120,1
DA:125,1
DA:126,0
DA:129,1
DA:136,1
DA:137,3
DA:138,3
DA:140,3
DA:141,2
DA:142,1
DA:145,1
DA:150,1
DA:152,1
LF:47
LH:46
BRDA:39,0,0,1
BRDA:60,1,0,3
BRDA:60,1,1,1
BRDA:60,1,2,1
BRDA:79,2,0,1
BRDA:96,3,0,1
BRDA:103,4,0,1
BRDA:103,4,1,1
BRDA:104,5,0,1
BRDA:104,5,1,0
BRDA:105,6,0,1
BRDA:105,6,1,1
BRDA:105,6,2,1
BRDA:125,7,0,0
BRDA:141,8,0,1
BRF:15
BRH:13
end_of_record
TN:
SF:src\controllers\authController.ts
FN:16,listarFuncionarios
FN:34,cadastrar
FN:70,login
FN:118,editarFuncionario
FN:156,deletarFuncionario
FNF:5
FNH:5
FNDA:2,listarFuncionarios
FNDA:5,cadastrar
FNDA:6,login
FNDA:3,editarFuncionario
FNDA:2,deletarFuncionario
DA:2,1
DA:3,1
DA:4,1
DA:5,1
DA:6,1
DA:16,1
DA:17,2
DA:18,2
DA:24,1
DA:26,1
DA:34,1
DA:35,5
DA:36,5
DA:38,4
DA:39,3
DA:40,1
DA:43,2
DA:45,2
DA:55,2
DA:57,2
DA:58,1
DA:61,1
DA:70,1
DA:71,6
DA:72,6
DA:74,5
DA:76,4
DA:77,1
DA:80,3
DA:81,1
DA:84,2
DA:85,2
DA:86,1
DA:89,1
DA:95,1
DA:106,2
DA:107,1
DA:110,1
DA:118,1
DA:119,3
DA:120,3
DA:121,3
DA:129,3
DA:131,3
DA:132,1
DA:135,3
DA:141,2
DA:143,1
DA:144,0
DA:147,1
DA:156,1
DA:157,2
DA:158,2
DA:160,2
DA:162,1
DA:164,1
LF:56
LH:55
BRDA:39,0,0,1
BRDA:50,1,0,2
BRDA:50,1,1,1
BRDA:57,2,0,1
BRDA:76,3,0,1
BRDA:80,4,0,1
BRDA:85,5,0,1
BRDA:91,6,0,1
BRDA:91,6,1,1
BRDA:106,7,0,1
BRDA:131,8,0,1
BRDA:143,9,0,0
BRF:12
BRH:11
end_of_record
TN:
SF:src\controllers\categoriaController.ts
FN:10,listar
FN:28,criar
FN:64,editar
FN:101,desativar
FNF:4
FNH:4
FNDA:2,listar
FNDA:4,criar
FNDA:4,editar
FNDA:4,desativar
DA:2,1
DA:3,1
DA:4,1
DA:10,1
DA:11,2
DA:12,2
DA:17,1
DA:20,1
DA:28,1
DA:29,4
DA:30,4
DA:32,3
DA:36,2
DA:37,1
DA:42,1
DA:46,1
DA:52,2
DA:53,1
DA:56,1
DA:64,1
DA:65,4
DA:67,4
DA:68,4
DA:70,3
DA:74,2
DA:75,1
DA:78,1
DA:83,1
DA:89,2
DA:90,1
DA:93,1
DA:101,1
DA:102,4
DA:104,4
DA:106,4
DA:110,3
DA:111,1
DA:114,2
DA:121,2
DA:122,1
DA:127,1
DA:132,1
DA:135,1
LF:43
LH:43
BRDA:36,0,0,1
BRDA:52,1,0,1
BRDA:74,2,0,1
BRDA:89,3,0,1
BRDA:110,4,0,1
BRDA:121,5,0,1
BRF:6
BRH:6
end_of_record
TN:
SF:src\controllers\pedidoController.ts
FN:31,calcularPrecoItem
FN:54,(anonymous_2)
FN:76,(anonymous_3)
FN:83,(anonymous_4)
FN:90,criar
FN:170,listar
FN:179,(anonymous_7)
FN:180,(anonymous_8)
FN:208,buscarPorId
FN:243,atualizarStatus
FN:286,cancelar
FNF:11
FNH:10
FNDA:2,calcularPrecoItem
FNDA:0,(anonymous_2)
FNDA:1,(anonymous_3)
FNDA:2,(anonymous_4)
FNDA:8,criar
FNDA:3,listar
FNDA:3,(anonymous_7)
FNDA:3,(anonymous_8)
FNDA:3,buscarPorId
FNDA:7,atualizarStatus
FNDA:4,cancelar
DA:2,1
DA:3,1
DA:4,1
DA:5,1
DA:6,1
DA:32,2
DA:33,2
DA:34,2
DA:36,2
DA:37,1
DA:39,1
DA:40,1
DA:41,1
DA:42,1
DA:43,1
DA:44,1
DA:45,1
DA:51,1
DA:52,0
DA:54,0
DA:55,0
DA:57,0
DA:59,0
DA:60,0
DA:61,0
DA:64,0
DA:65,0
DA:66,0
DA:67,0
DA:73,1
DA:74,1
DA:76,1
DA:77,1
DA:79,1
DA:80,1
DA:82,1
DA:83,2
DA:87,2
DA:90,1
DA:91,8
DA:92,8
DA:93,8
DA:95,6
DA:96,6
DA:98,6
DA:99,6
DA:104,5
DA:105,1
DA:108,4
DA:109,1
DA:112,3
DA:113,1
DA:116,2
DA:118,2
DA:119,2
DA:120,2
DA:122,2
DA:134,2
DA:155,2
DA:157,2
DA:159,3
DA:160,2
DA:163,1
DA:164,1
DA:168,1
DA:170,1
DA:171,3
DA:172,3
DA:174,3
DA:179,3
DA:180,3
DA:185,3
DA:201,2
DA:203,1
DA:204,1
DA:208,1
DA:209,3
DA:210,3
DA:212,3
DA:226,2
DA:228,1
DA:230,1
DA:231,1
DA:235,1
DA:243,1
DA:244,7
DA:245,7
DA:246,7
DA:248,6
DA:249,1
DA:252,5
DA:254,5
DA:255,4
DA:257,3
DA:258,3
DA:259,1
DA:265,2
DA:273,2
DA:275,2
DA:277,2
DA:278,1
DA:281,1
DA:282,1
DA:286,1
DA:287,4
DA:288,4
DA:290,4
DA:291,3
DA:293,2
DA:294,1
DA:299,1
DA:304,1
DA:306,1
DA:307,1
LF:114
LH:103
BRDA:36,0,0,1
BRDA:36,0,1,1
BRDA:39,1,0,1
BRDA:42,2,0,1
BRDA:51,3,0,0
BRDA:51,3,1,1
BRDA:52,4,0,0
BRDA:55,5,0,0
BRDA:59,6,0,0
BRDA:64,7,0,0
BRDA:73,8,0,1
BRDA:74,9,0,0
BRDA:77,10,0,0
BRDA:79,11,0,1
BRDA:79,11,1,0
BRDA:82,12,0,1
BRDA:104,13,0,1
BRDA:108,14,0,1
BRDA:108,15,0,4
BRDA:108,15,1,3
BRDA:112,16,0,1
BRDA:112,17,0,3
BRDA:112,17,1,2
BRDA:112,17,2,2
BRDA:127,18,0,2
BRDA:127,18,1,1
BRDA:128,19,0,2
BRDA:128,19,1,2
BRDA:137,20,0,2
BRDA:137,20,1,1
BRDA:138,21,0,2
BRDA:138,21,1,2
BRDA:159,22,0,2
BRDA:172,23,0,2
BRDA:174,24,0,1
BRDA:174,24,1,2
BRDA:226,25,0,1
BRDA:248,26,0,1
BRDA:255,27,0,1
BRDA:257,28,0,3
BRDA:257,28,1,0
BRDA:258,29,0,1
BRDA:269,30,0,1
BRDA:269,30,1,1
BRDA:277,31,0,1
BRDA:291,32,0,1
BRDA:293,33,0,1
BRF:47
BRH:38
end_of_record
TN:
SF:src\controllers\produtoController.ts
FN:22,listar
FN:52,buscarPorId
FN:72,criar
FN:107,(anonymous_4)
FN:117,(anonymous_5)
FN:143,editar
FN:194,(anonymous_7)
FN:205,(anonymous_8)
FN:232,alternarDisponibilidade
FN:264,desativar
FNF:10
FNH:8
FNDA:3,listar
FNDA:3,buscarPorId
FNDA:10,criar
FNDA:2,(anonymous_4)
FNDA:1,(anonymous_5)
FNDA:6,editar
FNDA:0,(anonymous_7)
FNDA:0,(anonymous_8)
FNDA:5,alternarDisponibilidade
FNDA:3,desativar
DA:3,1
DA:4,1
DA:5,1
DA:8,1
DA:22,1
DA:23,3
DA:24,3
DA:26,3
DA:28,3
DA:29,0
DA:32,3
DA:33,1
DA:36,3
DA:45,2
DA:47,1
DA:48,1
DA:52,1
DA:53,3
DA:54,3
DA:56,3
DA:61,2
DA:62,1
DA:65,1
DA:67,1
DA:68,1
DA:72,1
DA:73,10
DA:84,10
DA:86,4
DA:90,4
DA:91,1
DA:94,3
DA:107,2
DA:117,1
DA:127,3
DA:132,2
DA:134,7
DA:135,6
DA:138,1
DA:139,1
DA:143,1
DA:144,6
DA:145,6
DA:156,6
DA:158,4
DA:160,3
DA:161,1
DA:164,2
DA:165,2
DA:169,2
DA:170,1
DA:174,1
DA:194,0
DA:205,0
DA:215,1
DA:221,1
DA:223,3
DA:224,2
DA:227,1
DA:228,1
DA:232,1
DA:233,5
DA:234,5
DA:236,5
DA:238,4
DA:239,1
DA:242,3
DA:243,1
DA:246,2
DA:252,2
DA:259,1
DA:260,1
DA:264,1
DA:265,3
DA:266,3
DA:268,3
DA:270,2
DA:271,1
DA:274,1
DA:279,1
DA:281,1
DA:282,1
LF:82
LH:79
BRDA:28,0,0,0
BRDA:32,1,0,1
BRDA:61,2,0,1
BRDA:90,3,0,1
BRDA:96,4,0,3
BRDA:96,4,1,3
BRDA:97,5,0,3
BRDA:97,5,1,3
BRDA:98,6,0,3
BRDA:98,6,1,1
BRDA:102,7,0,3
BRDA:102,7,1,3
BRDA:104,8,0,1
BRDA:104,8,1,2
BRDA:104,9,0,3
BRDA:104,9,1,1
BRDA:109,10,0,2
BRDA:109,10,1,0
BRDA:114,11,0,1
BRDA:114,11,1,2
BRDA:114,12,0,3
BRDA:114,12,1,1
BRDA:134,13,0,6
BRDA:160,14,0,1
BRDA:164,15,0,2
BRDA:169,16,0,1
BRDA:175,17,0,1
BRDA:175,17,1,0
BRDA:176,18,0,0
BRDA:176,18,1,1
BRDA:177,19,0,0
BRDA:177,19,1,1
BRDA:178,20,0,0
BRDA:178,20,1,1
BRDA:178,21,0,0
BRDA:178,21,1,0
BRDA:179,22,0,1
BRDA:179,22,1,0
BRDA:186,23,0,1
BRDA:186,23,1,0
BRDA:190,24,0,0
BRDA:190,24,1,1
BRDA:190,25,0,1
BRDA:190,25,1,0
BRDA:196,26,0,0
BRDA:196,26,1,0
BRDA:201,27,0,0
BRDA:201,27,1,1
BRDA:223,28,0,2
BRDA:238,29,0,1
BRDA:242,30,0,1
BRDA:253,31,0,1
BRDA:253,31,1,1
BRDA:270,32,0,1
BRF:54
BRH:39
end_of_record
TN:
SF:src\controllers\relatorioController.ts
FN:10,resumoDia
FN:28,(anonymous_2)
FN:29,(anonymous_3)
FN:32,(anonymous_4)
FN:40,(anonymous_5)
FN:42,(anonymous_6)
FN:68,faturamentoPeriodo
FN:100,(anonymous_8)
FN:101,(anonymous_9)
FN:103,(anonymous_10)
FN:110,(anonymous_11)
FN:129,(anonymous_12)
FN:148,rankingProdutos
FN:183,(anonymous_14)
FN:194,(anonymous_15)
FN:199,(anonymous_16)
FN:216,pedidosPorAtendente
FN:249,(anonymous_18)
FN:251,(anonymous_19)
FN:252,(anonymous_20)
FN:253,(anonymous_21)
FN:268,(anonymous_22)
FN:282,pedidosPorStatus
FN:303,(anonymous_24)
FN:322,taxaCancelamento
FN:361,comparativoSemanal
FN:378,resumoSemana
FN:382,(anonymous_28)
FNF:28
FNH:28
FNDA:3,resumoDia
FNDA:3,(anonymous_2)
FNDA:3,(anonymous_3)
FNDA:2,(anonymous_4)
FNDA:2,(anonymous_5)
FNDA:2,(anonymous_6)
FNDA:4,faturamentoPeriodo
FNDA:2,(anonymous_8)
FNDA:2,(anonymous_9)
FNDA:1,(anonymous_10)
FNDA:1,(anonymous_11)
FNDA:1,(anonymous_12)
FNDA:3,rankingProdutos
FNDA:3,(anonymous_14)
FNDA:2,(anonymous_15)
FNDA:1,(anonymous_16)
FNDA:2,pedidosPorAtendente
FNDA:2,(anonymous_18)
FNDA:5,(anonymous_19)
FNDA:5,(anonymous_20)
FNDA:4,(anonymous_21)
FNDA:1,(anonymous_22)
FNDA:3,pedidosPorStatus
FNDA:10,(anonymous_24)
FNDA:3,taxaCancelamento
FNDA:3,comparativoSemanal
FNDA:6,resumoSemana
FNDA:4,(anonymous_28)
DA:3,1
DA:10,1
DA:11,3
DA:12,3
DA:15,3
DA:16,3
DA:17,3
DA:18,3
DA:20,3
DA:27,2
DA:28,3
DA:29,3
DA:32,2
DA:35,2
DA:40,2
DA:41,2
DA:43,2
DA:44,2
DA:48,2
DA:58,1
DA:59,1
DA:68,1
DA:69,4
DA:70,4
DA:73,4
DA:74,1
DA:79,3
DA:80,3
DA:81,3
DA:82,3
DA:85,3
DA:86,1
DA:89,2
DA:100,2
DA:101,2
DA:103,1
DA:104,1
DA:109,1
DA:110,1
DA:111,1
DA:112,1
DA:115,1
DA:129,1
DA:138,1
DA:139,1
DA:148,1
DA:149,3
DA:150,3
DA:153,3
DA:157,3
DA:158,1
DA:159,1
DA:160,1
DA:161,1
DA:163,1
DA:169,3
DA:181,2
DA:183,2
DA:184,3
DA:185,3
DA:186,2
DA:188,3
DA:189,3
DA:193,2
DA:194,2
DA:199,1
DA:201,2
DA:206,1
DA:207,1
DA:216,1
DA:217,2
DA:218,2
DA:220,2
DA:222,2
DA:223,0
DA:224,0
DA:225,0
DA:226,0
DA:227,0
DA:231,2
DA:249,1
DA:250,2
DA:251,5
DA:252,5
DA:253,4
DA:255,2
DA:268,1
DA:270,1
DA:272,1
DA:273,1
DA:282,1
DA:283,3
DA:284,3
DA:287,3
DA:288,3
DA:289,3
DA:290,3
DA:291,3
DA:293,3
DA:294,3
DA:297,3
DA:298,11
DA:303,10
DA:305,2
DA:311,1
DA:312,1
DA:322,1
DA:323,3
DA:324,3
DA:326,3
DA:328,3
DA:329,1
DA:330,1
DA:331,1
DA:332,1
DA:333,1
DA:336,3
DA:337,2
DA:340,2
DA:344,2
DA:351,1
DA:352,1
DA:361,1
DA:362,3
DA:363,3
DA:366,3
DA:367,3
DA:368,3
DA:369,3
DA:372,3
DA:373,3
DA:374,3
DA:375,3
DA:379,6
DA:382,4
DA:383,4
DA:393,3
DA:399,2
DA:403,2
DA:417,1
DA:418,1
LF:141
LH:136
BRDA:35,0,0,1
BRDA:35,0,1,1
BRDA:41,1,0,1
BRDA:41,1,1,1
BRDA:73,2,0,1
BRDA:73,3,0,4
BRDA:73,3,1,3
BRDA:85,4,0,1
BRDA:85,5,0,3
BRDA:85,5,1,2
BRDA:104,6,0,1
BRDA:104,6,1,0
BRDA:112,7,0,1
BRDA:112,7,1,1
BRDA:157,8,0,1
BRDA:157,9,0,3
BRDA:157,9,1,1
BRDA:185,10,0,2
BRDA:222,11,0,0
BRDA:222,12,0,2
BRDA:222,12,1,0
BRDA:287,13,0,1
BRDA:287,13,1,2
BRDA:328,14,0,1
BRDA:328,15,0,3
BRDA:328,15,1,1
BRDA:340,16,0,1
BRDA:340,16,1,1
BRDA:345,17,0,1
BRDA:345,17,1,1
BRDA:345,18,0,2
BRDA:345,18,1,1
BRDA:366,19,0,0
BRDA:366,19,1,3
BRDA:386,20,0,3
BRDA:386,20,1,1
BRDA:399,21,0,1
BRDA:399,21,1,1
BRF:38
BRH:34
end_of_record
TN:
SF:src\controllers\usuarioController.ts
FN:12,listar
FN:35,criar
FN:76,atualizar
FN:122,deletar
FNF:4
FNH:4
FNDA:4,listar
FNDA:10,criar
FNDA:8,atualizar
FNDA:6,deletar
DA:2,2
DA:3,2
DA:4,2
DA:5,2
DA:12,2
DA:13,4
DA:14,4
DA:26,2
DA:28,2
DA:35,2
DA:36,10
DA:37,10
DA:39,8
DA:40,6
DA:41,2
DA:44,4
DA:46,4
DA:63,4
DA:65,4
DA:66,2
DA:69,2
DA:76,2
DA:77,8
DA:78,8
DA:79,8
DA:81,8
DA:82,6
DA:83,2
DA:86,4
DA:87,4
DA:88,4
DA:89,4
DA:90,4
DA:92,4
DA:93,2
DA:96,4
DA:109,4
DA:111,2
DA:112,0
DA:115,2
DA:122,2
DA:123,6
DA:124,6
DA:126,6
DA:127,4
DA:128,2
DA:131,2
DA:133,2
DA:135,2
DA:136,2
LF:50
LH:49
BRDA:40,0,0,2
BRDA:51,1,0,4
BRDA:51,1,1,2
BRDA:65,2,0,2
BRDA:82,3,0,2
BRDA:87,4,0,2
BRDA:88,5,0,0
BRDA:89,6,0,0
BRDA:90,7,0,0
BRDA:92,8,0,2
BRDA:111,9,0,0
BRDA:127,10,0,2
BRF:12
BRH:8
end_of_record
TN:
SF:src\docs\swagger.ts
FNF:0
FNH:0
DA:1,0
DA:3,0
LF:2
LH:0
BRF:0
BRH:0
end_of_record
TN:
SF:src\middlewares\auth.ts
FN:11,autenticar
FNF:1
FNH:1
FNDA:4,autenticar
DA:2,1
DA:11,1
DA:12,4
DA:13,4
DA:15,4
DA:16,1
DA:21,3
DA:23,3
DA:24,1
DA:29,2
DA:34,1
DA:39,1
DA:41,1
LF:13
LH:13
BRDA:15,0,0,1
BRDA:23,1,0,1
BRDA:31,2,0,2
BRDA:31,2,1,2
BRF:4
BRH:4
end_of_record
TN:
SF:src\middlewares\checkRole.ts
FN:12,checkRole
FN:13,(anonymous_1)
FNF:2
FNH:2
FNDA:3,checkRole
FNDA:3,(anonymous_1)
DA:12,1
DA:13,3
DA:14,3
DA:16,3
DA:17,1
DA:22,2
DA:24,2
DA:25,1
DA:30,1
LF:9
LH:9
BRDA:16,0,0,1
BRDA:24,1,0,1
BRF:2
BRH:2
end_of_record
TN:
SF:src\middlewares\errorHandler.ts
FN:8,errorHandler
FNF:1
FNH:1
FNDA:1,errorHandler
DA:8,1
DA:14,1
DA:16,1
LF:3
LH:3
BRF:0
BRH:0
end_of_record
TN:
SF:src\middlewares\rateLimit.ts
FNF:0
FNH:0
DA:1,0
DA:3,0
DA:13,0
LF:3
LH:0
BRF:0
BRH:0
end_of_record
TN:
SF:src\modules\dashboard\dashboard.controller.ts
FN:13,metricasHoje
FN:26,resumoGeral
FN:39,topProdutos
FN:52,faturamentoPeriodo
FNF:4
FNH:4
FNDA:2,metricasHoje
FNDA:2,resumoGeral
FNDA:2,topProdutos
FNDA:4,faturamentoPeriodo
DA:2,1
DA:13,1
DA:14,2
DA:15,2
DA:16,1
DA:18,1
DA:26,1
DA:27,2
DA:28,2
DA:29,1
DA:31,1
DA:39,1
DA:40,2
DA:41,2
DA:42,1
DA:44,1
DA:52,1
DA:53,4
DA:56,4
DA:57,1
DA:60,3
DA:61,3
DA:62,2
DA:64,1
LF:24
LH:24
BRDA:53,0,0,4
BRDA:53,0,1,1
BRDA:56,1,0,1
BRF:3
BRH:3
end_of_record
TN:
SF:src\modules\dashboard\dashboard.service.ts
FN:8,getMetricasHoje
FN:25,(anonymous_2)
FN:53,getResumoGeral
FN:92,getTopProdutos
FN:104,(anonymous_5)
FN:113,(anonymous_6)
FN:114,(anonymous_7)
FN:127,getFaturamentoPeriodo
FN:149,(anonymous_9)
FN:160,(anonymous_10)
FNF:10
FNH:10
FNDA:2,getMetricasHoje
FNDA:2,(anonymous_2)
FNDA:2,getResumoGeral
FNDA:2,getTopProdutos
FNDA:3,(anonymous_5)
FNDA:3,(anonymous_6)
FNDA:3,(anonymous_7)
FNDA:2,getFaturamentoPeriodo
FNDA:3,(anonymous_9)
FNDA:2,(anonymous_10)
DA:1,1
DA:8,1
DA:9,2
DA:10,2
DA:12,2
DA:13,2
DA:16,2
DA:24,2
DA:25,2
DA:29,2
DA:36,2
DA:40,2
DA:53,1
DA:55,2
DA:79,2
DA:92,1
DA:94,2
DA:104,3
DA:107,2
DA:113,2
DA:114,3
DA:115,3
DA:127,1
DA:128,2
DA:130,2
DA:131,2
DA:132,2
DA:134,2
DA:147,2
DA:149,2
DA:150,3
DA:153,3
DA:154,3
DA:160,2
LF:34
LH:34
BRDA:36,0,0,1
BRDA:36,0,1,1
BRDA:81,1,0,2
BRDA:81,1,1,1
BRDA:116,2,0,3
BRDA:116,2,1,1
BRDA:117,3,0,3
BRDA:117,3,1,1
BRDA:128,4,0,1
BRDA:128,4,1,1
BRDA:128,5,0,1
BRDA:128,5,1,0
BRDA:153,6,0,3
BRDA:153,6,1,2
BRF:14
BRH:13
end_of_record
TN:
SF:src\validators\adicionalSchemas.ts
FN:23,(anonymous_0)
FNF:1
FNH:1
FNDA:4,(anonymous_0)
DA:1,1
DA:8,1
DA:13,1
DA:23,1
DA:24,4
DA:25,1
DA:35,1
LF:7
LH:7
BRDA:24,0,0,1
BRDA:24,1,0,4
BRDA:24,1,1,4
BRF:3
BRH:3
end_of_record
TN:
SF:src\validators\authSchemas.ts
FNF:0
FNH:0
DA:1,1
DA:3,1
DA:15,1
DA:35,1
LF:4
LH:4
BRF:0
BRH:0
end_of_record
TN:
SF:src\validators\categoriaSchemas.ts
FN:12,(anonymous_0)
FNF:1
FNH:1
FNDA:8,(anonymous_0)
DA:1,1
DA:10,1
DA:12,8
LF:3
LH:3
BRDA:12,0,0,6
BRDA:12,0,1,2
BRDA:12,1,0,2
BRDA:12,1,1,2
BRF:4
BRH:4
end_of_record
TN:
SF:src\validators\pedidoSchemas.ts
FN:8,(anonymous_0)
FN:17,(anonymous_1)
FN:47,(anonymous_2)
FNF:3
FNH:3
FNDA:7,(anonymous_0)
FNDA:7,(anonymous_1)
FNDA:7,(anonymous_2)
DA:1,1
DA:5,1
DA:9,7
DA:10,7
DA:15,1
DA:17,7
DA:33,1
DA:45,1
DA:47,7
LF:9
LH:9
BRDA:10,0,0,7
BRDA:10,0,1,7
BRDA:17,1,0,7
BRDA:17,1,1,0
BRDA:47,2,0,7
BRDA:47,2,1,1
BRF:6
BRH:5
end_of_record
TN:
SF:src\validators\produtoSchemas.ts
FN:8,parsePreco
FN:41,(anonymous_1)
FN:100,(anonymous_2)
FNF:3
FNH:3
FNDA:13,parsePreco
FNDA:10,(anonymous_1)
FNDA:6,(anonymous_2)
DA:1,1
DA:4,1
DA:5,1
DA:8,1
DA:9,13
DA:10,11
DA:11,11
DA:12,9
DA:19,1
DA:24,1
DA:41,1
DA:42,10
DA:43,1
DA:47,1
DA:50,9
DA:51,1
DA:55,1
DA:58,8
DA:59,4
DA:60,1
DA:64,1
DA:68,7
DA:69,4
DA:70,1
DA:74,1
DA:77,3
DA:78,4
DA:79,1
DA:83,1
DA:85,3
DA:86,1
DA:90,1
DA:100,1
DA:101,6
DA:102,1
DA:106,1
DA:109,5
DA:110,1
DA:111,1
DA:112,1
DA:116,1
DA:118,0
DA:119,0
DA:123,0
LF:44
LH:41
BRDA:9,0,0,2
BRDA:9,1,0,13
BRDA:9,1,1,11
BRDA:9,1,2,11
BRDA:11,2,0,2
BRDA:11,3,0,11
BRDA:11,3,1,9
BRDA:42,4,0,1
BRDA:42,5,0,10
BRDA:42,5,1,10
BRDA:42,5,2,9
BRDA:50,6,0,1
BRDA:58,7,0,4
BRDA:59,8,0,1
BRDA:68,9,0,4
BRDA:68,10,0,7
BRDA:68,10,1,3
BRDA:69,11,0,1
BRDA:69,12,0,4
BRDA:69,12,1,3
BRDA:78,13,0,1
BRDA:85,14,0,1
BRDA:101,15,0,1
BRDA:101,16,0,6
BRDA:101,16,1,1
BRDA:109,17,0,1
BRDA:111,18,0,1
BRDA:118,19,0,0
BRF:28
BRH:27
end_of_record
TN:
SF:src\validators\usuarioSchemas.ts
FN:16,(anonymous_0)
FNF:1
FNH:1
FNDA:10,(anonymous_0)
DA:1,2
DA:3,2
DA:5,2
DA:16,2
DA:17,10
DA:18,2
DA:28,2
LF:7
LH:7
BRDA:17,0,0,2
BRDA:17,1,0,10
BRDA:17,1,1,10
BRDA:17,1,2,8
BRF:4
BRH:4
end_of_record
