TN:
SF:src\controllers\adicionalController.ts
FN:12,listar
FN:31,buscarPorId
FN:55,criar
FN:69,(anonymous_4)
FN:93,editar
FN:111,(anonymous_6)
FN:135,desativar
FNF:7
FNH:7
FNDA:2,listar
FNDA:3,buscarPorId
FNDA:4,criar
FNDA:2,(anonymous_4)
FNDA:3,editar
FNDA:1,(anonymous_6)
FNDA:3,desativar
DA:2,1
DA:12,1
DA:13,2
DA:14,2
DA:22,1
DA:24,1
DA:31,1
DA:32,3
DA:33,3
DA:35,3
DA:42,2
DA:43,1
DA:46,1
DA:48,1
DA:55,1
DA:56,4
DA:57,4
DA:59,4
DA:60,1
DA:63,3
DA:69,2
DA:81,2
DA:86,1
DA:93,1
DA:94,3
DA:95,3
DA:96,3
DA:98,3
DA:99,2
DA:100,1
DA:103,1
DA:111,1
DA:123,1
DA:128,1
DA:135,1
DA:136,3
DA:137,3
DA:139,3
DA:140,2
DA:141,1
DA:144,1
DA:149,1
DA:151,1
LF:43
LH:43
BRDA:42,0,0,1
BRDA:59,1,0,1
BRDA:59,2,0,4
BRDA:59,2,1,4
BRDA:67,3,0,3
BRDA:67,3,1,1
BRDA:67,3,2,1
BRDA:99,4,0,1
BRDA:106,5,0,1
BRDA:106,5,1,1
BRDA:107,6,0,1
BRDA:107,6,1,0
BRDA:108,7,0,1
BRDA:108,7,1,1
BRDA:108,7,2,1
BRDA:140,8,0,1
BRF:16
BRH:15
end_of_record
TN:
SF:src\controllers\authController.ts
FN:10,listarFuncionarios
FN:28,cadastrar
FN:68,login
FN:119,editarFuncionario
FN:155,deletarFuncionario
FNF:5
FNH:5
FNDA:2,listarFuncionarios
FNDA:5,cadastrar
FNDA:6,login
FNDA:3,editarFuncionario
FNDA:2,deletarFuncionario
DA:2,1
DA:3,1
DA:4,1
DA:10,1
DA:11,2
DA:12,2
DA:18,1
DA:20,1
DA:28,1
DA:29,5
DA:30,5
DA:33,5
DA:34,1
DA:38,4
DA:39,3
DA:40,1
DA:44,2
DA:46,2
DA:57,2
DA:59,1
DA:68,1
DA:69,6
DA:70,6
DA:72,6
DA:73,1
DA:76,5
DA:79,4
DA:80,1
DA:84,3
DA:85,1
DA:88,2
DA:89,2
DA:90,1
DA:94,1
DA:100,1
DA:111,1
DA:119,1
DA:120,3
DA:121,3
DA:122,3
DA:131,3
DA:134,3
DA:135,1
DA:138,3
DA:144,2
DA:146,1
DA:155,1
DA:156,2
DA:157,2
DA:159,2
DA:161,1
DA:163,1
LF:52
LH:52
BRDA:33,0,0,1
BRDA:33,1,0,5
BRDA:33,1,1,5
BRDA:33,1,2,4
BRDA:39,2,0,1
BRDA:52,3,0,2
BRDA:52,3,1,1
BRDA:72,4,0,1
BRDA:72,5,0,6
BRDA:72,5,1,5
BRDA:79,6,0,1
BRDA:84,7,0,1
BRDA:89,8,0,1
BRDA:96,9,0,1
BRDA:96,9,1,1
BRDA:134,10,0,1
BRF:16
BRH:16
end_of_record
TN:
SF:src\controllers\categoriaController.ts
FN:8,listar
FN:26,criar
FN:62,editar
FN:99,desativar
FNF:4
FNH:4
FNDA:2,listar
FNDA:4,criar
FNDA:4,editar
FNDA:4,desativar
DA:2,1
DA:8,1
DA:9,2
DA:10,2
DA:15,1
DA:18,1
DA:26,1
DA:27,4
DA:28,4
DA:30,4
DA:31,1
DA:34,3
DA:38,2
DA:39,1
DA:44,1
DA:48,1
DA:54,1
DA:62,1
DA:63,4
DA:65,4
DA:66,4
DA:68,4
DA:69,1
DA:72,3
DA:76,2
DA:77,1
DA:80,1
DA:85,1
DA:91,1
DA:99,1
DA:100,4
DA:102,4
DA:104,4
DA:108,3
DA:109,1
DA:112,2
DA:119,2
DA:120,1
DA:125,1
DA:130,1
DA:133,1
LF:41
LH:41
BRDA:30,0,0,1
BRDA:38,1,0,1
BRDA:68,2,0,1
BRDA:76,3,0,1
BRDA:108,4,0,1
BRDA:119,5,0,1
BRF:6
BRH:6
end_of_record
TN:
SF:src\controllers\pedidoController.ts
FN:35,calcularPrecoItem
FN:60,(anonymous_2)
FN:84,(anonymous_3)
FN:91,(anonymous_4)
FN:103,criar
FN:196,listar
FN:207,(anonymous_7)
FN:208,(anonymous_8)
FN:240,buscarPorId
FN:282,atualizarStatus
FN:329,cancelar
FNF:11
FNH:10
FNDA:3,calcularPrecoItem
FNDA:0,(anonymous_2)
FNDA:1,(anonymous_3)
FNDA:2,(anonymous_4)
FNDA:8,criar
FNDA:3,listar
FNDA:3,(anonymous_7)
FNDA:3,(anonymous_8)
FNDA:3,buscarPorId
FNDA:7,atualizarStatus
FNDA:4,cancelar
DA:2,1
DA:3,1
DA:4,1
DA:36,3
DA:37,3
DA:38,3
DA:40,3
DA:42,2
DA:44,2
DA:45,1
DA:46,1
DA:47,1
DA:48,1
DA:49,1
DA:50,1
DA:56,1
DA:57,0
DA:60,0
DA:61,0
DA:63,0
DA:66,0
DA:67,0
DA:68,0
DA:71,0
DA:72,0
DA:73,0
DA:74,0
DA:80,1
DA:81,1
DA:84,1
DA:85,1
DA:87,1
DA:88,1
DA:90,1
DA:91,2
DA:95,3
DA:103,1
DA:104,8
DA:105,8
DA:106,8
DA:109,8
DA:110,1
DA:113,7
DA:114,7
DA:116,7
DA:117,7
DA:122,6
DA:123,1
DA:127,5
DA:128,1
DA:132,4
DA:133,1
DA:136,3
DA:138,3
DA:139,3
DA:140,1
DA:143,2
DA:144,2
DA:146,2
DA:158,2
DA:180,2
DA:182,2
DA:184,1
DA:185,1
DA:194,1
DA:196,1
DA:197,3
DA:198,3
DA:202,3
DA:207,3
DA:208,3
DA:213,3
DA:229,2
DA:231,1
DA:232,1
DA:240,1
DA:241,3
DA:242,3
DA:244,3
DA:258,2
DA:260,1
DA:262,1
DA:263,1
DA:274,1
DA:282,1
DA:283,7
DA:284,7
DA:285,7
DA:287,7
DA:289,6
DA:290,1
DA:293,5
DA:294,4
DA:297,3
DA:298,3
DA:299,1
DA:305,2
DA:315,2
DA:317,2
DA:319,1
DA:320,1
DA:329,1
DA:330,4
DA:331,4
DA:333,4
DA:334,3
DA:337,2
DA:338,1
DA:343,1
DA:348,1
DA:350,1
DA:351,1
LF:112
LH:101
BRDA:40,0,0,2
BRDA:40,0,1,1
BRDA:44,1,0,1
BRDA:47,2,0,1
BRDA:56,3,0,0
BRDA:56,3,1,1
BRDA:57,4,0,0
BRDA:61,5,0,0
BRDA:66,6,0,0
BRDA:71,7,0,0
BRDA:80,8,0,1
BRDA:81,9,0,0
BRDA:85,10,0,0
BRDA:87,11,0,1
BRDA:87,11,1,0
BRDA:90,12,0,1
BRDA:109,13,0,1
BRDA:109,14,0,8
BRDA:109,14,1,8
BRDA:122,15,0,1
BRDA:127,16,0,1
BRDA:127,17,0,5
BRDA:127,17,1,4
BRDA:132,18,0,1
BRDA:132,19,0,4
BRDA:132,19,1,3
BRDA:132,19,2,2
BRDA:139,20,0,1
BRDA:139,21,0,3
BRDA:139,21,1,2
BRDA:151,22,0,2
BRDA:151,22,1,1
BRDA:152,23,0,2
BRDA:152,23,1,2
BRDA:161,24,0,2
BRDA:161,24,1,1
BRDA:162,25,0,2
BRDA:162,25,1,2
BRDA:198,26,0,2
BRDA:202,27,0,1
BRDA:202,27,1,2
BRDA:258,28,0,1
BRDA:287,29,0,1
BRDA:289,30,0,1
BRDA:294,31,0,1
BRDA:297,32,0,3
BRDA:297,32,1,0
BRDA:298,33,0,1
BRDA:310,34,0,1
BRDA:310,34,1,1
BRDA:334,35,0,1
BRDA:337,36,0,1
BRF:52
BRH:43
end_of_record
TN:
SF:src\controllers\produtoController.ts
FN:41,parsePreco
FN:48,listar
FN:78,buscarPorId
FN:98,criar
FN:163,(anonymous_5)
FN:173,(anonymous_6)
FN:195,editar
FN:261,(anonymous_8)
FN:272,(anonymous_9)
FN:295,alternarDisponibilidade
FN:327,desativar
FNF:11
FNH:9
FNDA:13,parsePreco
FNDA:3,listar
FNDA:3,buscarPorId
FNDA:10,criar
FNDA:2,(anonymous_5)
FNDA:1,(anonymous_6)
FNDA:6,editar
FNDA:0,(anonymous_8)
FNDA:0,(anonymous_9)
FNDA:5,alternarDisponibilidade
FNDA:3,desativar
DA:3,1
DA:23,1
DA:37,1
DA:38,1
DA:42,13
DA:43,11
DA:44,11
DA:45,9
DA:48,1
DA:49,3
DA:50,3
DA:52,3
DA:54,3
DA:55,0
DA:58,3
DA:59,1
DA:62,3
DA:71,2
DA:73,1
DA:74,1
DA:78,1
DA:79,3
DA:80,3
DA:82,3
DA:87,2
DA:88,1
DA:91,1
DA:93,1
DA:94,1
DA:98,1
DA:99,10
DA:110,10
DA:112,10
DA:113,1
DA:116,9
DA:117,1
DA:120,8
DA:121,4
DA:122,4
DA:123,1
DA:127,7
DA:128,4
DA:129,1
DA:132,3
DA:133,4
DA:134,1
DA:136,3
DA:137,1
DA:142,4
DA:146,4
DA:147,1
DA:150,3
DA:163,2
DA:173,1
DA:183,3
DA:188,2
DA:190,1
DA:191,1
DA:195,1
DA:196,6
DA:197,6
DA:208,6
DA:210,6
DA:212,5
DA:213,1
DA:216,4
DA:217,2
DA:221,2
DA:222,1
DA:226,3
DA:227,1
DA:230,2
DA:231,1
DA:232,1
DA:233,1
DA:235,0
DA:236,0
DA:241,1
DA:261,0
DA:272,0
DA:282,1
DA:288,1
DA:290,1
DA:291,1
DA:295,1
DA:296,5
DA:297,5
DA:299,5
DA:301,4
DA:302,1
DA:305,3
DA:306,1
DA:309,2
DA:315,2
DA:322,1
DA:323,1
DA:327,1
DA:328,3
DA:329,3
DA:331,3
DA:333,2
DA:334,1
DA:337,1
DA:342,1
DA:344,1
DA:345,1
LF:106
LH:101
BRDA:42,0,0,2
BRDA:42,1,0,13
BRDA:42,1,1,11
BRDA:42,1,2,11
BRDA:44,2,0,2
BRDA:44,3,0,11
BRDA:44,3,1,9
BRDA:54,4,0,0
BRDA:58,5,0,1
BRDA:87,6,0,1
BRDA:112,7,0,1
BRDA:112,8,0,10
BRDA:112,8,1,10
BRDA:112,8,2,9
BRDA:116,9,0,1
BRDA:120,10,0,4
BRDA:122,11,0,1
BRDA:127,12,0,4
BRDA:127,13,0,7
BRDA:127,13,1,3
BRDA:128,14,0,1
BRDA:128,15,0,4
BRDA:128,15,1,3
BRDA:133,16,0,1
BRDA:136,17,0,1
BRDA:146,18,0,1
BRDA:152,19,0,3
BRDA:152,19,1,3
BRDA:153,20,0,3
BRDA:153,20,1,3
BRDA:154,21,0,3
BRDA:154,21,1,1
BRDA:158,22,0,3
BRDA:158,22,1,3
BRDA:160,23,0,1
BRDA:160,23,1,2
BRDA:160,24,0,3
BRDA:160,24,1,1
BRDA:165,25,0,2
BRDA:165,25,1,0
BRDA:170,26,0,1
BRDA:170,26,1,2
BRDA:170,27,0,3
BRDA:170,27,1,1
BRDA:212,28,0,1
BRDA:216,29,0,2
BRDA:221,30,0,1
BRDA:226,31,0,1
BRDA:226,32,0,3
BRDA:226,32,1,1
BRDA:230,33,0,1
BRDA:232,34,0,1
BRDA:235,35,0,0
BRDA:242,36,0,1
BRDA:242,36,1,0
BRDA:243,37,0,0
BRDA:243,37,1,1
BRDA:244,38,0,0
BRDA:244,38,1,1
BRDA:245,39,0,0
BRDA:245,39,1,1
BRDA:245,40,0,0
BRDA:245,40,1,0
BRDA:246,41,0,1
BRDA:246,41,1,0
BRDA:253,42,0,1
BRDA:253,42,1,0
BRDA:257,43,0,0
BRDA:257,43,1,1
BRDA:257,44,0,1
BRDA:257,44,1,0
BRDA:263,45,0,0
BRDA:263,45,1,0
BRDA:268,46,0,0
BRDA:268,46,1,1
BRDA:301,47,0,1
BRDA:305,48,0,1
BRDA:316,49,0,1
BRDA:316,49,1,1
BRDA:333,50,0,1
BRF:80
BRH:64
end_of_record
TN:
SF:src\controllers\relatorioController.ts
FN:10,resumoDia
FN:28,(anonymous_2)
FN:29,(anonymous_3)
FN:32,(anonymous_4)
FN:40,(anonymous_5)
FN:42,(anonymous_6)
FN:68,faturamentoPeriodo
FN:100,(anonymous_8)
FN:101,(anonymous_9)
FN:103,(anonymous_10)
FN:110,(anonymous_11)
FN:129,(anonymous_12)
FN:148,rankingProdutos
FN:183,(anonymous_14)
FN:194,(anonymous_15)
FN:199,(anonymous_16)
FN:216,pedidosPorAtendente
FN:249,(anonymous_18)
FN:251,(anonymous_19)
FN:252,(anonymous_20)
FN:253,(anonymous_21)
FN:268,(anonymous_22)
FN:282,pedidosPorStatus
FN:303,(anonymous_24)
FN:322,taxaCancelamento
FN:361,comparativoSemanal
FN:378,resumoSemana
FN:382,(anonymous_28)
FNF:28
FNH:28
FNDA:3,resumoDia
FNDA:3,(anonymous_2)
FNDA:3,(anonymous_3)
FNDA:2,(anonymous_4)
FNDA:2,(anonymous_5)
FNDA:2,(anonymous_6)
FNDA:4,faturamentoPeriodo
FNDA:2,(anonymous_8)
FNDA:2,(anonymous_9)
FNDA:1,(anonymous_10)
FNDA:1,(anonymous_11)
FNDA:1,(anonymous_12)
FNDA:3,rankingProdutos
FNDA:3,(anonymous_14)
FNDA:2,(anonymous_15)
FNDA:1,(anonymous_16)
FNDA:2,pedidosPorAtendente
FNDA:2,(anonymous_18)
FNDA:5,(anonymous_19)
FNDA:5,(anonymous_20)
FNDA:4,(anonymous_21)
FNDA:1,(anonymous_22)
FNDA:3,pedidosPorStatus
FNDA:10,(anonymous_24)
FNDA:3,taxaCancelamento
FNDA:3,comparativoSemanal
FNDA:6,resumoSemana
FNDA:4,(anonymous_28)
DA:3,1
DA:10,1
DA:11,3
DA:12,3
DA:15,3
DA:16,3
DA:17,3
DA:18,3
DA:20,3
DA:27,2
DA:28,3
DA:29,3
DA:32,2
DA:35,2
DA:40,2
DA:41,2
DA:43,2
DA:44,2
DA:48,2
DA:58,1
DA:59,1
DA:68,1
DA:69,4
DA:70,4
DA:73,4
DA:74,1
DA:79,3
DA:80,3
DA:81,3
DA:82,3
DA:85,3
DA:86,1
DA:89,2
DA:100,2
DA:101,2
DA:103,1
DA:104,1
DA:109,1
DA:110,1
DA:111,1
DA:112,1
DA:115,1
DA:129,1
DA:138,1
DA:139,1
DA:148,1
DA:149,3
DA:150,3
DA:153,3
DA:157,3
DA:158,1
DA:159,1
DA:160,1
DA:161,1
DA:163,1
DA:169,3
DA:181,2
DA:183,2
DA:184,3
DA:185,3
DA:186,2
DA:188,3
DA:189,3
DA:193,2
DA:194,2
DA:199,1
DA:201,2
DA:206,1
DA:207,1
DA:216,1
DA:217,2
DA:218,2
DA:220,2
DA:222,2
DA:223,0
DA:224,0
DA:225,0
DA:226,0
DA:227,0
DA:231,2
DA:249,1
DA:250,2
DA:251,5
DA:252,5
DA:253,4
DA:255,2
DA:268,1
DA:270,1
DA:272,1
DA:273,1
DA:282,1
DA:283,3
DA:284,3
DA:287,3
DA:288,3
DA:289,3
DA:290,3
DA:291,3
DA:293,3
DA:294,3
DA:297,3
DA:298,11
DA:303,10
DA:305,2
DA:311,1
DA:312,1
DA:322,1
DA:323,3
DA:324,3
DA:326,3
DA:328,3
DA:329,1
DA:330,1
DA:331,1
DA:332,1
DA:333,1
DA:336,3
DA:337,2
DA:340,2
DA:344,2
DA:351,1
DA:352,1
DA:361,1
DA:362,3
DA:363,3
DA:366,3
DA:367,3
DA:368,3
DA:369,3
DA:372,3
DA:373,3
DA:374,3
DA:375,3
DA:379,6
DA:382,4
DA:383,4
DA:393,3
DA:399,2
DA:403,2
DA:417,1
DA:418,1
LF:141
LH:136
BRDA:35,0,0,1
BRDA:35,0,1,1
BRDA:41,1,0,1
BRDA:41,1,1,1
BRDA:73,2,0,1
BRDA:73,3,0,4
BRDA:73,3,1,3
BRDA:85,4,0,1
BRDA:85,5,0,3
BRDA:85,5,1,2
BRDA:104,6,0,1
BRDA:104,6,1,0
BRDA:112,7,0,1
BRDA:112,7,1,1
BRDA:157,8,0,1
BRDA:157,9,0,3
BRDA:157,9,1,1
BRDA:185,10,0,2
BRDA:222,11,0,0
BRDA:222,12,0,2
BRDA:222,12,1,0
BRDA:287,13,0,1
BRDA:287,13,1,2
BRDA:328,14,0,1
BRDA:328,15,0,3
BRDA:328,15,1,1
BRDA:340,16,0,1
BRDA:340,16,1,1
BRDA:345,17,0,1
BRDA:345,17,1,1
BRDA:345,18,0,2
BRDA:345,18,1,1
BRDA:366,19,0,0
BRDA:366,19,1,3
BRDA:386,20,0,3
BRDA:386,20,1,1
BRDA:399,21,0,1
BRDA:399,21,1,1
BRF:38
BRH:34
end_of_record
TN:
SF:src\controllers\usuarioController.ts
FN:10,listar
FN:36,criar
FN:83,atualizar
FN:131,deletar
FNF:4
FNH:4
FNDA:4,listar
FNDA:10,criar
FNDA:8,atualizar
FNDA:6,deletar
DA:2,2
DA:3,2
DA:10,2
DA:11,4
DA:12,4
DA:25,2
DA:27,2
DA:36,2
DA:37,10
DA:38,10
DA:41,10
DA:42,2
DA:46,8
DA:47,6
DA:48,2
DA:52,4
DA:54,4
DA:72,4
DA:74,2
DA:83,2
DA:84,8
DA:85,8
DA:86,8
DA:89,8
DA:90,6
DA:91,2
DA:96,4
DA:97,4
DA:98,4
DA:99,4
DA:100,4
DA:103,4
DA:104,2
DA:107,4
DA:120,4
DA:122,2
DA:131,2
DA:132,6
DA:133,6
DA:136,6
DA:137,4
DA:138,2
DA:141,2
DA:143,2
DA:145,2
DA:146,2
LF:46
LH:46
BRDA:41,0,0,2
BRDA:41,1,0,10
BRDA:41,1,1,10
BRDA:41,1,2,8
BRDA:47,2,0,2
BRDA:60,3,0,4
BRDA:60,3,1,2
BRDA:90,4,0,2
BRDA:97,5,0,2
BRDA:98,6,0,0
BRDA:99,7,0,0
BRDA:100,8,0,0
BRDA:103,9,0,2
BRDA:137,10,0,2
BRF:14
BRH:11
end_of_record
TN:
SF:src\middlewares\auth.ts
FN:11,autenticar
FNF:1
FNH:1
FNDA:4,autenticar
DA:2,1
DA:11,1
DA:12,4
DA:13,4
DA:15,4
DA:16,1
DA:21,3
DA:23,3
DA:24,1
DA:29,2
DA:34,1
DA:39,1
DA:41,1
LF:13
LH:13
BRDA:15,0,0,1
BRDA:23,1,0,1
BRDA:31,2,0,2
BRDA:31,2,1,2
BRF:4
BRH:4
end_of_record
TN:
SF:src\middlewares\checkRole.ts
FN:12,checkRole
FN:13,(anonymous_1)
FNF:2
FNH:2
FNDA:3,checkRole
FNDA:3,(anonymous_1)
DA:12,1
DA:13,3
DA:14,3
DA:16,3
DA:17,1
DA:22,2
DA:24,2
DA:25,1
DA:30,1
LF:9
LH:9
BRDA:16,0,0,1
BRDA:24,1,0,1
BRF:2
BRH:2
end_of_record
TN:
SF:src\middlewares\errorHandler.ts
FN:8,errorHandler
FNF:1
FNH:1
FNDA:1,errorHandler
DA:8,1
DA:14,1
DA:16,1
LF:3
LH:3
BRF:0
BRH:0
end_of_record
TN:
SF:src\modules\dashboard\dashboard.controller.ts
FN:13,metricasHoje
FN:26,resumoGeral
FN:39,topProdutos
FN:52,faturamentoPeriodo
FNF:4
FNH:4
FNDA:2,metricasHoje
FNDA:2,resumoGeral
FNDA:2,topProdutos
FNDA:4,faturamentoPeriodo
DA:2,1
DA:13,1
DA:14,2
DA:15,2
DA:16,1
DA:18,1
DA:26,1
DA:27,2
DA:28,2
DA:29,1
DA:31,1
DA:39,1
DA:40,2
DA:41,2
DA:42,1
DA:44,1
DA:52,1
DA:53,4
DA:56,4
DA:57,1
DA:60,3
DA:61,3
DA:62,2
DA:64,1
LF:24
LH:24
BRDA:53,0,0,4
BRDA:53,0,1,1
BRDA:56,1,0,1
BRF:3
BRH:3
end_of_record
TN:
SF:src\modules\dashboard\dashboard.service.ts
FN:8,getMetricasHoje
FN:25,(anonymous_2)
FN:53,getResumoGeral
FN:92,getTopProdutos
FN:104,(anonymous_5)
FN:113,(anonymous_6)
FN:114,(anonymous_7)
FN:127,getFaturamentoPeriodo
FN:149,(anonymous_9)
FN:160,(anonymous_10)
FNF:10
FNH:10
FNDA:2,getMetricasHoje
FNDA:2,(anonymous_2)
FNDA:2,getResumoGeral
FNDA:2,getTopProdutos
FNDA:3,(anonymous_5)
FNDA:3,(anonymous_6)
FNDA:3,(anonymous_7)
FNDA:2,getFaturamentoPeriodo
FNDA:3,(anonymous_9)
FNDA:2,(anonymous_10)
DA:1,1
DA:8,1
DA:9,2
DA:10,2
DA:12,2
DA:13,2
DA:16,2
DA:24,2
DA:25,2
DA:29,2
DA:36,2
DA:40,2
DA:53,1
DA:55,2
DA:79,2
DA:92,1
DA:94,2
DA:104,3
DA:107,2
DA:113,2
DA:114,3
DA:115,3
DA:127,1
DA:128,2
DA:130,2
DA:131,2
DA:132,2
DA:134,2
DA:147,2
DA:149,2
DA:150,3
DA:153,3
DA:154,3
DA:160,2
LF:34
LH:34
BRDA:36,0,0,1
BRDA:36,0,1,1
BRDA:81,1,0,2
BRDA:81,1,1,1
BRDA:116,2,0,3
BRDA:116,2,1,1
BRDA:117,3,0,3
BRDA:117,3,1,1
BRDA:128,4,0,1
BRDA:128,4,1,1
BRDA:128,5,0,1
BRDA:128,5,1,0
BRDA:153,6,0,3
BRDA:153,6,1,2
BRF:14
BRH:13
end_of_record
